<html>
<head>
<title>TestNG:  Test</title>
<link href="../testng.css" rel="stylesheet" type="text/css" />
<link href="../my-testng.css" rel="stylesheet" type="text/css" />

<style type="text/css">
.log { display: none;} 
.stack-trace { display: none;} 
</style>
<script type="text/javascript">
<!--
function flip(e) {
  current = e.style.display;
  if (current == 'block') {
    e.style.display = 'none';
    return 0;
  }
  else {
    e.style.display = 'block';
    return 1;
  }
}

function toggleBox(szDivId, elem, msg1, msg2)
{
  var res = -1;  if (document.getElementById) {
    res = flip(document.getElementById(szDivId));
  }
  else if (document.all) {
    // this is the way old msie versions work
    res = flip(document.all[szDivId]);
  }
  if(elem) {
    if(res == 0) elem.innerHTML = msg1; else elem.innerHTML = msg2;
  }

}

function toggleAllBoxes() {
  if (document.getElementsByTagName) {
    d = document.getElementsByTagName('div');
    for (i = 0; i < d.length; i++) {
      if (d[i].className == 'log') {
        flip(d[i]);
      }
    }
  }
}

// -->
</script>

</head>
<body>
<h2 align='center'>Test</h2><table border='1' align="center">
<tr>
<td>Tests passed/Failed/Skipped:</td><td>17/7/0</td>
</tr><tr>
<td>Started on:</td><td>Tue Feb 02 15:35:50 IST 2016</td>
</tr>
<tr><td>Total time:</td><td>383 seconds (383991 ms)</td>
</tr><tr>
<td>Included groups:</td><td></td>
</tr><tr>
<td>Excluded groups:</td><td></td>
</tr>
</table><p/>
<small><i>(Hover the method name to see the test class name)</i></small><p/>
<table width='100%' border='1' class='invocation-failed'>
<tr><td colspan='4' align='center'><b>FAILED TESTS</b></td></tr>
<tr><td><b>Test method</b></td>
<td width="30%"><b>Exception</b></td>
<td width="10%"><b>Time (seconds)</b></td>
<td><b>Instance</b></td>
</tr>
<tr>
<td title='Scenario_criticality.Scenario_create.test_Invalidcurr()'><b>test_Invalidcurr</b><br>Test class: Scenario_criticality.Scenario_create<br>Parameters: RW_11, 1.0, high, high criticality, 'high'  Criticality Name already exists!</td>
<td><div><pre>org.openqa.selenium.NoSuchElementException: Unable to locate element: {&quot;method&quot;:&quot;xpath&quot;,&quot;selector&quot;:&quot;//input[@id=&apos;Criticality&apos;]&quot;}
Command duration or timeout: 10.07 seconds
For documentation on this error, please visit: http://seleniumhq.org/exceptions/no_such_element.html
Build info: version: &apos;2.44.0&apos;, revision: &apos;76d78cf323ce037c5f92db6c1bba601c2ac43ad8&apos;, time: &apos;2014-10-23 13:11:40&apos;
System info: host: &apos;DJ-PC&apos;, ip: &apos;192.168.30.1&apos;, os.name: &apos;Windows 7&apos;, os.arch: &apos;amd64&apos;, os.version: &apos;6.1&apos;, java.version: &apos;1.8.0_60&apos;
Driver info: org.openqa.selenium.firefox.FirefoxDriver
Capabilities [{applicationCacheEnabled=true, rotatable=false, handlesAlerts=true, databaseEnabled=true, version=31.0, platform=WINDOWS, nativeEvents=true, acceptSslCerts=true, webStorageEnabled=true, locationContextEnabled=true, browserName=firefox, takesScreenshot=true, javascriptEnabled=true, cssSelectorsEnabled=true}]
Session ID: f393ac98-21af-493d-85f8-3b68f57502e4
	at org.openqa.selenium.remote.ErrorHandler.createThrowable(ErrorHandler.java:204)
	at org.openqa.selenium.remote.ErrorHandler.throwIfResponseFailed(ErrorHandler.java:156)
	at org.openqa.selenium.remote.RemoteWebDriver.execute(RemoteWebDriver.java:599)
	at org.openqa.selenium.remote.RemoteWebDriver.findElement(RemoteWebDriver.java:352)
	at org.openqa.selenium.remote.RemoteWebDriver.findElementByXPath(RemoteWebDriver.java:449)
	at org.openqa.selenium.By$ByXPath.findElement(By.java:357)
	at org.openqa.selenium.remote.RemoteWebDriver.findElement(RemoteWebDriver.java:344)
	at org.openqa.selenium.support.pagefactory.DefaultElementLocator.findElement(DefaultElementLocator.java:59)
	at org.openqa.selenium.support.pagefactory.internal.LocatingElementHandler.invoke(LocatingElementHandler.java:37)
	at com.sun.proxy.$Proxy5.sendKeys(Unknown Source)
	at PageObject_criticality.Pageobject_create.entercritiname(Unknown Source)
	at PageObject_criticality.Pageobject_create.Commonprocesscriti(Unknown Source)
	at Scenario_criticality.Scenario_create.test_Invalidcurr(Unknown Source)
Caused by: org.openqa.selenium.NoSuchElementException: Unable to locate element: {&quot;method&quot;:&quot;xpath&quot;,&quot;selector&quot;:&quot;//input[@id=&apos;Criticality&apos;]&quot;}
For documentation on this error, please visit: http://seleniumhq.org/exceptions/no_such_element.html
Build info: version: &apos;2.44.0&apos;, revision: &apos;76d78cf323ce037c5f92db6c1bba601c2ac43ad8&apos;, time: &apos;2014-10-23 13:11:40&apos;
System info: host: &apos;DJ-PC&apos;, ip: &apos;192.168.30.1&apos;, os.name: &apos;Windows 7&apos;, os.arch: &apos;amd64&apos;, os.version: &apos;6.1&apos;, java.version: &apos;1.8.0_60&apos;
Driver info: driver.version: unknown
	at &lt;anonymous class&gt;.FirefoxDriver.prototype.findElementInternal_(file:///C:/Users/DJ/AppData/Local/Temp/anonymous6145818196814513733webdriver-profile/extensions/fxdriver@googlecode.com/components/driver-component.js:9641:133)
	at &lt;anonymous class&gt;.fxdriver.Timer.prototype.setTimeout/&lt;.notify(file:///C:/Users/DJ/AppData/Local/Temp/anonymous6145818196814513733webdriver-profile/extensions/fxdriver@googlecode.com/components/driver-component.js:548:5)
... Removed 27 stack frames</pre></div><a href='#' onClick='toggleBox("stack-trace352776719", this, "Click to show all stack frames", "Click to hide stack frames")'>Click to show all stack frames</a>
<div class='stack-trace' id='stack-trace352776719'><pre>org.openqa.selenium.NoSuchElementException: Unable to locate element: {&quot;method&quot;:&quot;xpath&quot;,&quot;selector&quot;:&quot;//input[@id=&apos;Criticality&apos;]&quot;}
Command duration or timeout: 10.07 seconds
For documentation on this error, please visit: http://seleniumhq.org/exceptions/no_such_element.html
Build info: version: &apos;2.44.0&apos;, revision: &apos;76d78cf323ce037c5f92db6c1bba601c2ac43ad8&apos;, time: &apos;2014-10-23 13:11:40&apos;
System info: host: &apos;DJ-PC&apos;, ip: &apos;192.168.30.1&apos;, os.name: &apos;Windows 7&apos;, os.arch: &apos;amd64&apos;, os.version: &apos;6.1&apos;, java.version: &apos;1.8.0_60&apos;
Driver info: org.openqa.selenium.firefox.FirefoxDriver
Capabilities [{applicationCacheEnabled=true, rotatable=false, handlesAlerts=true, databaseEnabled=true, version=31.0, platform=WINDOWS, nativeEvents=true, acceptSslCerts=true, webStorageEnabled=true, locationContextEnabled=true, browserName=firefox, takesScreenshot=true, javascriptEnabled=true, cssSelectorsEnabled=true}]
Session ID: f393ac98-21af-493d-85f8-3b68f57502e4
	at sun.reflect.NativeConstructorAccessorImpl.newInstance0(Native Method)
	at sun.reflect.NativeConstructorAccessorImpl.newInstance(NativeConstructorAccessorImpl.java:62)
	at sun.reflect.DelegatingConstructorAccessorImpl.newInstance(DelegatingConstructorAccessorImpl.java:45)
	at java.lang.reflect.Constructor.newInstance(Constructor.java:422)
	at org.openqa.selenium.remote.ErrorHandler.createThrowable(ErrorHandler.java:204)
	at org.openqa.selenium.remote.ErrorHandler.throwIfResponseFailed(ErrorHandler.java:156)
	at org.openqa.selenium.remote.RemoteWebDriver.execute(RemoteWebDriver.java:599)
	at org.openqa.selenium.remote.RemoteWebDriver.findElement(RemoteWebDriver.java:352)
	at org.openqa.selenium.remote.RemoteWebDriver.findElementByXPath(RemoteWebDriver.java:449)
	at org.openqa.selenium.By$ByXPath.findElement(By.java:357)
	at org.openqa.selenium.remote.RemoteWebDriver.findElement(RemoteWebDriver.java:344)
	at org.openqa.selenium.support.pagefactory.DefaultElementLocator.findElement(DefaultElementLocator.java:59)
	at org.openqa.selenium.support.pagefactory.internal.LocatingElementHandler.invoke(LocatingElementHandler.java:37)
	at com.sun.proxy.$Proxy5.sendKeys(Unknown Source)
	at PageObject_criticality.Pageobject_create.entercritiname(Unknown Source)
	at PageObject_criticality.Pageobject_create.Commonprocesscriti(Unknown Source)
	at Scenario_criticality.Scenario_create.test_Invalidcurr(Unknown Source)
	at sun.reflect.NativeMethodAccessorImpl.invoke0(Native Method)
	at sun.reflect.NativeMethodAccessorImpl.invoke(NativeMethodAccessorImpl.java:62)
	at sun.reflect.DelegatingMethodAccessorImpl.invoke(DelegatingMethodAccessorImpl.java:43)
	at java.lang.reflect.Method.invoke(Method.java:497)
	at org.testng.internal.MethodInvocationHelper.invokeMethod(MethodInvocationHelper.java:84)
	at org.testng.internal.Invoker.invokeMethod(Invoker.java:714)
	at org.testng.internal.Invoker.invokeTestMethod(Invoker.java:901)
	at org.testng.internal.Invoker.invokeTestMethods(Invoker.java:1231)
	at org.testng.internal.TestMethodWorker.invokeTestMethods(TestMethodWorker.java:127)
	at org.testng.internal.TestMethodWorker.run(TestMethodWorker.java:111)
	at org.testng.TestRunner.privateRun(TestRunner.java:767)
	at org.testng.TestRunner.run(TestRunner.java:617)
	at org.testng.SuiteRunner.runTest(SuiteRunner.java:334)
	at org.testng.SuiteRunner.runSequentially(SuiteRunner.java:329)
	at org.testng.SuiteRunner.privateRun(SuiteRunner.java:291)
	at org.testng.SuiteRunner.run(SuiteRunner.java:240)
	at org.testng.SuiteRunnerWorker.runSuite(SuiteRunnerWorker.java:52)
	at org.testng.SuiteRunnerWorker.run(SuiteRunnerWorker.java:86)
	at org.testng.TestNG.runSuitesSequentially(TestNG.java:1224)
	at org.testng.TestNG.runSuitesLocally(TestNG.java:1149)
	at org.testng.TestNG.run(TestNG.java:1057)
	at org.testng.TestNG.privateMain(TestNG.java:1364)
	at org.testng.TestNG.main(TestNG.java:1333)
Caused by: org.openqa.selenium.NoSuchElementException: Unable to locate element: {&quot;method&quot;:&quot;xpath&quot;,&quot;selector&quot;:&quot;//input[@id=&apos;Criticality&apos;]&quot;}
For documentation on this error, please visit: http://seleniumhq.org/exceptions/no_such_element.html
Build info: version: &apos;2.44.0&apos;, revision: &apos;76d78cf323ce037c5f92db6c1bba601c2ac43ad8&apos;, time: &apos;2014-10-23 13:11:40&apos;
System info: host: &apos;DJ-PC&apos;, ip: &apos;192.168.30.1&apos;, os.name: &apos;Windows 7&apos;, os.arch: &apos;amd64&apos;, os.version: &apos;6.1&apos;, java.version: &apos;1.8.0_60&apos;
Driver info: driver.version: unknown
	at &lt;anonymous class&gt;.FirefoxDriver.prototype.findElementInternal_(file:///C:/Users/DJ/AppData/Local/Temp/anonymous6145818196814513733webdriver-profile/extensions/fxdriver@googlecode.com/components/driver-component.js:9641:133)
	at &lt;anonymous class&gt;.fxdriver.Timer.prototype.setTimeout/&lt;.notify(file:///C:/Users/DJ/AppData/Local/Temp/anonymous6145818196814513733webdriver-profile/extensions/fxdriver@googlecode.com/components/driver-component.js:548:5)
</pre></div></td>
<td>22</td>
<td>Scenario_criticality.Scenario_create@48eff760</td></tr>
<tr>
<td title='Scenario_currency.Scenario_del.test_valid_frstcurr_del()'><b>test_valid_frstcurr_del</b><br>Test class: Scenario_currency.Scenario_del<br>Parameters: RW_08, 1.0, Deleted</td>
<td><div><pre>java.lang.NullPointerException
	at Scenario_currency.Scenario_del.test_valid_frstcurr_del(Unknown Source)
... Removed 23 stack frames</pre></div><a href='#' onClick='toggleBox("stack-trace649769713", this, "Click to show all stack frames", "Click to hide stack frames")'>Click to show all stack frames</a>
<div class='stack-trace' id='stack-trace649769713'><pre>java.lang.NullPointerException
	at Scenario_currency.Scenario_del.test_valid_frstcurr_del(Unknown Source)
	at sun.reflect.NativeMethodAccessorImpl.invoke0(Native Method)
	at sun.reflect.NativeMethodAccessorImpl.invoke(NativeMethodAccessorImpl.java:62)
	at sun.reflect.DelegatingMethodAccessorImpl.invoke(DelegatingMethodAccessorImpl.java:43)
	at java.lang.reflect.Method.invoke(Method.java:497)
	at org.testng.internal.MethodInvocationHelper.invokeMethod(MethodInvocationHelper.java:84)
	at org.testng.internal.Invoker.invokeMethod(Invoker.java:714)
	at org.testng.internal.Invoker.invokeTestMethod(Invoker.java:901)
	at org.testng.internal.Invoker.invokeTestMethods(Invoker.java:1231)
	at org.testng.internal.TestMethodWorker.invokeTestMethods(TestMethodWorker.java:127)
	at org.testng.internal.TestMethodWorker.run(TestMethodWorker.java:111)
	at org.testng.TestRunner.privateRun(TestRunner.java:767)
	at org.testng.TestRunner.run(TestRunner.java:617)
	at org.testng.SuiteRunner.runTest(SuiteRunner.java:334)
	at org.testng.SuiteRunner.runSequentially(SuiteRunner.java:329)
	at org.testng.SuiteRunner.privateRun(SuiteRunner.java:291)
	at org.testng.SuiteRunner.run(SuiteRunner.java:240)
	at org.testng.SuiteRunnerWorker.runSuite(SuiteRunnerWorker.java:52)
	at org.testng.SuiteRunnerWorker.run(SuiteRunnerWorker.java:86)
	at org.testng.TestNG.runSuitesSequentially(TestNG.java:1224)
	at org.testng.TestNG.runSuitesLocally(TestNG.java:1149)
	at org.testng.TestNG.run(TestNG.java:1057)
	at org.testng.TestNG.privateMain(TestNG.java:1364)
	at org.testng.TestNG.main(TestNG.java:1333)
</pre></div></td>
<td>15</td>
<td>Scenario_currency.Scenario_del@3c756e4d</td></tr>
<tr>
<td title='Scenario_currency.Scenario_del.test_valid_mul_del()'><b>test_valid_mul_del</b><br>Test class: Scenario_currency.Scenario_del<br>Parameters: RW_09, 1.0, Deleted</td>
<td><div><pre>org.openqa.selenium.interactions.MoveTargetOutOfBoundsException: Element cannot be scrolled into view:[object XrayWrapper [object HTMLButtonElement]]
Command duration or timeout: 270 milliseconds
Build info: version: &apos;2.44.0&apos;, revision: &apos;76d78cf323ce037c5f92db6c1bba601c2ac43ad8&apos;, time: &apos;2014-10-23 13:11:40&apos;
System info: host: &apos;DJ-PC&apos;, ip: &apos;192.168.30.1&apos;, os.name: &apos;Windows 7&apos;, os.arch: &apos;amd64&apos;, os.version: &apos;6.1&apos;, java.version: &apos;1.8.0_60&apos;
Driver info: org.openqa.selenium.firefox.FirefoxDriver
Capabilities [{applicationCacheEnabled=true, rotatable=false, handlesAlerts=true, databaseEnabled=true, version=31.0, platform=WINDOWS, nativeEvents=true, acceptSslCerts=true, webStorageEnabled=true, locationContextEnabled=true, browserName=firefox, takesScreenshot=true, javascriptEnabled=true, cssSelectorsEnabled=true}]
Session ID: 0353f617-f0fd-43d7-abf4-2e2d2e486a1a
	at org.openqa.selenium.remote.ErrorHandler.createThrowable(ErrorHandler.java:204)
	at org.openqa.selenium.remote.ErrorHandler.throwIfResponseFailed(ErrorHandler.java:156)
	at org.openqa.selenium.remote.RemoteWebDriver.execute(RemoteWebDriver.java:599)
	at org.openqa.selenium.remote.RemoteWebElement.execute(RemoteWebElement.java:268)
	at org.openqa.selenium.remote.RemoteWebElement.click(RemoteWebElement.java:79)
	at org.openqa.selenium.support.pagefactory.internal.LocatingElementHandler.invoke(LocatingElementHandler.java:50)
	at com.sun.proxy.$Proxy5.click(Unknown Source)
	at Pageobject_currency.PageObject_del.getValid_mul_del(Unknown Source)
	at Scenario_currency.Scenario_del.test_valid_mul_del(Unknown Source)
Caused by: org.openqa.selenium.interactions.MoveTargetOutOfBoundsException: Element cannot be scrolled into view:[object XrayWrapper [object HTMLButtonElement]]
Build info: version: &apos;2.44.0&apos;, revision: &apos;76d78cf323ce037c5f92db6c1bba601c2ac43ad8&apos;, time: &apos;2014-10-23 13:11:40&apos;
System info: host: &apos;DJ-PC&apos;, ip: &apos;192.168.30.1&apos;, os.name: &apos;Windows 7&apos;, os.arch: &apos;amd64&apos;, os.version: &apos;6.1&apos;, java.version: &apos;1.8.0_60&apos;
Driver info: driver.version: unknown
	at &lt;anonymous class&gt;.WebElement.clickElement(file:///C:/Users/DJ/AppData/Local/Temp/anonymous2021228630626699704webdriver-profile/extensions/fxdriver@googlecode.com/components/command-processor.js:11036:7)
	at &lt;anonymous class&gt;.DelayedCommand.prototype.executeInternal_/h(file:///C:/Users/DJ/AppData/Local/Temp/anonymous2021228630626699704webdriver-profile/extensions/fxdriver@googlecode.com/components/command-processor.js:11635:16)
	at &lt;anonymous class&gt;.fxdriver.Timer.prototype.setTimeout/&lt;.notify(file:///C:/Users/DJ/AppData/Local/Temp/anonymous2021228630626699704webdriver-profile/extensions/fxdriver@googlecode.com/components/command-processor.js:548:5)
... Removed 30 stack frames</pre></div><a href='#' onClick='toggleBox("stack-trace1896552614", this, "Click to show all stack frames", "Click to hide stack frames")'>Click to show all stack frames</a>
<div class='stack-trace' id='stack-trace1896552614'><pre>org.openqa.selenium.interactions.MoveTargetOutOfBoundsException: Element cannot be scrolled into view:[object XrayWrapper [object HTMLButtonElement]]
Command duration or timeout: 270 milliseconds
Build info: version: &apos;2.44.0&apos;, revision: &apos;76d78cf323ce037c5f92db6c1bba601c2ac43ad8&apos;, time: &apos;2014-10-23 13:11:40&apos;
System info: host: &apos;DJ-PC&apos;, ip: &apos;192.168.30.1&apos;, os.name: &apos;Windows 7&apos;, os.arch: &apos;amd64&apos;, os.version: &apos;6.1&apos;, java.version: &apos;1.8.0_60&apos;
Driver info: org.openqa.selenium.firefox.FirefoxDriver
Capabilities [{applicationCacheEnabled=true, rotatable=false, handlesAlerts=true, databaseEnabled=true, version=31.0, platform=WINDOWS, nativeEvents=true, acceptSslCerts=true, webStorageEnabled=true, locationContextEnabled=true, browserName=firefox, takesScreenshot=true, javascriptEnabled=true, cssSelectorsEnabled=true}]
Session ID: 0353f617-f0fd-43d7-abf4-2e2d2e486a1a
	at sun.reflect.NativeConstructorAccessorImpl.newInstance0(Native Method)
	at sun.reflect.NativeConstructorAccessorImpl.newInstance(NativeConstructorAccessorImpl.java:62)
	at sun.reflect.DelegatingConstructorAccessorImpl.newInstance(DelegatingConstructorAccessorImpl.java:45)
	at java.lang.reflect.Constructor.newInstance(Constructor.java:422)
	at org.openqa.selenium.remote.ErrorHandler.createThrowable(ErrorHandler.java:204)
	at org.openqa.selenium.remote.ErrorHandler.throwIfResponseFailed(ErrorHandler.java:156)
	at org.openqa.selenium.remote.RemoteWebDriver.execute(RemoteWebDriver.java:599)
	at org.openqa.selenium.remote.RemoteWebElement.execute(RemoteWebElement.java:268)
	at org.openqa.selenium.remote.RemoteWebElement.click(RemoteWebElement.java:79)
	at sun.reflect.GeneratedMethodAccessor5.invoke(Unknown Source)
	at sun.reflect.DelegatingMethodAccessorImpl.invoke(DelegatingMethodAccessorImpl.java:43)
	at java.lang.reflect.Method.invoke(Method.java:497)
	at org.openqa.selenium.support.pagefactory.internal.LocatingElementHandler.invoke(LocatingElementHandler.java:50)
	at com.sun.proxy.$Proxy5.click(Unknown Source)
	at Pageobject_currency.PageObject_del.getValid_mul_del(Unknown Source)
	at Scenario_currency.Scenario_del.test_valid_mul_del(Unknown Source)
	at sun.reflect.NativeMethodAccessorImpl.invoke0(Native Method)
	at sun.reflect.NativeMethodAccessorImpl.invoke(NativeMethodAccessorImpl.java:62)
	at sun.reflect.DelegatingMethodAccessorImpl.invoke(DelegatingMethodAccessorImpl.java:43)
	at java.lang.reflect.Method.invoke(Method.java:497)
	at org.testng.internal.MethodInvocationHelper.invokeMethod(MethodInvocationHelper.java:84)
	at org.testng.internal.Invoker.invokeMethod(Invoker.java:714)
	at org.testng.internal.Invoker.invokeTestMethod(Invoker.java:901)
	at org.testng.internal.Invoker.invokeTestMethods(Invoker.java:1231)
	at org.testng.internal.TestMethodWorker.invokeTestMethods(TestMethodWorker.java:127)
	at org.testng.internal.TestMethodWorker.run(TestMethodWorker.java:111)
	at org.testng.TestRunner.privateRun(TestRunner.java:767)
	at org.testng.TestRunner.run(TestRunner.java:617)
	at org.testng.SuiteRunner.runTest(SuiteRunner.java:334)
	at org.testng.SuiteRunner.runSequentially(SuiteRunner.java:329)
	at org.testng.SuiteRunner.privateRun(SuiteRunner.java:291)
	at org.testng.SuiteRunner.run(SuiteRunner.java:240)
	at org.testng.SuiteRunnerWorker.runSuite(SuiteRunnerWorker.java:52)
	at org.testng.SuiteRunnerWorker.run(SuiteRunnerWorker.java:86)
	at org.testng.TestNG.runSuitesSequentially(TestNG.java:1224)
	at org.testng.TestNG.runSuitesLocally(TestNG.java:1149)
	at org.testng.TestNG.run(TestNG.java:1057)
	at org.testng.TestNG.privateMain(TestNG.java:1364)
	at org.testng.TestNG.main(TestNG.java:1333)
Caused by: org.openqa.selenium.interactions.MoveTargetOutOfBoundsException: Element cannot be scrolled into view:[object XrayWrapper [object HTMLButtonElement]]
Build info: version: &apos;2.44.0&apos;, revision: &apos;76d78cf323ce037c5f92db6c1bba601c2ac43ad8&apos;, time: &apos;2014-10-23 13:11:40&apos;
System info: host: &apos;DJ-PC&apos;, ip: &apos;192.168.30.1&apos;, os.name: &apos;Windows 7&apos;, os.arch: &apos;amd64&apos;, os.version: &apos;6.1&apos;, java.version: &apos;1.8.0_60&apos;
Driver info: driver.version: unknown
	at &lt;anonymous class&gt;.WebElement.clickElement(file:///C:/Users/DJ/AppData/Local/Temp/anonymous2021228630626699704webdriver-profile/extensions/fxdriver@googlecode.com/components/command-processor.js:11036:7)
	at &lt;anonymous class&gt;.DelayedCommand.prototype.executeInternal_/h(file:///C:/Users/DJ/AppData/Local/Temp/anonymous2021228630626699704webdriver-profile/extensions/fxdriver@googlecode.com/components/command-processor.js:11635:16)
	at &lt;anonymous class&gt;.fxdriver.Timer.prototype.setTimeout/&lt;.notify(file:///C:/Users/DJ/AppData/Local/Temp/anonymous2021228630626699704webdriver-profile/extensions/fxdriver@googlecode.com/components/command-processor.js:548:5)
</pre></div></td>
<td>15</td>
<td>Scenario_currency.Scenario_del@3c756e4d</td></tr>
<tr>
<td title='Scenario_criticality.Scenario_del.test_valid_mul_del()'><b>test_valid_mul_del</b><br>Test class: Scenario_criticality.Scenario_del<br>Parameters: RW_18, 1.0, Deleted</td>
<td><div><pre>java.lang.NullPointerException
	at Scenario_criticality.Scenario_del.test_valid_mul_del(Unknown Source)
... Removed 23 stack frames</pre></div><a href='#' onClick='toggleBox("stack-trace314562573", this, "Click to show all stack frames", "Click to hide stack frames")'>Click to show all stack frames</a>
<div class='stack-trace' id='stack-trace314562573'><pre>java.lang.NullPointerException
	at Scenario_criticality.Scenario_del.test_valid_mul_del(Unknown Source)
	at sun.reflect.NativeMethodAccessorImpl.invoke0(Native Method)
	at sun.reflect.NativeMethodAccessorImpl.invoke(NativeMethodAccessorImpl.java:62)
	at sun.reflect.DelegatingMethodAccessorImpl.invoke(DelegatingMethodAccessorImpl.java:43)
	at java.lang.reflect.Method.invoke(Method.java:497)
	at org.testng.internal.MethodInvocationHelper.invokeMethod(MethodInvocationHelper.java:84)
	at org.testng.internal.Invoker.invokeMethod(Invoker.java:714)
	at org.testng.internal.Invoker.invokeTestMethod(Invoker.java:901)
	at org.testng.internal.Invoker.invokeTestMethods(Invoker.java:1231)
	at org.testng.internal.TestMethodWorker.invokeTestMethods(TestMethodWorker.java:127)
	at org.testng.internal.TestMethodWorker.run(TestMethodWorker.java:111)
	at org.testng.TestRunner.privateRun(TestRunner.java:767)
	at org.testng.TestRunner.run(TestRunner.java:617)
	at org.testng.SuiteRunner.runTest(SuiteRunner.java:334)
	at org.testng.SuiteRunner.runSequentially(SuiteRunner.java:329)
	at org.testng.SuiteRunner.privateRun(SuiteRunner.java:291)
	at org.testng.SuiteRunner.run(SuiteRunner.java:240)
	at org.testng.SuiteRunnerWorker.runSuite(SuiteRunnerWorker.java:52)
	at org.testng.SuiteRunnerWorker.run(SuiteRunnerWorker.java:86)
	at org.testng.TestNG.runSuitesSequentially(TestNG.java:1224)
	at org.testng.TestNG.runSuitesLocally(TestNG.java:1149)
	at org.testng.TestNG.run(TestNG.java:1057)
	at org.testng.TestNG.privateMain(TestNG.java:1364)
	at org.testng.TestNG.main(TestNG.java:1333)
</pre></div></td>
<td>19</td>
<td>Scenario_criticality.Scenario_del@3c09711b</td></tr>
</table><p>
<table width='100%' border='1' class='invocation-passed'>
<tr><td colspan='4' align='center'><b>PASSED TESTS</b></td></tr>
<tr><td><b>Test method</b></td>
<td width="30%"><b>Exception</b></td>
<td width="10%"><b>Time (seconds)</b></td>
<td><b>Instance</b></td>
</tr>
<tr>
<td title='Scenario_currency.Scenario_curr.Invalid_curr_test_blnk()'><b>Invalid_curr_test_blnk</b><br>Test class: Scenario_currency.Scenario_curr<br>Parameters: RW_01, 1.0, , Currency Name can not be empty.</td>
<td></td>
<td>17</td>
<td>Scenario_currency.Scenario_curr@5ae9a829</td></tr>
<tr>
<td title='Scenario_currency.Scenario_edit_curr.test_Invalid_editcurr_blnk()'><b>test_Invalid_editcurr_blnk</b><br>Test class: Scenario_currency.Scenario_edit_curr<br>Parameters: RW_04, 1.0, , Currency Name can not be empty.</td>
<td></td>
<td>14</td>
<td>Scenario_currency.Scenario_edit_curr@548b7f67</td></tr>
<tr>
<td title='Scenario_currency.Scenario_del.test_Invalid_editcurr_blnk()'><b>test_Invalid_editcurr_blnk</b><br>Test class: Scenario_currency.Scenario_del<br>Parameters: RW_07, 1.0, Please Select Rows to Delete.</td>
<td></td>
<td>15</td>
<td>Scenario_currency.Scenario_del@3c756e4d</td></tr>
<tr>
<td title='Scenario_criticality.Scenario_del.test_Invalid_editcurr_blnk()'><b>test_Invalid_editcurr_blnk</b><br>Test class: Scenario_criticality.Scenario_del<br>Parameters: RW_16, 1.0, Please Select Rows to delete</td>
<td></td>
<td>13</td>
<td>Scenario_criticality.Scenario_del@3c09711b</td></tr>
<tr>
<td title='Scenario_criticality.Scenario_edit.test_Invalidcriti()'><b>test_Invalidcriti</b><br>Test class: Scenario_criticality.Scenario_edit<br>Parameters: RW_14, 1.0, high, high criticality, 'high'  Criticality Name already exists!</td>
<td></td>
<td>15</td>
<td>Scenario_criticality.Scenario_edit@573f2bb1</td></tr>
<tr>
<td title='Scenario_invoice.Scenario_edit.test_Invalidcriti()'><b>test_Invalidcriti</b><br>Test class: Scenario_invoice.Scenario_edit<br>Parameters: RW_23, 1.0, Full Payment, Full Payment, 'Full Payment'  Invoice Name already exists!</td>
<td></td>
<td>19</td>
<td>Scenario_invoice.Scenario_edit@402f32ff</td></tr>
<tr>
<td title='Scenario_criticality.Scenario_create.test_Invalidcriti_blnk()'><b>test_Invalidcriti_blnk</b><br>Test class: Scenario_criticality.Scenario_create<br>Parameters: RW_10, 1.0, , low criticality, Criticality can not be empty.</td>
<td></td>
<td>16</td>
<td>Scenario_criticality.Scenario_create@48eff760</td></tr>
<tr>
<td title='Scenario_criticality.Scenario_edit.test_Invalidcriti_blnk()'><b>test_Invalidcriti_blnk</b><br>Test class: Scenario_criticality.Scenario_edit<br>Parameters: RW_13, 1.0, , low criticality, Criticality can not be empty.</td>
<td></td>
<td>14</td>
<td>Scenario_criticality.Scenario_edit@573f2bb1</td></tr>
<tr>
<td title='Scenario_invoice.Scenario_create.test_Invalidcriti_blnk()'><b>test_Invalidcriti_blnk</b><br>Test class: Scenario_invoice.Scenario_create<br>Parameters: RW_19, 1.0, , Part Payment, Invoice Type Name can not be empty.</td>
<td></td>
<td>20</td>
<td>Scenario_invoice.Scenario_create@6d8a00e3</td></tr>
<tr>
<td title='Scenario_invoice.Scenario_edit.test_Invalidcriti_blnk()'><b>test_Invalidcriti_blnk</b><br>Test class: Scenario_invoice.Scenario_edit<br>Parameters: RW_22, 1.0, , Advance Payment, Invoice Type Name can not be empty.</td>
<td></td>
<td>16</td>
<td>Scenario_invoice.Scenario_edit@402f32ff</td></tr>
<tr>
<td title='Scenario_currency.Scenario_edit_curr.test_Invalideditcurr()'><b>test_Invalideditcurr</b><br>Test class: Scenario_currency.Scenario_edit_curr<br>Parameters: RW_05, 1.0, pound, 'pound'  Currency Name already exists!</td>
<td></td>
<td>14</td>
<td>Scenario_currency.Scenario_edit_curr@548b7f67</td></tr>
<tr>
<td title='Scenario_invoice.Scenario_create.test_Invalidinvoice()'><b>test_Invalidinvoice</b><br>Test class: Scenario_invoice.Scenario_create<br>Parameters: RW_20, 1.0, Full Payment, Full Payment, 'Full Payment'  Invoice Type Name already exists!</td>
<td></td>
<td>16</td>
<td>Scenario_invoice.Scenario_create@6d8a00e3</td></tr>
<tr>
<td title='Scenario_criticality.Scenario_create.test_Validcriti()'><b>test_Validcriti</b><br>Test class: Scenario_criticality.Scenario_create<br>Parameters: RW_12, 1.0, severe1, severe criticality, severe1</td>
<td></td>
<td>28</td>
<td>Scenario_criticality.Scenario_create@48eff760</td></tr>
<tr>
<td title='Scenario_criticality.Scenario_edit.test_Validcriti()'><b>test_Validcriti</b><br>Test class: Scenario_criticality.Scenario_edit<br>Parameters: RW_15, 1.0, severe2, low criticality, severe2</td>
<td></td>
<td>18</td>
<td>Scenario_criticality.Scenario_edit@573f2bb1</td></tr>
<tr>
<td title='Scenario_invoice.Scenario_create.test_Validcriti()'><b>test_Validcriti</b><br>Test class: Scenario_invoice.Scenario_create<br>Parameters: RW_21, 1.0, Part Payment, Part Payment, Part Payment</td>
<td></td>
<td>22</td>
<td>Scenario_invoice.Scenario_create@6d8a00e3</td></tr>
<tr>
<td title='Scenario_invoice.Scenario_edit.test_Validcriti()'><b>test_Validcriti</b><br>Test class: Scenario_invoice.Scenario_edit<br>Parameters: RW_24, 1.0, Advance Payment, Advance Payment, Advance Payment</td>
<td></td>
<td>22</td>
<td>Scenario_invoice.Scenario_edit@402f32ff</td></tr>
<tr>
<td title='Scenario_currency.Scenario_edit_curr.test_Validedit_curr()'><b>test_Validedit_curr</b><br>Test class: Scenario_currency.Scenario_edit_curr<br>Parameters: RW_06, 1.0, USD4, USD4</td>
<td></td>
<td>18</td>
<td>Scenario_currency.Scenario_edit_curr@548b7f67</td></tr>
</table><p>
<table width='100%' border='1' class='invocation-skipped'>
<tr><td colspan='4' align='center'><b>SKIPPED TESTS</b></td></tr>
<tr><td><b>Test method</b></td>
<td width="30%"><b>Exception</b></td>
<td width="10%"><b>Time (seconds)</b></td>
<td><b>Instance</b></td>
</tr>
<tr>
<td title='Scenario_invoice.Scenario_del.test_Invalid_delinvoice_blnk()'><b>test_Invalid_delinvoice_blnk</b><br>Test class: Scenario_invoice.Scenario_del</td>
<td><div><pre>java.lang.RuntimeException: java.lang.NullPointerException
Caused by: java.lang.NullPointerException
	at Generic_component.ExcelReadWrite.Readvalue(Unknown Source)
	at Generic_component.ExcelReadWrite.Readvalue(Unknown Source)
	at Dataprovider_invoice.DataProvider_del.flagRowcount(Unknown Source)
	at Dataprovider_invoice.DataProvider_del.Invalidedit_blnkData(Unknown Source)
	... 19 more
... Removed 26 stack frames</pre></div><a href='#' onClick='toggleBox("stack-trace1496220730", this, "Click to show all stack frames", "Click to hide stack frames")'>Click to show all stack frames</a>
<div class='stack-trace' id='stack-trace1496220730'><pre>java.lang.RuntimeException: java.lang.NullPointerException
	at org.testng.internal.MethodInvocationHelper.invokeDataProvider(MethodInvocationHelper.java:161)
	at org.testng.internal.Parameters.handleParameters(Parameters.java:429)
	at org.testng.internal.Invoker.handleParameters(Invoker.java:1383)
	at org.testng.internal.Invoker.createParameters(Invoker.java:1075)
	at org.testng.internal.Invoker.invokeTestMethods(Invoker.java:1180)
	at org.testng.internal.TestMethodWorker.invokeTestMethods(TestMethodWorker.java:127)
	at org.testng.internal.TestMethodWorker.run(TestMethodWorker.java:111)
	at org.testng.TestRunner.privateRun(TestRunner.java:767)
	at org.testng.TestRunner.run(TestRunner.java:617)
	at org.testng.SuiteRunner.runTest(SuiteRunner.java:334)
	at org.testng.SuiteRunner.runSequentially(SuiteRunner.java:329)
	at org.testng.SuiteRunner.privateRun(SuiteRunner.java:291)
	at org.testng.SuiteRunner.run(SuiteRunner.java:240)
	at org.testng.SuiteRunnerWorker.runSuite(SuiteRunnerWorker.java:52)
	at org.testng.SuiteRunnerWorker.run(SuiteRunnerWorker.java:86)
	at org.testng.TestNG.runSuitesSequentially(TestNG.java:1224)
	at org.testng.TestNG.runSuitesLocally(TestNG.java:1149)
	at org.testng.TestNG.run(TestNG.java:1057)
	at org.testng.TestNG.privateMain(TestNG.java:1364)
	at org.testng.TestNG.main(TestNG.java:1333)
Caused by: java.lang.NullPointerException
	at Generic_component.ExcelReadWrite.Readvalue(Unknown Source)
	at Generic_component.ExcelReadWrite.Readvalue(Unknown Source)
	at Dataprovider_invoice.DataProvider_del.flagRowcount(Unknown Source)
	at Dataprovider_invoice.DataProvider_del.Invalidedit_blnkData(Unknown Source)
	at sun.reflect.NativeMethodAccessorImpl.invoke0(Native Method)
	at sun.reflect.NativeMethodAccessorImpl.invoke(NativeMethodAccessorImpl.java:62)
	at sun.reflect.DelegatingMethodAccessorImpl.invoke(DelegatingMethodAccessorImpl.java:43)
	at java.lang.reflect.Method.invoke(Method.java:497)
	at org.testng.internal.MethodInvocationHelper.invokeMethod(MethodInvocationHelper.java:84)
	at org.testng.internal.MethodInvocationHelper.invokeDataProvider(MethodInvocationHelper.java:153)
	... 19 more
</pre></div></td>
<td>0</td>
<td>Scenario_invoice.Scenario_del@7c0e2abd</td></tr>
<tr>
<td title='Scenario_invoice.Scenario_del.test_valid_frstinvoice_del()'><b>test_valid_frstinvoice_del</b><br>Test class: Scenario_invoice.Scenario_del</td>
<td><div><pre>java.lang.RuntimeException: java.lang.NullPointerException
Caused by: java.lang.NullPointerException
	at Generic_component.ExcelReadWrite.Readvalue(Unknown Source)
	at Generic_component.ExcelReadWrite.Readvalue(Unknown Source)
	at Dataprovider_invoice.DataProvider_del.flagRowcount(Unknown Source)
	at Dataprovider_invoice.DataProvider_del.Invalideditdata(Unknown Source)
	... 19 more
... Removed 26 stack frames</pre></div><a href='#' onClick='toggleBox("stack-trace1846982837", this, "Click to show all stack frames", "Click to hide stack frames")'>Click to show all stack frames</a>
<div class='stack-trace' id='stack-trace1846982837'><pre>java.lang.RuntimeException: java.lang.NullPointerException
	at org.testng.internal.MethodInvocationHelper.invokeDataProvider(MethodInvocationHelper.java:161)
	at org.testng.internal.Parameters.handleParameters(Parameters.java:429)
	at org.testng.internal.Invoker.handleParameters(Invoker.java:1383)
	at org.testng.internal.Invoker.createParameters(Invoker.java:1075)
	at org.testng.internal.Invoker.invokeTestMethods(Invoker.java:1180)
	at org.testng.internal.TestMethodWorker.invokeTestMethods(TestMethodWorker.java:127)
	at org.testng.internal.TestMethodWorker.run(TestMethodWorker.java:111)
	at org.testng.TestRunner.privateRun(TestRunner.java:767)
	at org.testng.TestRunner.run(TestRunner.java:617)
	at org.testng.SuiteRunner.runTest(SuiteRunner.java:334)
	at org.testng.SuiteRunner.runSequentially(SuiteRunner.java:329)
	at org.testng.SuiteRunner.privateRun(SuiteRunner.java:291)
	at org.testng.SuiteRunner.run(SuiteRunner.java:240)
	at org.testng.SuiteRunnerWorker.runSuite(SuiteRunnerWorker.java:52)
	at org.testng.SuiteRunnerWorker.run(SuiteRunnerWorker.java:86)
	at org.testng.TestNG.runSuitesSequentially(TestNG.java:1224)
	at org.testng.TestNG.runSuitesLocally(TestNG.java:1149)
	at org.testng.TestNG.run(TestNG.java:1057)
	at org.testng.TestNG.privateMain(TestNG.java:1364)
	at org.testng.TestNG.main(TestNG.java:1333)
Caused by: java.lang.NullPointerException
	at Generic_component.ExcelReadWrite.Readvalue(Unknown Source)
	at Generic_component.ExcelReadWrite.Readvalue(Unknown Source)
	at Dataprovider_invoice.DataProvider_del.flagRowcount(Unknown Source)
	at Dataprovider_invoice.DataProvider_del.Invalideditdata(Unknown Source)
	at sun.reflect.NativeMethodAccessorImpl.invoke0(Native Method)
	at sun.reflect.NativeMethodAccessorImpl.invoke(NativeMethodAccessorImpl.java:62)
	at sun.reflect.DelegatingMethodAccessorImpl.invoke(DelegatingMethodAccessorImpl.java:43)
	at java.lang.reflect.Method.invoke(Method.java:497)
	at org.testng.internal.MethodInvocationHelper.invokeMethod(MethodInvocationHelper.java:84)
	at org.testng.internal.MethodInvocationHelper.invokeDataProvider(MethodInvocationHelper.java:153)
	... 19 more
</pre></div></td>
<td>0</td>
<td>Scenario_invoice.Scenario_del@7c0e2abd</td></tr>
<tr>
<td title='Scenario_invoice.Scenario_del.test_valid_mul_del()'><b>test_valid_mul_del</b><br>Test class: Scenario_invoice.Scenario_del</td>
<td><div><pre>java.lang.RuntimeException: java.lang.NullPointerException
Caused by: java.lang.NullPointerException
	at Generic_component.ExcelReadWrite.Readvalue(Unknown Source)
	at Generic_component.ExcelReadWrite.Readvalue(Unknown Source)
	at Dataprovider_invoice.DataProvider_del.flagRowcount(Unknown Source)
	at Dataprovider_invoice.DataProvider_del.ValideditData(Unknown Source)
	... 19 more
... Removed 26 stack frames</pre></div><a href='#' onClick='toggleBox("stack-trace355885103", this, "Click to show all stack frames", "Click to hide stack frames")'>Click to show all stack frames</a>
<div class='stack-trace' id='stack-trace355885103'><pre>java.lang.RuntimeException: java.lang.NullPointerException
	at org.testng.internal.MethodInvocationHelper.invokeDataProvider(MethodInvocationHelper.java:161)
	at org.testng.internal.Parameters.handleParameters(Parameters.java:429)
	at org.testng.internal.Invoker.handleParameters(Invoker.java:1383)
	at org.testng.internal.Invoker.createParameters(Invoker.java:1075)
	at org.testng.internal.Invoker.invokeTestMethods(Invoker.java:1180)
	at org.testng.internal.TestMethodWorker.invokeTestMethods(TestMethodWorker.java:127)
	at org.testng.internal.TestMethodWorker.run(TestMethodWorker.java:111)
	at org.testng.TestRunner.privateRun(TestRunner.java:767)
	at org.testng.TestRunner.run(TestRunner.java:617)
	at org.testng.SuiteRunner.runTest(SuiteRunner.java:334)
	at org.testng.SuiteRunner.runSequentially(SuiteRunner.java:329)
	at org.testng.SuiteRunner.privateRun(SuiteRunner.java:291)
	at org.testng.SuiteRunner.run(SuiteRunner.java:240)
	at org.testng.SuiteRunnerWorker.runSuite(SuiteRunnerWorker.java:52)
	at org.testng.SuiteRunnerWorker.run(SuiteRunnerWorker.java:86)
	at org.testng.TestNG.runSuitesSequentially(TestNG.java:1224)
	at org.testng.TestNG.runSuitesLocally(TestNG.java:1149)
	at org.testng.TestNG.run(TestNG.java:1057)
	at org.testng.TestNG.privateMain(TestNG.java:1364)
	at org.testng.TestNG.main(TestNG.java:1333)
Caused by: java.lang.NullPointerException
	at Generic_component.ExcelReadWrite.Readvalue(Unknown Source)
	at Generic_component.ExcelReadWrite.Readvalue(Unknown Source)
	at Dataprovider_invoice.DataProvider_del.flagRowcount(Unknown Source)
	at Dataprovider_invoice.DataProvider_del.ValideditData(Unknown Source)
	at sun.reflect.NativeMethodAccessorImpl.invoke0(Native Method)
	at sun.reflect.NativeMethodAccessorImpl.invoke(NativeMethodAccessorImpl.java:62)
	at sun.reflect.DelegatingMethodAccessorImpl.invoke(DelegatingMethodAccessorImpl.java:43)
	at java.lang.reflect.Method.invoke(Method.java:497)
	at org.testng.internal.MethodInvocationHelper.invokeMethod(MethodInvocationHelper.java:84)
	at org.testng.internal.MethodInvocationHelper.invokeDataProvider(MethodInvocationHelper.java:153)
	... 19 more
</pre></div></td>
<td>0</td>
<td>Scenario_invoice.Scenario_del@7c0e2abd</td></tr>
</table><p>
</body>
</html>