<?xml version="1.0" encoding="UTF-8"?>
<!-- Generated by org.testng.reporters.JUnitXMLReporter -->
<testsuite hostname="DJ-PC" name="Test" tests="9" failures="1" timestamp="2 Feb 2016 11:11:41 GMT" time="114.332" errors="0">
  <testcase name="test_Invalidcriti_blnk" time="18.416" classname="Scenario_invoice.Scenario_create">
    <failure type="org.openqa.selenium.interactions.MoveTargetOutOfBoundsException" message="Element cannot be scrolled into view:[object XrayWrapper [object HTMLSpanElement]]
Command duration or timeout: 70 milliseconds
Build info: version: &amp;apos;2.44.0&amp;apos;, revision: &amp;apos;76d78cf323ce037c5f92db6c1bba601c2ac43ad8&amp;apos;, time: &amp;apos;2014-10-23 13:11:40&amp;apos;
System info: host: &amp;apos;DJ-PC&amp;apos;, ip: &amp;apos;192.168.30.1&amp;apos;, os.name: &amp;apos;Windows 7&amp;apos;, os.arch: &amp;apos;amd64&amp;apos;, os.version: &amp;apos;6.1&amp;apos;, java.version: &amp;apos;1.8.0_60&amp;apos;
Driver info: org.openqa.selenium.firefox.FirefoxDriver
Capabilities [{applicationCacheEnabled=true, rotatable=false, handlesAlerts=true, databaseEnabled=true, version=31.0, platform=WINDOWS, nativeEvents=true, acceptSslCerts=true, webStorageEnabled=true, locationContextEnabled=true, browserName=firefox, takesScreenshot=true, javascriptEnabled=true, cssSelectorsEnabled=true}]
Session ID: abb47f2d-5229-4b3d-9844-d77fb8890d6b">
      <![CDATA[org.openqa.selenium.interactions.MoveTargetOutOfBoundsException: Element cannot be scrolled into view:[object XrayWrapper [object HTMLSpanElement]]
Command duration or timeout: 70 milliseconds
Build info: version: '2.44.0', revision: '76d78cf323ce037c5f92db6c1bba601c2ac43ad8', time: '2014-10-23 13:11:40'
System info: host: 'DJ-PC', ip: '192.168.30.1', os.name: 'Windows 7', os.arch: 'amd64', os.version: '6.1', java.version: '1.8.0_60'
Driver info: org.openqa.selenium.firefox.FirefoxDriver
Capabilities [{applicationCacheEnabled=true, rotatable=false, handlesAlerts=true, databaseEnabled=true, version=31.0, platform=WINDOWS, nativeEvents=true, acceptSslCerts=true, webStorageEnabled=true, locationContextEnabled=true, browserName=firefox, takesScreenshot=true, javascriptEnabled=true, cssSelectorsEnabled=true}]
Session ID: abb47f2d-5229-4b3d-9844-d77fb8890d6b
	at org.openqa.selenium.remote.ErrorHandler.createThrowable(ErrorHandler.java:204)
	at org.openqa.selenium.remote.ErrorHandler.throwIfResponseFailed(ErrorHandler.java:156)
	at org.openqa.selenium.remote.RemoteWebDriver.execute(RemoteWebDriver.java:599)
	at org.openqa.selenium.remote.RemoteWebElement.execute(RemoteWebElement.java:268)
	at org.openqa.selenium.remote.RemoteWebElement.click(RemoteWebElement.java:79)
	at org.openqa.selenium.support.pagefactory.internal.LocatingElementHandler.invoke(LocatingElementHandler.java:50)
	at com.sun.proxy.$Proxy5.click(Unknown Source)
	at PageObject_invoice.Pageobject_create.click_invoice(Unknown Source)
	at PageObject_invoice.Pageobject_create.Commonprocessinvoice(Unknown Source)
	at Scenario_invoice.Scenario_create.test_Invalidcriti_blnk(Unknown Source)
Caused by: org.openqa.selenium.interactions.MoveTargetOutOfBoundsException: Element cannot be scrolled into view:[object XrayWrapper [object HTMLSpanElement]]
Build info: version: '2.44.0', revision: '76d78cf323ce037c5f92db6c1bba601c2ac43ad8', time: '2014-10-23 13:11:40'
System info: host: 'DJ-PC', ip: '192.168.30.1', os.name: 'Windows 7', os.arch: 'amd64', os.version: '6.1', java.version: '1.8.0_60'
Driver info: driver.version: unknown
	at <anonymous class>.WebElement.clickElement(file:///C:/Users/DJ/AppData/Local/Temp/anonymous6633282332853814149webdriver-profile/extensions/fxdriver@googlecode.com/components/command-processor.js:11036:7)
	at <anonymous class>.DelayedCommand.prototype.executeInternal_/h(file:///C:/Users/DJ/AppData/Local/Temp/anonymous6633282332853814149webdriver-profile/extensions/fxdriver@googlecode.com/components/command-processor.js:11635:16)
	at <anonymous class>.DelayedCommand.prototype.executeInternal_(file:///C:/Users/DJ/AppData/Local/Temp/anonymous6633282332853814149webdriver-profile/extensions/fxdriver@googlecode.com/components/command-processor.js:11640:7)
	at <anonymous class>.DelayedCommand.prototype.execute/<(file:///C:/Users/DJ/AppData/Local/Temp/anonymous6633282332853814149webdriver-profile/extensions/fxdriver@googlecode.com/components/command-processor.js:11582:5)
... Removed 31 stack frames]]>
    </failure>
  </testcase> <!-- test_Invalidcriti_blnk -->
  <testcase name="test_Invalidinvoice" time="18.346" classname="Scenario_invoice.Scenario_create"/>
  <testcase name="test_Validcriti" time="24.158" classname="Scenario_invoice.Scenario_create"/>
  <testcase name="test_Invalidcriti" time="15.807" classname="Scenario_invoice.Scenario_edit"/>
  <testcase name="test_Invalidcriti_blnk" time="13.552" classname="Scenario_invoice.Scenario_edit"/>
  <testcase name="test_Validcriti" time="20.337" classname="Scenario_invoice.Scenario_edit"/>
  <testcase name="test_Invalid_delinvoice_blnk" time="0.13" classname="Scenario_invoice.Scenario_del">
    <skipped/>
  </testcase> <!-- test_Invalid_delinvoice_blnk -->
  <testcase name="test_valid_frstinvoice_del" time="0.14" classname="Scenario_invoice.Scenario_del">
    <skipped/>
  </testcase> <!-- test_valid_frstinvoice_del -->
  <testcase name="test_valid_mul_del" time="0.14" classname="Scenario_invoice.Scenario_del">
    <skipped/>
  </testcase> <!-- test_valid_mul_del -->
</testsuite> <!-- Test -->
