<?xml version="1.0" encoding="utf-8" ?>
<!DOCTYPE html PUBLIC "-//W3C//DTD XHTML 1.0 Strict//EN"
        "http://www.w3.org/TR/xhtml1/DTD/xhtml1-strict.dtd">
<html xmlns="http://www.w3.org/1999/xhtml" xml:lang="" lang="">
<head>
  <title>Test Results Report - Test</title>
  <meta http-equiv="Content-Type" content="text/html;charset=utf-8" />
  <meta name="description" content="TestNG unit test results." />
  <link href="reportng.css" rel="stylesheet" type="text/css" />
    <script type="text/javascript" src="reportng.js"></script>
</head>
<body>
<h1>Test</h1>
<p>
  Test duration: 3449.005s
</p>



  <table class="resultsTable">
    <tr><th colspan="3" class="header failed">Failed Tests</th></tr>
          <tr>
        <td colspan="3" class="group">Scenario_Employ_grade.Scenario_create</td>
      </tr>
            
<tr>
  <td class="method">
                  Invalid_desigcode_test_blnk
      </td>
  <td class="duration">
    16.925s
  </td>
  <td class="result">
        
          <i>Method arguments: </i><span class="arguments">"RW_160", "1.0", "AB", "", "AB", "Grade Code can not be empty"</span><br />
    
        

        <a href="javascript:toggleElement('exception-0', 'block')" title="Click to expand/collapse"><b>java.lang.AssertionError: The following asserts failed:<br/>
null, Failed as Expected msg was Grade Code can not be emptyActual msg was&nbsp;&nbsp; Grade Name already exists!</b></a><br />
    <div class="stackTrace" id="exception-0">
              org.testng.asserts.SoftAssert.assertAll(SoftAssert.java:38)<br />
              Scenario_Employ_grade.Scenario_create.Invalid_desigcode_test_blnk(Scenario_create.java:68)<br />
              sun.reflect.NativeMethodAccessorImpl.invoke0(Native Method)<br />
              sun.reflect.NativeMethodAccessorImpl.invoke(Unknown Source)<br />
              sun.reflect.DelegatingMethodAccessorImpl.invoke(Unknown Source)<br />
              java.lang.reflect.Method.invoke(Unknown Source)<br />
              org.testng.internal.MethodInvocationHelper.invokeMethod(MethodInvocationHelper.java:84)<br />
              org.testng.internal.Invoker.invokeMethod(Invoker.java:714)<br />
              org.testng.internal.Invoker.invokeTestMethod(Invoker.java:901)<br />
              org.testng.internal.Invoker.invokeTestMethods(Invoker.java:1231)<br />
              org.testng.internal.TestMethodWorker.invokeTestMethods(TestMethodWorker.java:127)<br />
              org.testng.internal.TestMethodWorker.run(TestMethodWorker.java:111)<br />
              org.testng.TestRunner.privateRun(TestRunner.java:767)<br />
              org.testng.TestRunner.run(TestRunner.java:617)<br />
              org.testng.SuiteRunner.runTest(SuiteRunner.java:334)<br />
              org.testng.SuiteRunner.runSequentially(SuiteRunner.java:329)<br />
              org.testng.SuiteRunner.privateRun(SuiteRunner.java:291)<br />
              org.testng.SuiteRunner.run(SuiteRunner.java:240)<br />
              org.testng.SuiteRunnerWorker.runSuite(SuiteRunnerWorker.java:52)<br />
              org.testng.SuiteRunnerWorker.run(SuiteRunnerWorker.java:86)<br />
              org.testng.TestNG.runSuitesSequentially(TestNG.java:1224)<br />
              org.testng.TestNG.runSuitesLocally(TestNG.java:1149)<br />
              org.testng.TestNG.run(TestNG.java:1057)<br />
              org.testng.remote.RemoteTestNG.run(RemoteTestNG.java:115)<br />
              org.testng.remote.RemoteTestNG.initAndRun(RemoteTestNG.java:207)<br />
              org.testng.remote.RemoteTestNG.main(RemoteTestNG.java:178)<br />
                </div>
      </td>
</tr>
<tr>
  <td class="method">
                  Invalid_designame_test
      </td>
  <td class="duration">
    16.466s
  </td>
  <td class="result">
        
          <i>Method arguments: </i><span class="arguments">"RW_161", "1.0", "AB", "AB001", "AB", "Grade Name already exists!"</span><br />
    
        

        <a href="javascript:toggleElement('exception-1', 'block')" title="Click to expand/collapse"><b>java.lang.AssertionError: The following asserts failed:<br/>
null, Failed as Expected msg was Grade Code can not be emptyActual msg was&nbsp;&nbsp; Grade Name already exists!</b></a><br />
    <div class="stackTrace" id="exception-1">
              org.testng.asserts.SoftAssert.assertAll(SoftAssert.java:38)<br />
              Scenario_Employ_grade.Scenario_create.Invalid_designame_test(Scenario_create.java:95)<br />
              sun.reflect.NativeMethodAccessorImpl.invoke0(Native Method)<br />
              sun.reflect.NativeMethodAccessorImpl.invoke(Unknown Source)<br />
              sun.reflect.DelegatingMethodAccessorImpl.invoke(Unknown Source)<br />
              java.lang.reflect.Method.invoke(Unknown Source)<br />
              org.testng.internal.MethodInvocationHelper.invokeMethod(MethodInvocationHelper.java:84)<br />
              org.testng.internal.Invoker.invokeMethod(Invoker.java:714)<br />
              org.testng.internal.Invoker.invokeTestMethod(Invoker.java:901)<br />
              org.testng.internal.Invoker.invokeTestMethods(Invoker.java:1231)<br />
              org.testng.internal.TestMethodWorker.invokeTestMethods(TestMethodWorker.java:127)<br />
              org.testng.internal.TestMethodWorker.run(TestMethodWorker.java:111)<br />
              org.testng.TestRunner.privateRun(TestRunner.java:767)<br />
              org.testng.TestRunner.run(TestRunner.java:617)<br />
              org.testng.SuiteRunner.runTest(SuiteRunner.java:334)<br />
              org.testng.SuiteRunner.runSequentially(SuiteRunner.java:329)<br />
              org.testng.SuiteRunner.privateRun(SuiteRunner.java:291)<br />
              org.testng.SuiteRunner.run(SuiteRunner.java:240)<br />
              org.testng.SuiteRunnerWorker.runSuite(SuiteRunnerWorker.java:52)<br />
              org.testng.SuiteRunnerWorker.run(SuiteRunnerWorker.java:86)<br />
              org.testng.TestNG.runSuitesSequentially(TestNG.java:1224)<br />
              org.testng.TestNG.runSuitesLocally(TestNG.java:1149)<br />
              org.testng.TestNG.run(TestNG.java:1057)<br />
              org.testng.remote.RemoteTestNG.run(RemoteTestNG.java:115)<br />
              org.testng.remote.RemoteTestNG.initAndRun(RemoteTestNG.java:207)<br />
              org.testng.remote.RemoteTestNG.main(RemoteTestNG.java:178)<br />
                </div>
      </td>
</tr>
<tr>
  <td class="method">
                  Invalid_gradecode_test
      </td>
  <td class="duration">
    16.151s
  </td>
  <td class="result">
        
          <i>Method arguments: </i><span class="arguments">"RW_162", "1.0", "AB", "AB", "AB", "Grade Code already exists!"</span><br />
    
        

        <a href="javascript:toggleElement('exception-2', 'block')" title="Click to expand/collapse"><b>java.lang.AssertionError: The following asserts failed:<br/>
null, Failed as Expected msg was Grade Code can not be emptyActual msg was&nbsp;&nbsp; Grade Name already exists!, null, Failed as Expected msg was Grade Code already exists!Actual msg was&nbsp;&nbsp; Grade Name already exists!</b></a><br />
    <div class="stackTrace" id="exception-2">
              org.testng.asserts.SoftAssert.assertAll(SoftAssert.java:38)<br />
              Scenario_Employ_grade.Scenario_create.Invalid_gradecode_test(Scenario_create.java:122)<br />
              sun.reflect.NativeMethodAccessorImpl.invoke0(Native Method)<br />
              sun.reflect.NativeMethodAccessorImpl.invoke(Unknown Source)<br />
              sun.reflect.DelegatingMethodAccessorImpl.invoke(Unknown Source)<br />
              java.lang.reflect.Method.invoke(Unknown Source)<br />
              org.testng.internal.MethodInvocationHelper.invokeMethod(MethodInvocationHelper.java:84)<br />
              org.testng.internal.Invoker.invokeMethod(Invoker.java:714)<br />
              org.testng.internal.Invoker.invokeTestMethod(Invoker.java:901)<br />
              org.testng.internal.Invoker.invokeTestMethods(Invoker.java:1231)<br />
              org.testng.internal.TestMethodWorker.invokeTestMethods(TestMethodWorker.java:127)<br />
              org.testng.internal.TestMethodWorker.run(TestMethodWorker.java:111)<br />
              org.testng.TestRunner.privateRun(TestRunner.java:767)<br />
              org.testng.TestRunner.run(TestRunner.java:617)<br />
              org.testng.SuiteRunner.runTest(SuiteRunner.java:334)<br />
              org.testng.SuiteRunner.runSequentially(SuiteRunner.java:329)<br />
              org.testng.SuiteRunner.privateRun(SuiteRunner.java:291)<br />
              org.testng.SuiteRunner.run(SuiteRunner.java:240)<br />
              org.testng.SuiteRunnerWorker.runSuite(SuiteRunnerWorker.java:52)<br />
              org.testng.SuiteRunnerWorker.run(SuiteRunnerWorker.java:86)<br />
              org.testng.TestNG.runSuitesSequentially(TestNG.java:1224)<br />
              org.testng.TestNG.runSuitesLocally(TestNG.java:1149)<br />
              org.testng.TestNG.run(TestNG.java:1057)<br />
              org.testng.remote.RemoteTestNG.run(RemoteTestNG.java:115)<br />
              org.testng.remote.RemoteTestNG.initAndRun(RemoteTestNG.java:207)<br />
              org.testng.remote.RemoteTestNG.main(RemoteTestNG.java:178)<br />
                </div>
      </td>
</tr>
<tr>
  <td class="method">
                  Valid_grade_test
      </td>
  <td class="duration">
    29.214s
  </td>
  <td class="result">
        
          <i>Method arguments: </i><span class="arguments">"RW_163", "1.0", "AB", "AB+001", "AB+001", "AB"</span><br />
    
        

        <a href="javascript:toggleElement('exception-3', 'block')" title="Click to expand/collapse"><b>org.openqa.selenium.NoSuchElementException: Unable to locate element: {&quot;method&quot;:&quot;xpath&quot;,&quot;selector&quot;:&quot;//*[@id=&apos;GradeTableContainer&apos;]/div/table/tbody/tr[1]/td[2]&quot;}<br/>
Command duration or timeout: 10.07 seconds<br/>
For documentation on this error, please visit: http://seleniumhq.org/exceptions/no_such_element.html<br/>
Build info: version: &apos;2.44.0&apos;, revision: &apos;76d78cf323ce037c5f92db6c1bba601c2ac43ad8&apos;, time: &apos;2014-10-23 13:11:40&apos;<br/>
System info: host: &apos;DJ-PC&apos;, ip: &apos;192.168.30.1&apos;, os.name: &apos;Windows 7&apos;, os.arch: &apos;amd64&apos;, os.version: &apos;6.1&apos;, java.version: &apos;1.8.0_60&apos;<br/>
Driver info: org.openqa.selenium.firefox.FirefoxDriver<br/>
Capabilities [{applicationCacheEnabled=true, rotatable=false, handlesAlerts=true, databaseEnabled=true, version=31.0, platform=WINDOWS, nativeEvents=true, acceptSslCerts=true, webStorageEnabled=true, locationContextEnabled=true, browserName=firefox, takesScreenshot=true, javascriptEnabled=true, cssSelectorsEnabled=true}]<br/>
Session ID: e802baf4-c41d-4fc2-93ff-f5756fa46d10</b></a><br />
    <div class="stackTrace" id="exception-3">
              sun.reflect.NativeConstructorAccessorImpl.newInstance0(Native Method)<br />
              sun.reflect.NativeConstructorAccessorImpl.newInstance(Unknown Source)<br />
              sun.reflect.DelegatingConstructorAccessorImpl.newInstance(Unknown Source)<br />
              java.lang.reflect.Constructor.newInstance(Unknown Source)<br />
              org.openqa.selenium.remote.ErrorHandler.createThrowable(ErrorHandler.java:204)<br />
              org.openqa.selenium.remote.ErrorHandler.throwIfResponseFailed(ErrorHandler.java:156)<br />
              org.openqa.selenium.remote.RemoteWebDriver.execute(RemoteWebDriver.java:599)<br />
              org.openqa.selenium.remote.RemoteWebDriver.findElement(RemoteWebDriver.java:352)<br />
              org.openqa.selenium.remote.RemoteWebDriver.findElementByXPath(RemoteWebDriver.java:449)<br />
              org.openqa.selenium.By$ByXPath.findElement(By.java:357)<br />
              org.openqa.selenium.remote.RemoteWebDriver.findElement(RemoteWebDriver.java:344)<br />
              org.openqa.selenium.support.pagefactory.DefaultElementLocator.findElement(DefaultElementLocator.java:59)<br />
              org.openqa.selenium.support.pagefactory.internal.LocatingElementHandler.invoke(LocatingElementHandler.java:37)<br />
              com.sun.proxy.$Proxy5.getText(Unknown Source)<br />
              Pageobject_Employ_grade.Pageobject_create.Valid_grade_test(Pageobject_create.java:169)<br />
              Scenario_Employ_grade.Scenario_create.Valid_grade_test(Scenario_create.java:136)<br />
              sun.reflect.NativeMethodAccessorImpl.invoke0(Native Method)<br />
              sun.reflect.NativeMethodAccessorImpl.invoke(Unknown Source)<br />
              sun.reflect.DelegatingMethodAccessorImpl.invoke(Unknown Source)<br />
              java.lang.reflect.Method.invoke(Unknown Source)<br />
              org.testng.internal.MethodInvocationHelper.invokeMethod(MethodInvocationHelper.java:84)<br />
              org.testng.internal.Invoker.invokeMethod(Invoker.java:714)<br />
              org.testng.internal.Invoker.invokeTestMethod(Invoker.java:901)<br />
              org.testng.internal.Invoker.invokeTestMethods(Invoker.java:1231)<br />
              org.testng.internal.TestMethodWorker.invokeTestMethods(TestMethodWorker.java:127)<br />
              org.testng.internal.TestMethodWorker.run(TestMethodWorker.java:111)<br />
              org.testng.TestRunner.privateRun(TestRunner.java:767)<br />
              org.testng.TestRunner.run(TestRunner.java:617)<br />
              org.testng.SuiteRunner.runTest(SuiteRunner.java:334)<br />
              org.testng.SuiteRunner.runSequentially(SuiteRunner.java:329)<br />
              org.testng.SuiteRunner.privateRun(SuiteRunner.java:291)<br />
              org.testng.SuiteRunner.run(SuiteRunner.java:240)<br />
              org.testng.SuiteRunnerWorker.runSuite(SuiteRunnerWorker.java:52)<br />
              org.testng.SuiteRunnerWorker.run(SuiteRunnerWorker.java:86)<br />
              org.testng.TestNG.runSuitesSequentially(TestNG.java:1224)<br />
              org.testng.TestNG.runSuitesLocally(TestNG.java:1149)<br />
              org.testng.TestNG.run(TestNG.java:1057)<br />
              org.testng.remote.RemoteTestNG.run(RemoteTestNG.java:115)<br />
              org.testng.remote.RemoteTestNG.initAndRun(RemoteTestNG.java:207)<br />
              org.testng.remote.RemoteTestNG.main(RemoteTestNG.java:178)<br />
                    <b>Caused by: </b> <a href="javascript:toggleElement('exception-4', 'block')" title="Click to expand/collapse">org.openqa.selenium.NoSuchElementException: Unable to locate element: {&quot;method&quot;:&quot;xpath&quot;,&quot;selector&quot;:&quot;//*[@id=&apos;GradeTableContainer&apos;]/div/table/tbody/tr[1]/td[2]&quot;}<br/>
For documentation on this error, please visit: http://seleniumhq.org/exceptions/no_such_element.html<br/>
Build info: version: &apos;2.44.0&apos;, revision: &apos;76d78cf323ce037c5f92db6c1bba601c2ac43ad8&apos;, time: &apos;2014-10-23 13:11:40&apos;<br/>
System info: host: &apos;DJ-PC&apos;, ip: &apos;192.168.30.1&apos;, os.name: &apos;Windows 7&apos;, os.arch: &apos;amd64&apos;, os.version: &apos;6.1&apos;, java.version: &apos;1.8.0_60&apos;<br/>
Driver info: driver.version: unknown</a><br />
        <div class="stackTrace" id="exception-4">
                      &lt;anonymous class&gt;.FirefoxDriver.prototype.findElementInternal_(file:///C:/Users/DJ/AppData/Local/Temp/anonymous8238463954561850292webdriver-profile/extensions/fxdriver@googlecode.com/components/driver-component.js:9641:133)<br />
                      &lt;anonymous class&gt;.fxdriver.Timer.prototype.setTimeout/&lt;.notify(file:///C:/Users/DJ/AppData/Local/Temp/anonymous8238463954561850292webdriver-profile/extensions/fxdriver@googlecode.com/components/driver-component.js:548:5)<br />
                  </div>
          </div>
      </td>
</tr>
<tr>
  <td class="method">
                  test_Validcriti
      </td>
  <td class="duration">
    18.479s
  </td>
  <td class="result">
        
          <i>Method arguments: </i><span class="arguments">"RW_159", "1.0", "", "AB001", "AB", "Grade Name can not be empty"</span><br />
    
        

        <a href="javascript:toggleElement('exception-5', 'block')" title="Click to expand/collapse"><b>java.lang.AssertionError: The following asserts failed:<br/>
null, Failed as Expected msg was Grade Code can not be emptyActual msg was&nbsp;&nbsp; Grade Name already exists!, null, Failed as Expected msg was Grade Code already exists!Actual msg was&nbsp;&nbsp; Grade Name already exists!</b></a><br />
    <div class="stackTrace" id="exception-5">
              org.testng.asserts.SoftAssert.assertAll(SoftAssert.java:38)<br />
              Scenario_Employ_grade.Scenario_create.test_Validcriti(Scenario_create.java:40)<br />
              sun.reflect.NativeMethodAccessorImpl.invoke0(Native Method)<br />
              sun.reflect.NativeMethodAccessorImpl.invoke(Unknown Source)<br />
              sun.reflect.DelegatingMethodAccessorImpl.invoke(Unknown Source)<br />
              java.lang.reflect.Method.invoke(Unknown Source)<br />
              org.testng.internal.MethodInvocationHelper.invokeMethod(MethodInvocationHelper.java:84)<br />
              org.testng.internal.Invoker.invokeMethod(Invoker.java:714)<br />
              org.testng.internal.Invoker.invokeTestMethod(Invoker.java:901)<br />
              org.testng.internal.Invoker.invokeTestMethods(Invoker.java:1231)<br />
              org.testng.internal.TestMethodWorker.invokeTestMethods(TestMethodWorker.java:127)<br />
              org.testng.internal.TestMethodWorker.run(TestMethodWorker.java:111)<br />
              org.testng.TestRunner.privateRun(TestRunner.java:767)<br />
              org.testng.TestRunner.run(TestRunner.java:617)<br />
              org.testng.SuiteRunner.runTest(SuiteRunner.java:334)<br />
              org.testng.SuiteRunner.runSequentially(SuiteRunner.java:329)<br />
              org.testng.SuiteRunner.privateRun(SuiteRunner.java:291)<br />
              org.testng.SuiteRunner.run(SuiteRunner.java:240)<br />
              org.testng.SuiteRunnerWorker.runSuite(SuiteRunnerWorker.java:52)<br />
              org.testng.SuiteRunnerWorker.run(SuiteRunnerWorker.java:86)<br />
              org.testng.TestNG.runSuitesSequentially(TestNG.java:1224)<br />
              org.testng.TestNG.runSuitesLocally(TestNG.java:1149)<br />
              org.testng.TestNG.run(TestNG.java:1057)<br />
              org.testng.remote.RemoteTestNG.run(RemoteTestNG.java:115)<br />
              org.testng.remote.RemoteTestNG.initAndRun(RemoteTestNG.java:207)<br />
              org.testng.remote.RemoteTestNG.main(RemoteTestNG.java:178)<br />
                </div>
      </td>
</tr>
          <tr>
        <td colspan="3" class="group">Scenario_branch.Scenario_del</td>
      </tr>
            
<tr>
  <td class="method">
                  test_valid_frstcountry_del
      </td>
  <td class="duration">
    14.345s
  </td>
  <td class="result">
        
          <i>Method arguments: </i><span class="arguments">"RW_127", "1.0", "Deleted"</span><br />
    
        

        <a href="javascript:toggleElement('exception-6', 'block')" title="Click to expand/collapse"><b>java.lang.NullPointerException</b></a><br />
    <div class="stackTrace" id="exception-6">
              Scenario_branch.Scenario_del.test_valid_frstcountry_del(Scenario_del.java:68)<br />
              sun.reflect.NativeMethodAccessorImpl.invoke0(Native Method)<br />
              sun.reflect.NativeMethodAccessorImpl.invoke(Unknown Source)<br />
              sun.reflect.DelegatingMethodAccessorImpl.invoke(Unknown Source)<br />
              java.lang.reflect.Method.invoke(Unknown Source)<br />
              org.testng.internal.MethodInvocationHelper.invokeMethod(MethodInvocationHelper.java:84)<br />
              org.testng.internal.Invoker.invokeMethod(Invoker.java:714)<br />
              org.testng.internal.Invoker.invokeTestMethod(Invoker.java:901)<br />
              org.testng.internal.Invoker.invokeTestMethods(Invoker.java:1231)<br />
              org.testng.internal.TestMethodWorker.invokeTestMethods(TestMethodWorker.java:127)<br />
              org.testng.internal.TestMethodWorker.run(TestMethodWorker.java:111)<br />
              org.testng.TestRunner.privateRun(TestRunner.java:767)<br />
              org.testng.TestRunner.run(TestRunner.java:617)<br />
              org.testng.SuiteRunner.runTest(SuiteRunner.java:334)<br />
              org.testng.SuiteRunner.runSequentially(SuiteRunner.java:329)<br />
              org.testng.SuiteRunner.privateRun(SuiteRunner.java:291)<br />
              org.testng.SuiteRunner.run(SuiteRunner.java:240)<br />
              org.testng.SuiteRunnerWorker.runSuite(SuiteRunnerWorker.java:52)<br />
              org.testng.SuiteRunnerWorker.run(SuiteRunnerWorker.java:86)<br />
              org.testng.TestNG.runSuitesSequentially(TestNG.java:1224)<br />
              org.testng.TestNG.runSuitesLocally(TestNG.java:1149)<br />
              org.testng.TestNG.run(TestNG.java:1057)<br />
              org.testng.remote.RemoteTestNG.run(RemoteTestNG.java:115)<br />
              org.testng.remote.RemoteTestNG.initAndRun(RemoteTestNG.java:207)<br />
              org.testng.remote.RemoteTestNG.main(RemoteTestNG.java:178)<br />
                </div>
      </td>
</tr>
<tr>
  <td class="method">
                  test_valid_mul_del
      </td>
  <td class="duration">
    18.622s
  </td>
  <td class="result">
        
          <i>Method arguments: </i><span class="arguments">"RW_128", "1.0", "Deleted"</span><br />
    
        

        <a href="javascript:toggleElement('exception-7', 'block')" title="Click to expand/collapse"><b>java.lang.NullPointerException</b></a><br />
    <div class="stackTrace" id="exception-7">
              Scenario_branch.Scenario_del.test_valid_mul_del(Scenario_del.java:96)<br />
              sun.reflect.NativeMethodAccessorImpl.invoke0(Native Method)<br />
              sun.reflect.NativeMethodAccessorImpl.invoke(Unknown Source)<br />
              sun.reflect.DelegatingMethodAccessorImpl.invoke(Unknown Source)<br />
              java.lang.reflect.Method.invoke(Unknown Source)<br />
              org.testng.internal.MethodInvocationHelper.invokeMethod(MethodInvocationHelper.java:84)<br />
              org.testng.internal.Invoker.invokeMethod(Invoker.java:714)<br />
              org.testng.internal.Invoker.invokeTestMethod(Invoker.java:901)<br />
              org.testng.internal.Invoker.invokeTestMethods(Invoker.java:1231)<br />
              org.testng.internal.TestMethodWorker.invokeTestMethods(TestMethodWorker.java:127)<br />
              org.testng.internal.TestMethodWorker.run(TestMethodWorker.java:111)<br />
              org.testng.TestRunner.privateRun(TestRunner.java:767)<br />
              org.testng.TestRunner.run(TestRunner.java:617)<br />
              org.testng.SuiteRunner.runTest(SuiteRunner.java:334)<br />
              org.testng.SuiteRunner.runSequentially(SuiteRunner.java:329)<br />
              org.testng.SuiteRunner.privateRun(SuiteRunner.java:291)<br />
              org.testng.SuiteRunner.run(SuiteRunner.java:240)<br />
              org.testng.SuiteRunnerWorker.runSuite(SuiteRunnerWorker.java:52)<br />
              org.testng.SuiteRunnerWorker.run(SuiteRunnerWorker.java:86)<br />
              org.testng.TestNG.runSuitesSequentially(TestNG.java:1224)<br />
              org.testng.TestNG.runSuitesLocally(TestNG.java:1149)<br />
              org.testng.TestNG.run(TestNG.java:1057)<br />
              org.testng.remote.RemoteTestNG.run(RemoteTestNG.java:115)<br />
              org.testng.remote.RemoteTestNG.initAndRun(RemoteTestNG.java:207)<br />
              org.testng.remote.RemoteTestNG.main(RemoteTestNG.java:178)<br />
                </div>
      </td>
</tr>
          <tr>
        <td colspan="3" class="group">Scenario_criticality.Scenario_edit</td>
      </tr>
            
<tr>
  <td class="method">
                  test_Invalidcriti_blnk
      </td>
  <td class="duration">
    10.123s
  </td>
  <td class="result">
        
          <i>Method arguments: </i><span class="arguments">"RW_13", "1.0", "", "low criticality", "Criticality can not be empty."</span><br />
    
        

        <a href="javascript:toggleElement('exception-8', 'block')" title="Click to expand/collapse"><b>org.openqa.selenium.interactions.MoveTargetOutOfBoundsException: Element cannot be scrolled into view:[object XrayWrapper [object HTMLSpanElement]]<br/>
Command duration or timeout: 50 milliseconds<br/>
Build info: version: &apos;2.44.0&apos;, revision: &apos;76d78cf323ce037c5f92db6c1bba601c2ac43ad8&apos;, time: &apos;2014-10-23 13:11:40&apos;<br/>
System info: host: &apos;DJ-PC&apos;, ip: &apos;192.168.30.1&apos;, os.name: &apos;Windows 7&apos;, os.arch: &apos;amd64&apos;, os.version: &apos;6.1&apos;, java.version: &apos;1.8.0_60&apos;<br/>
Driver info: org.openqa.selenium.firefox.FirefoxDriver<br/>
Capabilities [{applicationCacheEnabled=true, rotatable=false, handlesAlerts=true, databaseEnabled=true, version=31.0, platform=WINDOWS, nativeEvents=true, acceptSslCerts=true, webStorageEnabled=true, locationContextEnabled=true, browserName=firefox, takesScreenshot=true, javascriptEnabled=true, cssSelectorsEnabled=true}]<br/>
Session ID: 3ddb424e-0aea-4d2e-9097-3c62da8cdb6b</b></a><br />
    <div class="stackTrace" id="exception-8">
              sun.reflect.NativeConstructorAccessorImpl.newInstance0(Native Method)<br />
              sun.reflect.NativeConstructorAccessorImpl.newInstance(Unknown Source)<br />
              sun.reflect.DelegatingConstructorAccessorImpl.newInstance(Unknown Source)<br />
              java.lang.reflect.Constructor.newInstance(Unknown Source)<br />
              org.openqa.selenium.remote.ErrorHandler.createThrowable(ErrorHandler.java:204)<br />
              org.openqa.selenium.remote.ErrorHandler.throwIfResponseFailed(ErrorHandler.java:156)<br />
              org.openqa.selenium.remote.RemoteWebDriver.execute(RemoteWebDriver.java:599)<br />
              org.openqa.selenium.remote.RemoteWebElement.execute(RemoteWebElement.java:268)<br />
              org.openqa.selenium.remote.RemoteWebElement.click(RemoteWebElement.java:79)<br />
              sun.reflect.GeneratedMethodAccessor10.invoke(Unknown Source)<br />
              sun.reflect.DelegatingMethodAccessorImpl.invoke(Unknown Source)<br />
              java.lang.reflect.Method.invoke(Unknown Source)<br />
              org.openqa.selenium.support.pagefactory.internal.LocatingElementHandler.invoke(LocatingElementHandler.java:50)<br />
              com.sun.proxy.$Proxy5.click(Unknown Source)<br />
              PageObject_criticality.Pageobject_edit.click_criti(Pageobject_edit.java:86)<br />
              PageObject_criticality.Pageobject_edit.Commonprocesscriti(Pageobject_edit.java:150)<br />
              Scenario_criticality.Scenario_edit.test_Invalidcriti_blnk(Scenario_edit.java:50)<br />
              sun.reflect.NativeMethodAccessorImpl.invoke0(Native Method)<br />
              sun.reflect.NativeMethodAccessorImpl.invoke(Unknown Source)<br />
              sun.reflect.DelegatingMethodAccessorImpl.invoke(Unknown Source)<br />
              java.lang.reflect.Method.invoke(Unknown Source)<br />
              org.testng.internal.MethodInvocationHelper.invokeMethod(MethodInvocationHelper.java:84)<br />
              org.testng.internal.Invoker.invokeMethod(Invoker.java:714)<br />
              org.testng.internal.Invoker.invokeTestMethod(Invoker.java:901)<br />
              org.testng.internal.Invoker.invokeTestMethods(Invoker.java:1231)<br />
              org.testng.internal.TestMethodWorker.invokeTestMethods(TestMethodWorker.java:127)<br />
              org.testng.internal.TestMethodWorker.run(TestMethodWorker.java:111)<br />
              org.testng.TestRunner.privateRun(TestRunner.java:767)<br />
              org.testng.TestRunner.run(TestRunner.java:617)<br />
              org.testng.SuiteRunner.runTest(SuiteRunner.java:334)<br />
              org.testng.SuiteRunner.runSequentially(SuiteRunner.java:329)<br />
              org.testng.SuiteRunner.privateRun(SuiteRunner.java:291)<br />
              org.testng.SuiteRunner.run(SuiteRunner.java:240)<br />
              org.testng.SuiteRunnerWorker.runSuite(SuiteRunnerWorker.java:52)<br />
              org.testng.SuiteRunnerWorker.run(SuiteRunnerWorker.java:86)<br />
              org.testng.TestNG.runSuitesSequentially(TestNG.java:1224)<br />
              org.testng.TestNG.runSuitesLocally(TestNG.java:1149)<br />
              org.testng.TestNG.run(TestNG.java:1057)<br />
              org.testng.remote.RemoteTestNG.run(RemoteTestNG.java:115)<br />
              org.testng.remote.RemoteTestNG.initAndRun(RemoteTestNG.java:207)<br />
              org.testng.remote.RemoteTestNG.main(RemoteTestNG.java:178)<br />
                    <b>Caused by: </b> <a href="javascript:toggleElement('exception-9', 'block')" title="Click to expand/collapse">org.openqa.selenium.interactions.MoveTargetOutOfBoundsException: Element cannot be scrolled into view:[object XrayWrapper [object HTMLSpanElement]]<br/>
Build info: version: &apos;2.44.0&apos;, revision: &apos;76d78cf323ce037c5f92db6c1bba601c2ac43ad8&apos;, time: &apos;2014-10-23 13:11:40&apos;<br/>
System info: host: &apos;DJ-PC&apos;, ip: &apos;192.168.30.1&apos;, os.name: &apos;Windows 7&apos;, os.arch: &apos;amd64&apos;, os.version: &apos;6.1&apos;, java.version: &apos;1.8.0_60&apos;<br/>
Driver info: driver.version: unknown</a><br />
        <div class="stackTrace" id="exception-9">
                      &lt;anonymous class&gt;.WebElement.clickElement(file:///C:/Users/DJ/AppData/Local/Temp/anonymous5983407041554616427webdriver-profile/extensions/fxdriver@googlecode.com/components/command-processor.js:11036:7)<br />
                      &lt;anonymous class&gt;.DelayedCommand.prototype.executeInternal_/h(file:///C:/Users/DJ/AppData/Local/Temp/anonymous5983407041554616427webdriver-profile/extensions/fxdriver@googlecode.com/components/command-processor.js:11635:16)<br />
                      &lt;anonymous class&gt;.DelayedCommand.prototype.executeInternal_(file:///C:/Users/DJ/AppData/Local/Temp/anonymous5983407041554616427webdriver-profile/extensions/fxdriver@googlecode.com/components/command-processor.js:11640:7)<br />
                      &lt;anonymous class&gt;.DelayedCommand.prototype.execute/&lt;(file:///C:/Users/DJ/AppData/Local/Temp/anonymous5983407041554616427webdriver-profile/extensions/fxdriver@googlecode.com/components/command-processor.js:11582:5)<br />
                  </div>
          </div>
      </td>
</tr>
          <tr>
        <td colspan="3" class="group">Scenario_employee.Scenario_create</td>
      </tr>
            
<tr>
  <td class="method">
                  Invalid_same_loginid_test
      </td>
  <td class="duration">
    21.978s
  </td>
  <td class="result">
        
          <i>Method arguments: </i><span class="arguments">"RW_134", "1.0", "100.0", "127.0", "satish", "akash2", "802004.0", "reachwell@gmail.com", "BE", "CCNP", "Login Id already exists!"</span><br />
    
        

        <a href="javascript:toggleElement('exception-10', 'block')" title="Click to expand/collapse"><b>org.openqa.selenium.NoSuchElementException: Unable to locate element: {&quot;method&quot;:&quot;xpath&quot;,&quot;selector&quot;:&quot;//*[@id=&apos;CM_Employee_Create_Form-p-1&apos;]/div[1]/div/label&quot;}<br/>
Command duration or timeout: 5.08 seconds<br/>
For documentation on this error, please visit: http://seleniumhq.org/exceptions/no_such_element.html<br/>
Build info: version: &apos;2.44.0&apos;, revision: &apos;76d78cf323ce037c5f92db6c1bba601c2ac43ad8&apos;, time: &apos;2014-10-23 13:11:40&apos;<br/>
System info: host: &apos;DJ-PC&apos;, ip: &apos;192.168.30.1&apos;, os.name: &apos;Windows 7&apos;, os.arch: &apos;amd64&apos;, os.version: &apos;6.1&apos;, java.version: &apos;1.8.0_60&apos;<br/>
Driver info: org.openqa.selenium.firefox.FirefoxDriver<br/>
Capabilities [{applicationCacheEnabled=true, rotatable=false, handlesAlerts=true, databaseEnabled=true, version=31.0, platform=WINDOWS, nativeEvents=true, acceptSslCerts=true, webStorageEnabled=true, locationContextEnabled=true, browserName=firefox, takesScreenshot=true, javascriptEnabled=true, cssSelectorsEnabled=true}]<br/>
Session ID: 8a5a60bc-63c9-4b0f-835b-d742780337e1</b></a><br />
    <div class="stackTrace" id="exception-10">
              sun.reflect.NativeConstructorAccessorImpl.newInstance0(Native Method)<br />
              sun.reflect.NativeConstructorAccessorImpl.newInstance(Unknown Source)<br />
              sun.reflect.DelegatingConstructorAccessorImpl.newInstance(Unknown Source)<br />
              java.lang.reflect.Constructor.newInstance(Unknown Source)<br />
              org.openqa.selenium.remote.ErrorHandler.createThrowable(ErrorHandler.java:204)<br />
              org.openqa.selenium.remote.ErrorHandler.throwIfResponseFailed(ErrorHandler.java:156)<br />
              org.openqa.selenium.remote.RemoteWebDriver.execute(RemoteWebDriver.java:599)<br />
              org.openqa.selenium.remote.RemoteWebDriver.findElement(RemoteWebDriver.java:352)<br />
              org.openqa.selenium.remote.RemoteWebDriver.findElementByXPath(RemoteWebDriver.java:449)<br />
              org.openqa.selenium.By$ByXPath.findElement(By.java:357)<br />
              org.openqa.selenium.remote.RemoteWebDriver.findElement(RemoteWebDriver.java:344)<br />
              org.openqa.selenium.support.pagefactory.DefaultElementLocator.findElement(DefaultElementLocator.java:59)<br />
              org.openqa.selenium.support.pagefactory.internal.LocatingElementHandler.invoke(LocatingElementHandler.java:37)<br />
              com.sun.proxy.$Proxy5.getText(Unknown Source)<br />
              PageObject_employee.Pageobject_create.Invalid_same_loginid_test(Pageobject_create.java:483)<br />
              Scenario_employee.Scenario_create.Invalid_same_loginid_test(Scenario_create.java:162)<br />
              sun.reflect.NativeMethodAccessorImpl.invoke0(Native Method)<br />
              sun.reflect.NativeMethodAccessorImpl.invoke(Unknown Source)<br />
              sun.reflect.DelegatingMethodAccessorImpl.invoke(Unknown Source)<br />
              java.lang.reflect.Method.invoke(Unknown Source)<br />
              org.testng.internal.MethodInvocationHelper.invokeMethod(MethodInvocationHelper.java:84)<br />
              org.testng.internal.Invoker.invokeMethod(Invoker.java:714)<br />
              org.testng.internal.Invoker.invokeTestMethod(Invoker.java:901)<br />
              org.testng.internal.Invoker.invokeTestMethods(Invoker.java:1231)<br />
              org.testng.internal.TestMethodWorker.invokeTestMethods(TestMethodWorker.java:127)<br />
              org.testng.internal.TestMethodWorker.run(TestMethodWorker.java:111)<br />
              org.testng.TestRunner.privateRun(TestRunner.java:767)<br />
              org.testng.TestRunner.run(TestRunner.java:617)<br />
              org.testng.SuiteRunner.runTest(SuiteRunner.java:334)<br />
              org.testng.SuiteRunner.runSequentially(SuiteRunner.java:329)<br />
              org.testng.SuiteRunner.privateRun(SuiteRunner.java:291)<br />
              org.testng.SuiteRunner.run(SuiteRunner.java:240)<br />
              org.testng.SuiteRunnerWorker.runSuite(SuiteRunnerWorker.java:52)<br />
              org.testng.SuiteRunnerWorker.run(SuiteRunnerWorker.java:86)<br />
              org.testng.TestNG.runSuitesSequentially(TestNG.java:1224)<br />
              org.testng.TestNG.runSuitesLocally(TestNG.java:1149)<br />
              org.testng.TestNG.run(TestNG.java:1057)<br />
              org.testng.remote.RemoteTestNG.run(RemoteTestNG.java:115)<br />
              org.testng.remote.RemoteTestNG.initAndRun(RemoteTestNG.java:207)<br />
              org.testng.remote.RemoteTestNG.main(RemoteTestNG.java:178)<br />
                    <b>Caused by: </b> <a href="javascript:toggleElement('exception-11', 'block')" title="Click to expand/collapse">org.openqa.selenium.NoSuchElementException: Unable to locate element: {&quot;method&quot;:&quot;xpath&quot;,&quot;selector&quot;:&quot;//*[@id=&apos;CM_Employee_Create_Form-p-1&apos;]/div[1]/div/label&quot;}<br/>
For documentation on this error, please visit: http://seleniumhq.org/exceptions/no_such_element.html<br/>
Build info: version: &apos;2.44.0&apos;, revision: &apos;76d78cf323ce037c5f92db6c1bba601c2ac43ad8&apos;, time: &apos;2014-10-23 13:11:40&apos;<br/>
System info: host: &apos;DJ-PC&apos;, ip: &apos;192.168.30.1&apos;, os.name: &apos;Windows 7&apos;, os.arch: &apos;amd64&apos;, os.version: &apos;6.1&apos;, java.version: &apos;1.8.0_60&apos;<br/>
Driver info: driver.version: unknown</a><br />
        <div class="stackTrace" id="exception-11">
                      &lt;anonymous class&gt;.FirefoxDriver.prototype.findElementInternal_(file:///C:/Users/DJ/AppData/Local/Temp/anonymous1382986671740748713webdriver-profile/extensions/fxdriver@googlecode.com/components/driver-component.js:9641:133)<br />
                      &lt;anonymous class&gt;.fxdriver.Timer.prototype.setTimeout/&lt;.notify(file:///C:/Users/DJ/AppData/Local/Temp/anonymous1382986671740748713webdriver-profile/extensions/fxdriver@googlecode.com/components/driver-component.js:548:5)<br />
                  </div>
          </div>
      </td>
</tr>
          <tr>
        <td colspan="3" class="group">Scenario_invoice.Scenario_del</td>
      </tr>
            
<tr>
  <td class="method">
                  test_Invalid_delinvoice_blnk
      </td>
  <td class="duration">
    0.000s
  </td>
  <td class="result">
        
    
        

        <a href="javascript:toggleElement('exception-12', 'block')" title="Click to expand/collapse"><b>java.lang.RuntimeException: java.io.FileNotFoundException: D:\akash\salenium\Reach_OAMC\Excel-files\03_Reachwell_masters_currency_Data.xls (The system cannot find the file specified)</b></a><br />
    <div class="stackTrace" id="exception-12">
              org.testng.internal.MethodInvocationHelper.invokeDataProvider(MethodInvocationHelper.java:161)<br />
              org.testng.internal.Parameters.handleParameters(Parameters.java:429)<br />
              org.testng.internal.Invoker.handleParameters(Invoker.java:1383)<br />
              org.testng.internal.Invoker.createParameters(Invoker.java:1075)<br />
              org.testng.internal.Invoker.invokeTestMethods(Invoker.java:1180)<br />
              org.testng.internal.TestMethodWorker.invokeTestMethods(TestMethodWorker.java:127)<br />
              org.testng.internal.TestMethodWorker.run(TestMethodWorker.java:111)<br />
              org.testng.TestRunner.privateRun(TestRunner.java:767)<br />
              org.testng.TestRunner.run(TestRunner.java:617)<br />
              org.testng.SuiteRunner.runTest(SuiteRunner.java:334)<br />
              org.testng.SuiteRunner.runSequentially(SuiteRunner.java:329)<br />
              org.testng.SuiteRunner.privateRun(SuiteRunner.java:291)<br />
              org.testng.SuiteRunner.run(SuiteRunner.java:240)<br />
              org.testng.SuiteRunnerWorker.runSuite(SuiteRunnerWorker.java:52)<br />
              org.testng.SuiteRunnerWorker.run(SuiteRunnerWorker.java:86)<br />
              org.testng.TestNG.runSuitesSequentially(TestNG.java:1224)<br />
              org.testng.TestNG.runSuitesLocally(TestNG.java:1149)<br />
              org.testng.TestNG.run(TestNG.java:1057)<br />
              org.testng.remote.RemoteTestNG.run(RemoteTestNG.java:115)<br />
              org.testng.remote.RemoteTestNG.initAndRun(RemoteTestNG.java:207)<br />
              org.testng.remote.RemoteTestNG.main(RemoteTestNG.java:178)<br />
                    <b>Caused by: </b> <a href="javascript:toggleElement('exception-13', 'block')" title="Click to expand/collapse">java.io.FileNotFoundException: D:\akash\salenium\Reach_OAMC\Excel-files\03_Reachwell_masters_currency_Data.xls (The system cannot find the file specified)</a><br />
        <div class="stackTrace" id="exception-13">
                      java.io.FileInputStream.open0(Native Method)<br />
                      java.io.FileInputStream.open(Unknown Source)<br />
                      java.io.FileInputStream.&lt;init&gt;(Unknown Source)<br />
                      java.io.FileInputStream.&lt;init&gt;(Unknown Source)<br />
                      Generic_component.ExcelReadWrite.&lt;init&gt;(ExcelReadWrite.java:20)<br />
                      Dataprovider_invoice.DataProvider_del.flagRowcount(DataProvider_del.java:42)<br />
                      Dataprovider_invoice.DataProvider_del.Invalidedit_blnkData(DataProvider_del.java:17)<br />
                      sun.reflect.NativeMethodAccessorImpl.invoke0(Native Method)<br />
                      sun.reflect.NativeMethodAccessorImpl.invoke(Unknown Source)<br />
                      sun.reflect.DelegatingMethodAccessorImpl.invoke(Unknown Source)<br />
                      java.lang.reflect.Method.invoke(Unknown Source)<br />
                      org.testng.internal.MethodInvocationHelper.invokeMethod(MethodInvocationHelper.java:84)<br />
                      org.testng.internal.MethodInvocationHelper.invokeDataProvider(MethodInvocationHelper.java:153)<br />
                      org.testng.internal.Parameters.handleParameters(Parameters.java:429)<br />
                      org.testng.internal.Invoker.handleParameters(Invoker.java:1383)<br />
                      org.testng.internal.Invoker.createParameters(Invoker.java:1075)<br />
                      org.testng.internal.Invoker.invokeTestMethods(Invoker.java:1180)<br />
                      org.testng.internal.TestMethodWorker.invokeTestMethods(TestMethodWorker.java:127)<br />
                      org.testng.internal.TestMethodWorker.run(TestMethodWorker.java:111)<br />
                      org.testng.TestRunner.privateRun(TestRunner.java:767)<br />
                      org.testng.TestRunner.run(TestRunner.java:617)<br />
                      org.testng.SuiteRunner.runTest(SuiteRunner.java:334)<br />
                      org.testng.SuiteRunner.runSequentially(SuiteRunner.java:329)<br />
                      org.testng.SuiteRunner.privateRun(SuiteRunner.java:291)<br />
                      org.testng.SuiteRunner.run(SuiteRunner.java:240)<br />
                      org.testng.SuiteRunnerWorker.runSuite(SuiteRunnerWorker.java:52)<br />
                      org.testng.SuiteRunnerWorker.run(SuiteRunnerWorker.java:86)<br />
                      org.testng.TestNG.runSuitesSequentially(TestNG.java:1224)<br />
                      org.testng.TestNG.runSuitesLocally(TestNG.java:1149)<br />
                      org.testng.TestNG.run(TestNG.java:1057)<br />
                      org.testng.remote.RemoteTestNG.run(RemoteTestNG.java:115)<br />
                      org.testng.remote.RemoteTestNG.initAndRun(RemoteTestNG.java:207)<br />
                      org.testng.remote.RemoteTestNG.main(RemoteTestNG.java:178)<br />
                  </div>
          </div>
      </td>
</tr>
<tr>
  <td class="method">
                  test_valid_frstinvoice_del
      </td>
  <td class="duration">
    0.000s
  </td>
  <td class="result">
        
    
        

        <a href="javascript:toggleElement('exception-14', 'block')" title="Click to expand/collapse"><b>java.lang.RuntimeException: java.io.FileNotFoundException: D:\akash\salenium\Reach_OAMC\Excel-files\03_Reachwell_masters_currency_Data.xls (The system cannot find the file specified)</b></a><br />
    <div class="stackTrace" id="exception-14">
              org.testng.internal.MethodInvocationHelper.invokeDataProvider(MethodInvocationHelper.java:161)<br />
              org.testng.internal.Parameters.handleParameters(Parameters.java:429)<br />
              org.testng.internal.Invoker.handleParameters(Invoker.java:1383)<br />
              org.testng.internal.Invoker.createParameters(Invoker.java:1075)<br />
              org.testng.internal.Invoker.invokeTestMethods(Invoker.java:1180)<br />
              org.testng.internal.TestMethodWorker.invokeTestMethods(TestMethodWorker.java:127)<br />
              org.testng.internal.TestMethodWorker.run(TestMethodWorker.java:111)<br />
              org.testng.TestRunner.privateRun(TestRunner.java:767)<br />
              org.testng.TestRunner.run(TestRunner.java:617)<br />
              org.testng.SuiteRunner.runTest(SuiteRunner.java:334)<br />
              org.testng.SuiteRunner.runSequentially(SuiteRunner.java:329)<br />
              org.testng.SuiteRunner.privateRun(SuiteRunner.java:291)<br />
              org.testng.SuiteRunner.run(SuiteRunner.java:240)<br />
              org.testng.SuiteRunnerWorker.runSuite(SuiteRunnerWorker.java:52)<br />
              org.testng.SuiteRunnerWorker.run(SuiteRunnerWorker.java:86)<br />
              org.testng.TestNG.runSuitesSequentially(TestNG.java:1224)<br />
              org.testng.TestNG.runSuitesLocally(TestNG.java:1149)<br />
              org.testng.TestNG.run(TestNG.java:1057)<br />
              org.testng.remote.RemoteTestNG.run(RemoteTestNG.java:115)<br />
              org.testng.remote.RemoteTestNG.initAndRun(RemoteTestNG.java:207)<br />
              org.testng.remote.RemoteTestNG.main(RemoteTestNG.java:178)<br />
                    <b>Caused by: </b> <a href="javascript:toggleElement('exception-15', 'block')" title="Click to expand/collapse">java.io.FileNotFoundException: D:\akash\salenium\Reach_OAMC\Excel-files\03_Reachwell_masters_currency_Data.xls (The system cannot find the file specified)</a><br />
        <div class="stackTrace" id="exception-15">
                      java.io.FileInputStream.open0(Native Method)<br />
                      java.io.FileInputStream.open(Unknown Source)<br />
                      java.io.FileInputStream.&lt;init&gt;(Unknown Source)<br />
                      java.io.FileInputStream.&lt;init&gt;(Unknown Source)<br />
                      Generic_component.ExcelReadWrite.&lt;init&gt;(ExcelReadWrite.java:20)<br />
                      Dataprovider_invoice.DataProvider_del.flagRowcount(DataProvider_del.java:42)<br />
                      Dataprovider_invoice.DataProvider_del.Invalideditdata(DataProvider_del.java:25)<br />
                      sun.reflect.NativeMethodAccessorImpl.invoke0(Native Method)<br />
                      sun.reflect.NativeMethodAccessorImpl.invoke(Unknown Source)<br />
                      sun.reflect.DelegatingMethodAccessorImpl.invoke(Unknown Source)<br />
                      java.lang.reflect.Method.invoke(Unknown Source)<br />
                      org.testng.internal.MethodInvocationHelper.invokeMethod(MethodInvocationHelper.java:84)<br />
                      org.testng.internal.MethodInvocationHelper.invokeDataProvider(MethodInvocationHelper.java:153)<br />
                      org.testng.internal.Parameters.handleParameters(Parameters.java:429)<br />
                      org.testng.internal.Invoker.handleParameters(Invoker.java:1383)<br />
                      org.testng.internal.Invoker.createParameters(Invoker.java:1075)<br />
                      org.testng.internal.Invoker.invokeTestMethods(Invoker.java:1180)<br />
                      org.testng.internal.TestMethodWorker.invokeTestMethods(TestMethodWorker.java:127)<br />
                      org.testng.internal.TestMethodWorker.run(TestMethodWorker.java:111)<br />
                      org.testng.TestRunner.privateRun(TestRunner.java:767)<br />
                      org.testng.TestRunner.run(TestRunner.java:617)<br />
                      org.testng.SuiteRunner.runTest(SuiteRunner.java:334)<br />
                      org.testng.SuiteRunner.runSequentially(SuiteRunner.java:329)<br />
                      org.testng.SuiteRunner.privateRun(SuiteRunner.java:291)<br />
                      org.testng.SuiteRunner.run(SuiteRunner.java:240)<br />
                      org.testng.SuiteRunnerWorker.runSuite(SuiteRunnerWorker.java:52)<br />
                      org.testng.SuiteRunnerWorker.run(SuiteRunnerWorker.java:86)<br />
                      org.testng.TestNG.runSuitesSequentially(TestNG.java:1224)<br />
                      org.testng.TestNG.runSuitesLocally(TestNG.java:1149)<br />
                      org.testng.TestNG.run(TestNG.java:1057)<br />
                      org.testng.remote.RemoteTestNG.run(RemoteTestNG.java:115)<br />
                      org.testng.remote.RemoteTestNG.initAndRun(RemoteTestNG.java:207)<br />
                      org.testng.remote.RemoteTestNG.main(RemoteTestNG.java:178)<br />
                  </div>
          </div>
      </td>
</tr>
<tr>
  <td class="method">
                  test_valid_mul_del
      </td>
  <td class="duration">
    0.000s
  </td>
  <td class="result">
        
    
        

        <a href="javascript:toggleElement('exception-16', 'block')" title="Click to expand/collapse"><b>java.lang.RuntimeException: java.io.FileNotFoundException: D:\akash\salenium\Reach_OAMC\Excel-files\03_Reachwell_masters_currency_Data.xls (The system cannot find the file specified)</b></a><br />
    <div class="stackTrace" id="exception-16">
              org.testng.internal.MethodInvocationHelper.invokeDataProvider(MethodInvocationHelper.java:161)<br />
              org.testng.internal.Parameters.handleParameters(Parameters.java:429)<br />
              org.testng.internal.Invoker.handleParameters(Invoker.java:1383)<br />
              org.testng.internal.Invoker.createParameters(Invoker.java:1075)<br />
              org.testng.internal.Invoker.invokeTestMethods(Invoker.java:1180)<br />
              org.testng.internal.TestMethodWorker.invokeTestMethods(TestMethodWorker.java:127)<br />
              org.testng.internal.TestMethodWorker.run(TestMethodWorker.java:111)<br />
              org.testng.TestRunner.privateRun(TestRunner.java:767)<br />
              org.testng.TestRunner.run(TestRunner.java:617)<br />
              org.testng.SuiteRunner.runTest(SuiteRunner.java:334)<br />
              org.testng.SuiteRunner.runSequentially(SuiteRunner.java:329)<br />
              org.testng.SuiteRunner.privateRun(SuiteRunner.java:291)<br />
              org.testng.SuiteRunner.run(SuiteRunner.java:240)<br />
              org.testng.SuiteRunnerWorker.runSuite(SuiteRunnerWorker.java:52)<br />
              org.testng.SuiteRunnerWorker.run(SuiteRunnerWorker.java:86)<br />
              org.testng.TestNG.runSuitesSequentially(TestNG.java:1224)<br />
              org.testng.TestNG.runSuitesLocally(TestNG.java:1149)<br />
              org.testng.TestNG.run(TestNG.java:1057)<br />
              org.testng.remote.RemoteTestNG.run(RemoteTestNG.java:115)<br />
              org.testng.remote.RemoteTestNG.initAndRun(RemoteTestNG.java:207)<br />
              org.testng.remote.RemoteTestNG.main(RemoteTestNG.java:178)<br />
                    <b>Caused by: </b> <a href="javascript:toggleElement('exception-17', 'block')" title="Click to expand/collapse">java.io.FileNotFoundException: D:\akash\salenium\Reach_OAMC\Excel-files\03_Reachwell_masters_currency_Data.xls (The system cannot find the file specified)</a><br />
        <div class="stackTrace" id="exception-17">
                      java.io.FileInputStream.open0(Native Method)<br />
                      java.io.FileInputStream.open(Unknown Source)<br />
                      java.io.FileInputStream.&lt;init&gt;(Unknown Source)<br />
                      java.io.FileInputStream.&lt;init&gt;(Unknown Source)<br />
                      Generic_component.ExcelReadWrite.&lt;init&gt;(ExcelReadWrite.java:20)<br />
                      Dataprovider_invoice.DataProvider_del.flagRowcount(DataProvider_del.java:42)<br />
                      Dataprovider_invoice.DataProvider_del.ValideditData(DataProvider_del.java:34)<br />
                      sun.reflect.NativeMethodAccessorImpl.invoke0(Native Method)<br />
                      sun.reflect.NativeMethodAccessorImpl.invoke(Unknown Source)<br />
                      sun.reflect.DelegatingMethodAccessorImpl.invoke(Unknown Source)<br />
                      java.lang.reflect.Method.invoke(Unknown Source)<br />
                      org.testng.internal.MethodInvocationHelper.invokeMethod(MethodInvocationHelper.java:84)<br />
                      org.testng.internal.MethodInvocationHelper.invokeDataProvider(MethodInvocationHelper.java:153)<br />
                      org.testng.internal.Parameters.handleParameters(Parameters.java:429)<br />
                      org.testng.internal.Invoker.handleParameters(Invoker.java:1383)<br />
                      org.testng.internal.Invoker.createParameters(Invoker.java:1075)<br />
                      org.testng.internal.Invoker.invokeTestMethods(Invoker.java:1180)<br />
                      org.testng.internal.TestMethodWorker.invokeTestMethods(TestMethodWorker.java:127)<br />
                      org.testng.internal.TestMethodWorker.run(TestMethodWorker.java:111)<br />
                      org.testng.TestRunner.privateRun(TestRunner.java:767)<br />
                      org.testng.TestRunner.run(TestRunner.java:617)<br />
                      org.testng.SuiteRunner.runTest(SuiteRunner.java:334)<br />
                      org.testng.SuiteRunner.runSequentially(SuiteRunner.java:329)<br />
                      org.testng.SuiteRunner.privateRun(SuiteRunner.java:291)<br />
                      org.testng.SuiteRunner.run(SuiteRunner.java:240)<br />
                      org.testng.SuiteRunnerWorker.runSuite(SuiteRunnerWorker.java:52)<br />
                      org.testng.SuiteRunnerWorker.run(SuiteRunnerWorker.java:86)<br />
                      org.testng.TestNG.runSuitesSequentially(TestNG.java:1224)<br />
                      org.testng.TestNG.runSuitesLocally(TestNG.java:1149)<br />
                      org.testng.TestNG.run(TestNG.java:1057)<br />
                      org.testng.remote.RemoteTestNG.run(RemoteTestNG.java:115)<br />
                      org.testng.remote.RemoteTestNG.initAndRun(RemoteTestNG.java:207)<br />
                      org.testng.remote.RemoteTestNG.main(RemoteTestNG.java:178)<br />
                  </div>
          </div>
      </td>
</tr>
      </table>


  <table class="resultsTable">
    <tr><th colspan="3" class="header passed">Passed Tests</th></tr>
          <tr>
        <td colspan="3" class="group">Scenario_Employ_certi.Scenario_create</td>
      </tr>
            
<tr>
  <td class="method">
                  test_Invalidcerti
      </td>
  <td class="duration">
    16.721s
  </td>
  <td class="result">
        
          <i>Method arguments: </i><span class="arguments">"RW_173", "1.0", "python", "python", "'python'  Certification Name already exists!"</span><br />
    
        

      </td>
</tr>
<tr>
  <td class="method">
                  test_Invalidcerti_blnk
      </td>
  <td class="duration">
    15.605s
  </td>
  <td class="result">
        
          <i>Method arguments: </i><span class="arguments">"RW_172", "1.0", "", "certification", "Certification Name can not be empty."</span><br />
    
        

      </td>
</tr>
<tr>
  <td class="method">
                  test_Validcerti
      </td>
  <td class="duration">
    20.439s
  </td>
  <td class="result">
        
          <i>Method arguments: </i><span class="arguments">"RW_174", "1.0", "Embedded", "Embedded-course", "Embedded"</span><br />
    
        

      </td>
</tr>
          <tr>
        <td colspan="3" class="group">Scenario_Employ_certi.Scenario_del</td>
      </tr>
            
<tr>
  <td class="method">
                  test_Invalid_delemploy_desig_blnk
      </td>
  <td class="duration">
    16.254s
  </td>
  <td class="result">
        
          <i>Method arguments: </i><span class="arguments">"RW_178", "1.0", "Please Select Rows to Delete."</span><br />
    
        

      </td>
</tr>
<tr>
  <td class="method">
                  test_valid_frstemploy_desig_del
      </td>
  <td class="duration">
    17.297s
  </td>
  <td class="result">
        
          <i>Method arguments: </i><span class="arguments">"RW_179", "1.0", "Deleted"</span><br />
    
        

      </td>
</tr>
<tr>
  <td class="method">
                  test_valid_mul_del
      </td>
  <td class="duration">
    17.774s
  </td>
  <td class="result">
        
          <i>Method arguments: </i><span class="arguments">"RW_180", "1.0", "Deleted"</span><br />
    
        

      </td>
</tr>
          <tr>
        <td colspan="3" class="group">Scenario_Employ_certi.Scenario_edit</td>
      </tr>
            
<tr>
  <td class="method">
                  test_Invalidcerti
      </td>
  <td class="duration">
    18.428s
  </td>
  <td class="result">
        
          <i>Method arguments: </i><span class="arguments">"RW_176", "1.0", "python", "python", "'python'  Certification Name already exists!"</span><br />
    
        

      </td>
</tr>
<tr>
  <td class="method">
                  test_Invalidcerti_blnk
      </td>
  <td class="duration">
    16.411s
  </td>
  <td class="result">
        
          <i>Method arguments: </i><span class="arguments">"RW_175", "1.0", "", "certification", "Certification Name can not be empty."</span><br />
    
        

      </td>
</tr>
<tr>
  <td class="method">
                  test_Validcerti
      </td>
  <td class="duration">
    22.531s
  </td>
  <td class="result">
        
          <i>Method arguments: </i><span class="arguments">"RW_177", "1.0", "automation", "automation", "automation"</span><br />
    
        

      </td>
</tr>
          <tr>
        <td colspan="3" class="group">Scenario_Employ_depart.Scenario_create</td>
      </tr>
            
<tr>
  <td class="method">
                  Invalid_departname_test
      </td>
  <td class="duration">
    17.134s
  </td>
  <td class="result">
        
          <i>Method arguments: </i><span class="arguments">"RW_200", "1.0", "Vipro", "Vipro001", "Vipro", "Department Name already exists!"</span><br />
    
        

      </td>
</tr>
<tr>
  <td class="method">
                  Valid_depart_test
      </td>
  <td class="duration">
    24.411s
  </td>
  <td class="result">
        
          <i>Method arguments: </i><span class="arguments">"RW_201", "1.0", "Data Analysis Team", "DAT001", "Data Analysis Team", "Data Analysis Team"</span><br />
    
        

      </td>
</tr>
<tr>
  <td class="method">
                  test_Validdepart
      </td>
  <td class="duration">
    16.925s
  </td>
  <td class="result">
        
          <i>Method arguments: </i><span class="arguments">"RW_199", "1.0", "", "AS001", "Associate engineer", "Department Name can not be empty."</span><br />
    
        

      </td>
</tr>
          <tr>
        <td colspan="3" class="group">Scenario_Employ_depart.Scenario_del</td>
      </tr>
            
<tr>
  <td class="method">
                  test_Invalid_delemploy_desig_blnk
      </td>
  <td class="duration">
    18.643s
  </td>
  <td class="result">
        
          <i>Method arguments: </i><span class="arguments">"RW_156", "1.0", "Please Select Rows to Delete."</span><br />
    
        

      </td>
</tr>
<tr>
  <td class="method">
                  test_valid_frstemploy_desig_del
      </td>
  <td class="duration">
    15.379s
  </td>
  <td class="result">
        
          <i>Method arguments: </i><span class="arguments">"RW_157", "1.0", "Deleted"</span><br />
    
        

      </td>
</tr>
<tr>
  <td class="method">
                  test_valid_mul_del
      </td>
  <td class="duration">
    19.818s
  </td>
  <td class="result">
        
          <i>Method arguments: </i><span class="arguments">"RW_158", "1.0", "Deleted"</span><br />
    
        

      </td>
</tr>
          <tr>
        <td colspan="3" class="group">Scenario_Employ_depart.Scenario_edit</td>
      </tr>
            
<tr>
  <td class="method">
                  Invalid_departname_test
      </td>
  <td class="duration">
    16.815s
  </td>
  <td class="result">
        
          <i>Method arguments: </i><span class="arguments">"RW_203", "1.0", "Vipro", "Vipro001", "Vipro", "Department Name already exists!", ""</span><br />
    
        

      </td>
</tr>
<tr>
  <td class="method">
                  Invalid_departname_test_blnk
      </td>
  <td class="duration">
    17.655s
  </td>
  <td class="result">
        
          <i>Method arguments: </i><span class="arguments">"RW_202", "1.0", "", "", "blank", "Parent Group and Group Name should not be the same.", "Department Name can not be empty."</span><br />
    
        

      </td>
</tr>
<tr>
  <td class="method">
                  Valid_depart_test
      </td>
  <td class="duration">
    24.796s
  </td>
  <td class="result">
        
          <i>Method arguments: </i><span class="arguments">"RW_204", "1.0", "Impli team", "IMP001", "Impli team", "Impli team", ""</span><br />
    
        

      </td>
</tr>
          <tr>
        <td colspan="3" class="group">Scenario_Employ_desig.Scenario_create</td>
      </tr>
            
<tr>
  <td class="method">
                  Invalid_desigcode_test
      </td>
  <td class="duration">
    15.671s
  </td>
  <td class="result">
        
          <i>Method arguments: </i><span class="arguments">"RW_149", "1.0", "associate", "captain", "associate", "Designation Code already exists!"</span><br />
    
        

      </td>
</tr>
<tr>
  <td class="method">
                  Invalid_desigcode_test_blnk
      </td>
  <td class="duration">
    16.019s
  </td>
  <td class="result">
        
          <i>Method arguments: </i><span class="arguments">"RW_147", "1.0", "associate", "", "Associate engineer", "Designation Code can not be empty."</span><br />
    
        

      </td>
</tr>
<tr>
  <td class="method">
                  Invalid_designame_test
      </td>
  <td class="duration">
    15.910s
  </td>
  <td class="result">
        
          <i>Method arguments: </i><span class="arguments">"RW_148", "1.0", "captain", "captain", "captain", "Designation Name already exists!"</span><br />
    
        

      </td>
</tr>
<tr>
  <td class="method">
                  Valid_region_test
      </td>
  <td class="duration">
    22.534s
  </td>
  <td class="result">
        
          <i>Method arguments: </i><span class="arguments">"RW_150", "1.0", "Associate Manager", "ASM001", "Associate Manager", "Associate Manager"</span><br />
    
        

      </td>
</tr>
<tr>
  <td class="method">
                  test_Validcriti
      </td>
  <td class="duration">
    16.507s
  </td>
  <td class="result">
        
          <i>Method arguments: </i><span class="arguments">"RW_146", "1.0", "", "AS001", "Associate engineer", "Designation Name can not be empty."</span><br />
    
        

      </td>
</tr>
          <tr>
        <td colspan="3" class="group">Scenario_Employ_desig.Scenario_del</td>
      </tr>
            
<tr>
  <td class="method">
                  test_Invalid_delemploy_desig_blnk
      </td>
  <td class="duration">
    14.650s
  </td>
  <td class="result">
        
          <i>Method arguments: </i><span class="arguments">"RW_156", "1.0", "Please Select Rows to Delete."</span><br />
    
        

      </td>
</tr>
<tr>
  <td class="method">
                  test_valid_frstemploy_desig_del
      </td>
  <td class="duration">
    15.597s
  </td>
  <td class="result">
        
          <i>Method arguments: </i><span class="arguments">"RW_157", "1.0", "Deleted"</span><br />
    
        

      </td>
</tr>
<tr>
  <td class="method">
                  test_valid_mul_del
      </td>
  <td class="duration">
    18.840s
  </td>
  <td class="result">
        
          <i>Method arguments: </i><span class="arguments">"RW_158", "1.0", "Deleted"</span><br />
    
        

      </td>
</tr>
          <tr>
        <td colspan="3" class="group">Scenario_Employ_desig.Scenario_edit</td>
      </tr>
            
<tr>
  <td class="method">
                  Invalid_desigcode_test
      </td>
  <td class="duration">
    16.141s
  </td>
  <td class="result">
        
          <i>Method arguments: </i><span class="arguments">"RW_154", "1.0", "associate", "captain", "associate", "Designation Code already exists!"</span><br />
    
        

      </td>
</tr>
<tr>
  <td class="method">
                  Invalid_desigcode_test_blnk
      </td>
  <td class="duration">
    15.761s
  </td>
  <td class="result">
        
          <i>Method arguments: </i><span class="arguments">"RW_152", "1.0", "associate", "", "Associate engineer", "Designation Code can not be empty."</span><br />
    
        

      </td>
</tr>
<tr>
  <td class="method">
                  Invalid_designame_test
      </td>
  <td class="duration">
    15.368s
  </td>
  <td class="result">
        
          <i>Method arguments: </i><span class="arguments">"RW_153", "1.0", "captain", "captain", "captain", "Designation Name already exists!"</span><br />
    
        

      </td>
</tr>
<tr>
  <td class="method">
                  Valid_region_test
      </td>
  <td class="duration">
    20.391s
  </td>
  <td class="result">
        
          <i>Method arguments: </i><span class="arguments">"RW_155", "1.0", "Associate Engineer", "ASE001", "Associate Engineer", "Associate Engineer"</span><br />
    
        

      </td>
</tr>
<tr>
  <td class="method">
                  test_Validcriti
      </td>
  <td class="duration">
    15.522s
  </td>
  <td class="result">
        
          <i>Method arguments: </i><span class="arguments">"RW_151", "1.0", "", "AS001", "Associate engineer", "Designation Name can not be empty."</span><br />
    
        

      </td>
</tr>
          <tr>
        <td colspan="3" class="group">Scenario_Employ_grade.Scenario_del</td>
      </tr>
            
<tr>
  <td class="method">
                  test_Invalid_delemploy_desig_blnk
      </td>
  <td class="duration">
    15.677s
  </td>
  <td class="result">
        
          <i>Method arguments: </i><span class="arguments">"RW_169", "1.0", "Please Select Rows to Delete."</span><br />
    
        

      </td>
</tr>
<tr>
  <td class="method">
                  test_valid_frstemploy_desig_del
      </td>
  <td class="duration">
    15.813s
  </td>
  <td class="result">
        
          <i>Method arguments: </i><span class="arguments">"RW_170", "1.0", "Deleted"</span><br />
    
        

      </td>
</tr>
<tr>
  <td class="method">
                  test_valid_mul_del
      </td>
  <td class="duration">
    19.216s
  </td>
  <td class="result">
        
          <i>Method arguments: </i><span class="arguments">"RW_171", "1.0", "Deleted"</span><br />
    
        

      </td>
</tr>
          <tr>
        <td colspan="3" class="group">Scenario_Employ_grade.Scenario_edit</td>
      </tr>
            
<tr>
  <td class="method">
                  Invalid_desigcode_test
      </td>
  <td class="duration">
    17.574s
  </td>
  <td class="result">
        
          <i>Method arguments: </i><span class="arguments">"RW_154", "1.0", "associate", "captain", "associate", "Designation Code already exists!"</span><br />
    
        

      </td>
</tr>
<tr>
  <td class="method">
                  Invalid_desigcode_test_blnk
      </td>
  <td class="duration">
    17.135s
  </td>
  <td class="result">
        
          <i>Method arguments: </i><span class="arguments">"RW_152", "1.0", "associate", "", "Associate engineer", "Designation Code can not be empty."</span><br />
    
        

      </td>
</tr>
<tr>
  <td class="method">
                  Invalid_designame_test
      </td>
  <td class="duration">
    15.772s
  </td>
  <td class="result">
        
          <i>Method arguments: </i><span class="arguments">"RW_153", "1.0", "captain", "captain", "captain", "Designation Name already exists!"</span><br />
    
        

      </td>
</tr>
<tr>
  <td class="method">
                  Valid_region_test
      </td>
  <td class="duration">
    20.303s
  </td>
  <td class="result">
        
          <i>Method arguments: </i><span class="arguments">"RW_155", "1.0", "Associate Engineer", "ASE001", "Associate Engineer", "Associate Engineer"</span><br />
    
        

      </td>
</tr>
<tr>
  <td class="method">
                  test_Validcriti
      </td>
  <td class="duration">
    16.780s
  </td>
  <td class="result">
        
          <i>Method arguments: </i><span class="arguments">"RW_151", "1.0", "", "AS001", "Associate engineer", "Designation Name can not be empty."</span><br />
    
        

      </td>
</tr>
          <tr>
        <td colspan="3" class="group">Scenario_Employ_qual.Scenario_create</td>
      </tr>
            
<tr>
  <td class="method">
                  test_Invalidqual
      </td>
  <td class="duration">
    19.976s
  </td>
  <td class="result">
        
          <i>Method arguments: </i><span class="arguments">"RW_182", "1.0", "BCA", "BCA", "'BCA'  Qualification Name already exists!"</span><br />
    
        

      </td>
</tr>
<tr>
  <td class="method">
                  test_Invalidqual_blnk
      </td>
  <td class="duration">
    17.857s
  </td>
  <td class="result">
        
          <i>Method arguments: </i><span class="arguments">"RW_181", "1.0", "", "BCA", "Qualification Name can not be empty."</span><br />
    
        

      </td>
</tr>
<tr>
  <td class="method">
                  test_Validqual
      </td>
  <td class="duration">
    21.437s
  </td>
  <td class="result">
        
          <i>Method arguments: </i><span class="arguments">"RW_183", "1.0", "Arts", "Arts", "Arts"</span><br />
    
        

      </td>
</tr>
          <tr>
        <td colspan="3" class="group">Scenario_Employ_qual.Scenario_del</td>
      </tr>
            
<tr>
  <td class="method">
                  test_Invalid_delemploy_qual_blnk
      </td>
  <td class="duration">
    15.109s
  </td>
  <td class="result">
        
          <i>Method arguments: </i><span class="arguments">"RW_187", "1.0", "Please Select Rows to Delete."</span><br />
    
        

      </td>
</tr>
<tr>
  <td class="method">
                  test_valid_frstemploy_qual_del
      </td>
  <td class="duration">
    17.086s
  </td>
  <td class="result">
        
          <i>Method arguments: </i><span class="arguments">"RW_188", "1.0", "Deleted"</span><br />
    
        

      </td>
</tr>
<tr>
  <td class="method">
                  test_valid_mul_del
      </td>
  <td class="duration">
    20.296s
  </td>
  <td class="result">
        
          <i>Method arguments: </i><span class="arguments">"RW_189", "1.0", "Deleted"</span><br />
    
        

      </td>
</tr>
          <tr>
        <td colspan="3" class="group">Scenario_Employ_qual.Scenario_edit</td>
      </tr>
            
<tr>
  <td class="method">
                  test_Invalidqual
      </td>
  <td class="duration">
    17.123s
  </td>
  <td class="result">
        
          <i>Method arguments: </i><span class="arguments">"RW_185", "1.0", "BCA", "BCA", "'BCA'  Qualification Name already exists!"</span><br />
    
        

      </td>
</tr>
<tr>
  <td class="method">
                  test_Invalidqual_blnk
      </td>
  <td class="duration">
    16.854s
  </td>
  <td class="result">
        
          <i>Method arguments: </i><span class="arguments">"RW_184", "1.0", "", "BCA", "Qualification Name can not be empty."</span><br />
    
        

      </td>
</tr>
<tr>
  <td class="method">
                  test_Validqual
      </td>
  <td class="duration">
    20.348s
  </td>
  <td class="result">
        
          <i>Method arguments: </i><span class="arguments">"RW_186", "1.0", "Commerce", "Commerce", "Commerce"</span><br />
    
        

      </td>
</tr>
          <tr>
        <td colspan="3" class="group">Scenario_Employ_skill.Scenario_create</td>
      </tr>
            
<tr>
  <td class="method">
                  test_Invalidskill
      </td>
  <td class="duration">
    15.851s
  </td>
  <td class="result">
        
          <i>Method arguments: </i><span class="arguments">"RW_191", "1.0", "PHP", "PHP", "'PHP'  SkillSet Name already exists!"</span><br />
    
        

      </td>
</tr>
<tr>
  <td class="method">
                  test_Invalidskill_blnk
      </td>
  <td class="duration">
    15.811s
  </td>
  <td class="result">
        
          <i>Method arguments: </i><span class="arguments">"RW_190", "1.0", "", "JAVA", "SkillSet Name can not be empty."</span><br />
    
        

      </td>
</tr>
<tr>
  <td class="method">
                  test_Validskill
      </td>
  <td class="duration">
    20.394s
  </td>
  <td class="result">
        
          <i>Method arguments: </i><span class="arguments">"RW_192", "1.0", "JAVA", "JAVA", "JAVA"</span><br />
    
        

      </td>
</tr>
          <tr>
        <td colspan="3" class="group">Scenario_Employ_skill.Scenario_del</td>
      </tr>
            
<tr>
  <td class="method">
                  test_Invalid_delskill_desig_blnk
      </td>
  <td class="duration">
    15.651s
  </td>
  <td class="result">
        
          <i>Method arguments: </i><span class="arguments">"RW_196", "1.0", "Please Select Rows to Delete."</span><br />
    
        

      </td>
</tr>
<tr>
  <td class="method">
                  test_valid_frstskill_desig_del
      </td>
  <td class="duration">
    16.734s
  </td>
  <td class="result">
        
          <i>Method arguments: </i><span class="arguments">"RW_197", "1.0", "Deleted"</span><br />
    
        

      </td>
</tr>
<tr>
  <td class="method">
                  test_valid_mul_del
      </td>
  <td class="duration">
    19.503s
  </td>
  <td class="result">
        
          <i>Method arguments: </i><span class="arguments">"RW_198", "1.0", "Deleted"</span><br />
    
        

      </td>
</tr>
          <tr>
        <td colspan="3" class="group">Scenario_Employ_skill.Scenario_edit</td>
      </tr>
            
<tr>
  <td class="method">
                  test_Invalidskill
      </td>
  <td class="duration">
    16.912s
  </td>
  <td class="result">
        
          <i>Method arguments: </i><span class="arguments">"RW_194", "1.0", "PHP", "PHP", "'PHP'  SkillSet Name already exists!"</span><br />
    
        

      </td>
</tr>
<tr>
  <td class="method">
                  test_Invalidskill_blnk
      </td>
  <td class="duration">
    15.920s
  </td>
  <td class="result">
        
          <i>Method arguments: </i><span class="arguments">"RW_193", "1.0", "", "JAVA", "SkillSet Name can not be empty."</span><br />
    
        

      </td>
</tr>
<tr>
  <td class="method">
                  test_Validskill
      </td>
  <td class="duration">
    21.109s
  </td>
  <td class="result">
        
          <i>Method arguments: </i><span class="arguments">"RW_195", "1.0", ".Net", ".Net", ".Net"</span><br />
    
        

      </td>
</tr>
          <tr>
        <td colspan="3" class="group">Scenario_branch.Scenario_create</td>
      </tr>
            
<tr>
  <td class="method">
                  Invalid_brnchcode_test_blnk
      </td>
  <td class="duration">
    21.317s
  </td>
  <td class="result">
        
          <i>Method arguments: </i><span class="arguments">"RW_111", "1.0", "dadar", "127.0", "", "mum4", "akash3", "123.0", "vinay", "123456.0", "Branch Code can not be empty."</span><br />
    
        

      </td>
</tr>
<tr>
  <td class="method">
                  Invalid_brnchname_test_blnk
      </td>
  <td class="duration">
    20.173s
  </td>
  <td class="result">
        
          <i>Method arguments: </i><span class="arguments">"RW_109", "1.0", "", "127.0", "27.0", "mum4", "akash1", "123.0", "vinay", "123456.0", "Branch Name can not be empty."</span><br />
    
        

      </td>
</tr>
<tr>
  <td class="method">
                  Invalid_frstname_test_blnk
      </td>
  <td class="duration">
    20.601s
  </td>
  <td class="result">
        
          <i>Method arguments: </i><span class="arguments">"RW_112", "1.0", "dadar", "127.0", "27.0", "", "akash4", "123.0", "vinay", "123456.0", "First Name can not be empty."</span><br />
    
        

      </td>
</tr>
<tr>
  <td class="method">
                  Invalid_locatncode_test_blnk
      </td>
  <td class="duration">
    20.694s
  </td>
  <td class="result">
        
          <i>Method arguments: </i><span class="arguments">"RW_110", "1.0", "dadar", "", "27.0", "mum4", "akash2", "123.0", "vinay", "123456.0", "Location Code can not be empty."</span><br />
    
        

      </td>
</tr>
<tr>
  <td class="method">
                  Invalid_password_test_blnk
      </td>
  <td class="duration">
    20.596s
  </td>
  <td class="result">
        
          <i>Method arguments: </i><span class="arguments">"RW_114", "1.0", "dadar", "127.0", "27.0", "akash2", "akash6", "", "vinay", "123456.0", "Password can not be empty."</span><br />
    
        

      </td>
</tr>
<tr>
  <td class="method">
                  Invalid_same_brnchname_test
      </td>
  <td class="duration">
    22.135s
  </td>
  <td class="result">
        
          <i>Method arguments: </i><span class="arguments">"RW_115", "1.0", "mum3", "127.0", "27.0", "akash5", "akash7", "123.0", "vinay", "123456.0", "Organization Name already exists!"</span><br />
    
        

      </td>
</tr>
<tr>
  <td class="method">
                  Invalid_same_username_test
      </td>
  <td class="duration">
    21.068s
  </td>
  <td class="result">
        
          <i>Method arguments: </i><span class="arguments">"RW_118", "1.0", "dadar", "127.0", "26.0", "akash", "akash", "123.0", "vinay", "123456.0", "UserName already exists, Choose another one."</span><br />
    
        

      </td>
</tr>
<tr>
  <td class="method">
                  Invalid_username_test_blnk
      </td>
  <td class="duration">
    21.022s
  </td>
  <td class="result">
        
          <i>Method arguments: </i><span class="arguments">"RW_113", "1.0", "dadar", "127.0", "27.0", "akash1", "", "123.0", "vinay", "123456.0", "User Name can not be empty."</span><br />
    
        

      </td>
</tr>
<tr>
  <td class="method">
                  Valid_brnch_test
      </td>
  <td class="duration">
    25.133s
  </td>
  <td class="result">
        
          <i>Method arguments: </i><span class="arguments">"RW_119", "1.0", "mum4", "130.0", "30.0", "mum4", "akash12", "123.0", "vinay", "vinay", "mum4"</span><br />
    
        

      </td>
</tr>
          <tr>
        <td colspan="3" class="group">Scenario_branch.Scenario_del</td>
      </tr>
            
<tr>
  <td class="method">
                  test_Invalid_delcountry_blnk
      </td>
  <td class="duration">
    14.345s
  </td>
  <td class="result">
        
          <i>Method arguments: </i><span class="arguments">"RW_126", "1.0", "Please Select Rows to Delete."</span><br />
    
        

      </td>
</tr>
          <tr>
        <td colspan="3" class="group">Scenario_branch.Scenario_edit</td>
      </tr>
            
<tr>
  <td class="method">
                  Invalid_brnchcode_test_blnk
      </td>
  <td class="duration">
    20.115s
  </td>
  <td class="result">
        
          <i>Method arguments: </i><span class="arguments">"RW_121", "1.0", "dadar", "127.0", "", "mum4", "dj3", "123.0", "vinay", "123456.0", "Branch Code can not be empty."</span><br />
    
        

      </td>
</tr>
<tr>
  <td class="method">
                  Invalid_brnchname_test_blnk
      </td>
  <td class="duration">
    19.508s
  </td>
  <td class="result">
        
          <i>Method arguments: </i><span class="arguments">"RW_119", "1.0", "", "127.0", "27.0", "mum4", "dj1", "123.0", "vinay", "123456.0", "Branch Name can not be empty."</span><br />
    
        

      </td>
</tr>
<tr>
  <td class="method">
                  Invalid_locatncode_test_blnk
      </td>
  <td class="duration">
    19.890s
  </td>
  <td class="result">
        
          <i>Method arguments: </i><span class="arguments">"RW_120", "1.0", "dadar", "", "27.0", "mum4", "dj2", "123.0", "vinay", "123456.0", "Location Code can not be empty."</span><br />
    
        

      </td>
</tr>
<tr>
  <td class="method">
                  Invalid_same_brnchname_test
      </td>
  <td class="duration">
    19.830s
  </td>
  <td class="result">
        
          <i>Method arguments: </i><span class="arguments">"RW_122", "1.0", "mum3", "127.0", "27.0", "mum4", "dj4", "123.0", "vinay", "123456.0", "Organization Name already exists!"</span><br />
    
        

      </td>
</tr>
<tr>
  <td class="method">
                  Valid_brnch_test
      </td>
  <td class="duration">
    22.797s
  </td>
  <td class="result">
        
          <i>Method arguments: </i><span class="arguments">"RW_125", "1.0", "mum5", "129.0", "29.0", "mum5", "dj7", "123.0", "vinay", "vinay", "mum5"</span><br />
    
        

      </td>
</tr>
          <tr>
        <td colspan="3" class="group">Scenario_category.Scenario_create</td>
      </tr>
            
<tr>
  <td class="method">
                  test_Invalidcriti_blnk
      </td>
  <td class="duration">
    15.440s
  </td>
  <td class="result">
        
          <i>Method arguments: </i><span class="arguments">"RW_91", "1.0", "", "ITH002", "ITH", "Category Name can not be empty."</span><br />
    
        

      </td>
</tr>
<tr>
  <td class="method">
                  test_Invalidinvoice
      </td>
  <td class="duration">
    15.594s
  </td>
  <td class="result">
        
          <i>Method arguments: </i><span class="arguments">"RW_92", "1.0", "IT", "IT001", "IT", "Category Name already exists!"</span><br />
    
        

      </td>
</tr>
<tr>
  <td class="method">
                  test_Validcriti
      </td>
  <td class="duration">
    19.025s
  </td>
  <td class="result">
        
          <i>Method arguments: </i><span class="arguments">"RW_93", "1.0", "ITH", "ITH003", "ITH", "ITH"</span><br />
    
        

      </td>
</tr>
          <tr>
        <td colspan="3" class="group">Scenario_category.Scenario_del</td>
      </tr>
            
<tr>
  <td class="method">
                  test_Invalid_delflag_blnk
      </td>
  <td class="duration">
    14.255s
  </td>
  <td class="result">
        
          <i>Method arguments: </i><span class="arguments">"RW_97", "1.0", "Please Select Rows to Delete."</span><br />
    
        

      </td>
</tr>
<tr>
  <td class="method">
                  test_valid_frstflag_del
      </td>
  <td class="duration">
    14.365s
  </td>
  <td class="result">
        
          <i>Method arguments: </i><span class="arguments">"RW_98", "1.0", "Deleted"</span><br />
    
        

      </td>
</tr>
<tr>
  <td class="method">
                  test_valid_mul_del
      </td>
  <td class="duration">
    17.377s
  </td>
  <td class="result">
        
          <i>Method arguments: </i><span class="arguments">"RW_99", "1.0", "Deleted"</span><br />
    
        

      </td>
</tr>
          <tr>
        <td colspan="3" class="group">Scenario_category.Scenario_edit</td>
      </tr>
            
<tr>
  <td class="method">
                  test_Invalidcriti
      </td>
  <td class="duration">
    15.691s
  </td>
  <td class="result">
        
          <i>Method arguments: </i><span class="arguments">"RW_95", "1.0", "IT", "IT001", "IT", "Category Name already exists!"</span><br />
    
        

      </td>
</tr>
<tr>
  <td class="method">
                  test_Invalidcriti_blnk
      </td>
  <td class="duration">
    15.474s
  </td>
  <td class="result">
        
          <i>Method arguments: </i><span class="arguments">"RW_94", "1.0", "", "ITH002", "ITH", "Category Name can not be empty."</span><br />
    
        

      </td>
</tr>
<tr>
  <td class="method">
                  test_Validcriti
      </td>
  <td class="duration">
    19.637s
  </td>
  <td class="result">
        
          <i>Method arguments: </i><span class="arguments">"RW_96", "1.0", "IT Admin", "ITH003", "IT Admin", "IT Admin"</span><br />
    
        

      </td>
</tr>
          <tr>
        <td colspan="3" class="group">Scenario_city.Scenario_city</td>
      </tr>
            
<tr>
  <td class="method">
                  test_Invalidcurr
      </td>
  <td class="duration">
    16.215s
  </td>
  <td class="result">
        
          <i>Method arguments: </i><span class="arguments">"RW_29", "1.0", "Mysore", "'Mysore'  City Name already exists!"</span><br />
    
        

      </td>
</tr>
<tr>
  <td class="method">
                  test_Invalidcurr_blnk
      </td>
  <td class="duration">
    14.701s
  </td>
  <td class="result">
        
          <i>Method arguments: </i><span class="arguments">"RW_28", "1.0", "", "City Name can not be empty."</span><br />
    
        

      </td>
</tr>
<tr>
  <td class="method">
                  test_Validcurr
      </td>
  <td class="duration">
    17.809s
  </td>
  <td class="result">
        
          <i>Method arguments: </i><span class="arguments">"RW_30", "1.0", "Raichur", "Raichur"</span><br />
    
        

      </td>
</tr>
          <tr>
        <td colspan="3" class="group">Scenario_city.Scenario_del</td>
      </tr>
            
<tr>
  <td class="method">
                  test_Invalid_editcurr_blnk
      </td>
  <td class="duration">
    15.271s
  </td>
  <td class="result">
        
          <i>Method arguments: </i><span class="arguments">"RW_34", "1.0", "Please Select Rows to Delete."</span><br />
    
        

      </td>
</tr>
<tr>
  <td class="method">
                  test_valid_frstcurr_del
      </td>
  <td class="duration">
    16.622s
  </td>
  <td class="result">
        
          <i>Method arguments: </i><span class="arguments">"RW_35", "1.0", "Deleted"</span><br />
    
        

      </td>
</tr>
<tr>
  <td class="method">
                  test_valid_mul_del
      </td>
  <td class="duration">
    19.211s
  </td>
  <td class="result">
        
          <i>Method arguments: </i><span class="arguments">"RW_36", "1.0", "Deleted"</span><br />
    
        

      </td>
</tr>
          <tr>
        <td colspan="3" class="group">Scenario_city.Scenario_edit1</td>
      </tr>
            
<tr>
  <td class="method">
                  test_Invalidcriti
      </td>
  <td class="duration">
    16.105s
  </td>
  <td class="result">
        
          <i>Method arguments: </i><span class="arguments">"RW_32", "1.0", "Mysore", "Mysore", "'Mysore'  City Name already exists!"</span><br />
    
        

      </td>
</tr>
<tr>
  <td class="method">
                  test_Invalidcriti_blnk
      </td>
  <td class="duration">
    16.718s
  </td>
  <td class="result">
        
          <i>Method arguments: </i><span class="arguments">"RW_31", "1.0", "", "Mysore", "City Name can not be empty."</span><br />
    
        

      </td>
</tr>
<tr>
  <td class="method">
                  test_Validcriti
      </td>
  <td class="duration">
    17.397s
  </td>
  <td class="result">
        
          <i>Method arguments: </i><span class="arguments">"RW_33", "1.0", "Delhi", "Delhi", "Delhi"</span><br />
    
        

      </td>
</tr>
          <tr>
        <td colspan="3" class="group">Scenario_contractor.Scenario_create</td>
      </tr>
            
<tr>
  <td class="method">
                  test_Invalidcriti_blnk
      </td>
  <td class="duration">
    15.624s
  </td>
  <td class="result">
        
          <i>Method arguments: </i><span class="arguments">"RW_100", "1.0", "", "1.0", "Belgaum", "Belgaum", "karnataka", "India", "reach1@gmail.com", "123456.0", "Contractor Name can not be empty."</span><br />
    
        

      </td>
</tr>
<tr>
  <td class="method">
                  test_Invalidinvoice
      </td>
  <td class="duration">
    15.698s
  </td>
  <td class="result">
        
          <i>Method arguments: </i><span class="arguments">"RW_101", "1.0", "test4", "test004", "Delhi", "Delhi", "Haryana", "India", "reach2@gmail.com", "123456.0", "Contractor Name already exists!"</span><br />
    
        

      </td>
</tr>
<tr>
  <td class="method">
                  test_Validcriti
      </td>
  <td class="duration">
    29.154s
  </td>
  <td class="result">
        
          <i>Method arguments: </i><span class="arguments">"RW_102", "1.0", "akashtest", "akashtest001", "Bangalore", "Bangalore", "Karnataka", "India", "reach3@gmail.com", "123456.0", "akashtest"</span><br />
    
        

      </td>
</tr>
          <tr>
        <td colspan="3" class="group">Scenario_contractor.Scenario_del</td>
      </tr>
            
<tr>
  <td class="method">
                  test_Invalid_delcountry_blnk
      </td>
  <td class="duration">
    14.086s
  </td>
  <td class="result">
        
          <i>Method arguments: </i><span class="arguments">"RW_106", "1.0", "Please Select Rows to Delete."</span><br />
    
        

      </td>
</tr>
<tr>
  <td class="method">
                  test_valid_frstcountry_del
      </td>
  <td class="duration">
    15.365s
  </td>
  <td class="result">
        
          <i>Method arguments: </i><span class="arguments">"RW_107", "1.0", "Deleted"</span><br />
    
        

      </td>
</tr>
<tr>
  <td class="method">
                  test_valid_mul_del
      </td>
  <td class="duration">
    17.575s
  </td>
  <td class="result">
        
          <i>Method arguments: </i><span class="arguments">"RW_108", "1.0", "Deleted"</span><br />
    
        

      </td>
</tr>
          <tr>
        <td colspan="3" class="group">Scenario_contractor.Scenario_edit</td>
      </tr>
            
<tr>
  <td class="method">
                  test_Invalidcriti
      </td>
  <td class="duration">
    16.462s
  </td>
  <td class="result">
        
          <i>Method arguments: </i><span class="arguments">"RW_104", "1.0", "test4", "test004", "Delhi", "Delhi", "Haryana", "India", "reach2@gmail.com", "123456.0", "Contractor Name already exists!"</span><br />
    
        

      </td>
</tr>
<tr>
  <td class="method">
                  test_Invalidcriti_blnk
      </td>
  <td class="duration">
    15.563s
  </td>
  <td class="result">
        
          <i>Method arguments: </i><span class="arguments">"RW_103", "1.0", "", "1.0", "Belgaum", "Belgaum", "karnataka", "India", "reach1@gmail.com", "123456.0", "Contractor Name can not be empty."</span><br />
    
        

      </td>
</tr>
<tr>
  <td class="method">
                  test_Validcriti
      </td>
  <td class="duration">
    26.001s
  </td>
  <td class="result">
        
          <i>Method arguments: </i><span class="arguments">"RW_105", "1.0", "Reachtest", "Reachtest007", "Pune", "Pune", "Maharastra", "India", "reach3@gmail.com", "123456.0", "Reachtest"</span><br />
    
        

      </td>
</tr>
          <tr>
        <td colspan="3" class="group">Scenario_country.Scenario_create</td>
      </tr>
            
<tr>
  <td class="method">
                  test_Invalidcriti_blnk
      </td>
  <td class="duration">
    16.199s
  </td>
  <td class="result">
        
          <i>Method arguments: </i><span class="arguments">"RW_55", "1.0", "", "India", "Country Name can not be empty."</span><br />
    
        

      </td>
</tr>
<tr>
  <td class="method">
                  test_Invalidinvoice
      </td>
  <td class="duration">
    15.030s
  </td>
  <td class="result">
        
          <i>Method arguments: </i><span class="arguments">"RW_56", "1.0", "India", "India", "'India'  Country Name already exists!"</span><br />
    
        

      </td>
</tr>
<tr>
  <td class="method">
                  test_Validcriti
      </td>
  <td class="duration">
    18.774s
  </td>
  <td class="result">
        
          <i>Method arguments: </i><span class="arguments">"RW_57", "1.0", "South Africa", "South Africa", "South Africa"</span><br />
    
        

      </td>
</tr>
          <tr>
        <td colspan="3" class="group">Scenario_country.Scenario_del</td>
      </tr>
            
<tr>
  <td class="method">
                  test_Invalid_delcountry_blnk
      </td>
  <td class="duration">
    15.227s
  </td>
  <td class="result">
        
          <i>Method arguments: </i><span class="arguments">"RW_61", "1.0", "Please Select Rows to Delete."</span><br />
    
        

      </td>
</tr>
<tr>
  <td class="method">
                  test_valid_frstcountry_del
      </td>
  <td class="duration">
    15.322s
  </td>
  <td class="result">
        
          <i>Method arguments: </i><span class="arguments">"RW_62", "1.0", "Deleted"</span><br />
    
        

      </td>
</tr>
<tr>
  <td class="method">
                  test_valid_mul_del
      </td>
  <td class="duration">
    16.280s
  </td>
  <td class="result">
        
          <i>Method arguments: </i><span class="arguments">"RW_63", "1.0", "Deleted"</span><br />
    
        

      </td>
</tr>
          <tr>
        <td colspan="3" class="group">Scenario_country.Scenario_edit</td>
      </tr>
            
<tr>
  <td class="method">
                  test_Invalidcriti
      </td>
  <td class="duration">
    16.213s
  </td>
  <td class="result">
        
          <i>Method arguments: </i><span class="arguments">"RW_59", "1.0", "India", "India", "'India'  Country Name already exists!"</span><br />
    
        

      </td>
</tr>
<tr>
  <td class="method">
                  test_Invalidcriti_blnk
      </td>
  <td class="duration">
    15.231s
  </td>
  <td class="result">
        
          <i>Method arguments: </i><span class="arguments">"RW_58", "1.0", "", "india", "Country Name can not be empty."</span><br />
    
        

      </td>
</tr>
<tr>
  <td class="method">
                  test_Validcriti
      </td>
  <td class="duration">
    18.858s
  </td>
  <td class="result">
        
          <i>Method arguments: </i><span class="arguments">"RW_60", "1.0", "America", "America", "America"</span><br />
    
        

      </td>
</tr>
          <tr>
        <td colspan="3" class="group">Scenario_criticality.Scenario_create</td>
      </tr>
            
<tr>
  <td class="method">
                  test_Invalidcriti_blnk
      </td>
  <td class="duration">
    14.114s
  </td>
  <td class="result">
        
          <i>Method arguments: </i><span class="arguments">"RW_10", "1.0", "", "low criticality", "Criticality can not be empty."</span><br />
    
        

      </td>
</tr>
<tr>
  <td class="method">
                  test_Invalidcurr
      </td>
  <td class="duration">
    13.732s
  </td>
  <td class="result">
        
          <i>Method arguments: </i><span class="arguments">"RW_11", "1.0", "high", "high criticality", "'high'  Criticality Name already exists!"</span><br />
    
        

      </td>
</tr>
<tr>
  <td class="method">
                  test_Validcriti
      </td>
  <td class="duration">
    18.492s
  </td>
  <td class="result">
        
          <i>Method arguments: </i><span class="arguments">"RW_12", "1.0", "severe1", "severe criticality", "severe1"</span><br />
    
        

      </td>
</tr>
          <tr>
        <td colspan="3" class="group">Scenario_criticality.Scenario_del</td>
      </tr>
            
<tr>
  <td class="method">
                  test_Invalid_editcurr_blnk
      </td>
  <td class="duration">
    13.849s
  </td>
  <td class="result">
        
          <i>Method arguments: </i><span class="arguments">"RW_16", "1.0", "Please Select Rows to delete"</span><br />
    
        

      </td>
</tr>
<tr>
  <td class="method">
                  test_valid_mul_del
      </td>
  <td class="duration">
    16.405s
  </td>
  <td class="result">
        
          <i>Method arguments: </i><span class="arguments">"RW_18", "1.0", "Deleted"</span><br />
    
        

      </td>
</tr>
          <tr>
        <td colspan="3" class="group">Scenario_criticality.Scenario_edit</td>
      </tr>
            
<tr>
  <td class="method">
                  test_Invalidcriti
      </td>
  <td class="duration">
    15.782s
  </td>
  <td class="result">
        
          <i>Method arguments: </i><span class="arguments">"RW_14", "1.0", "high", "high criticality", "'high'  Criticality Name already exists!"</span><br />
    
        

      </td>
</tr>
<tr>
  <td class="method">
                  test_Validcriti
      </td>
  <td class="duration">
    18.919s
  </td>
  <td class="result">
        
          <i>Method arguments: </i><span class="arguments">"RW_15", "1.0", "severe2", "low criticality", "severe2"</span><br />
    
        

      </td>
</tr>
          <tr>
        <td colspan="3" class="group">Scenario_currency.Scenario_curr</td>
      </tr>
            
<tr>
  <td class="method">
                  test_Invalidcurr
      </td>
  <td class="duration">
    16.427s
  </td>
  <td class="result">
        
          <i>Method arguments: </i><span class="arguments">"RW_02", "1.0", "pound", "'pound'  Currency Name already exists!"</span><br />
    
        

      </td>
</tr>
<tr>
  <td class="method">
                  test_Validcurr
      </td>
  <td class="duration">
    15.795s
  </td>
  <td class="result">
        
          <i>Method arguments: </i><span class="arguments">"RW_03", "1.0", "USD3", "USD3"</span><br />
    
        

      </td>
</tr>
          <tr>
        <td colspan="3" class="group">Scenario_currency.Scenario_del</td>
      </tr>
            
<tr>
  <td class="method">
                  test_Invalid_editcurr_blnk
      </td>
  <td class="duration">
    15.134s
  </td>
  <td class="result">
        
          <i>Method arguments: </i><span class="arguments">"RW_07", "1.0", "Please Select Rows to Delete."</span><br />
    
        

      </td>
</tr>
          <tr>
        <td colspan="3" class="group">Scenario_currency.Scenario_edit_curr</td>
      </tr>
            
<tr>
  <td class="method">
                  test_Invalid_editcurr_blnk
      </td>
  <td class="duration">
    13.671s
  </td>
  <td class="result">
        
          <i>Method arguments: </i><span class="arguments">"RW_04", "1.0", "", "Currency Name can not be empty."</span><br />
    
        

      </td>
</tr>
<tr>
  <td class="method">
                  test_Invalideditcurr
      </td>
  <td class="duration">
    15.062s
  </td>
  <td class="result">
        
          <i>Method arguments: </i><span class="arguments">"RW_05", "1.0", "pound", "'pound'  Currency Name already exists!"</span><br />
    
        

      </td>
</tr>
<tr>
  <td class="method">
                  test_Validedit_curr
      </td>
  <td class="duration">
    17.017s
  </td>
  <td class="result">
        
          <i>Method arguments: </i><span class="arguments">"RW_06", "1.0", "USD4", "USD4"</span><br />
    
        

      </td>
</tr>
          <tr>
        <td colspan="3" class="group">Scenario_employee.Scenario_create</td>
      </tr>
            
<tr>
  <td class="method">
                  Invalid_empcode_test_blnk
      </td>
  <td class="duration">
    18.117s
  </td>
  <td class="result">
        
          <i>Method arguments: </i><span class="arguments">"RW_129", "1.0", "", "akash", "27.0", "mum4", "802004.0", "reachwell@gmail.com", "BE", "CCNP", "Employee Code can not be empty."</span><br />
    
        

      </td>
</tr>
<tr>
  <td class="method">
                  Invalid_firstname_test_blnk
      </td>
  <td class="duration">
    16.903s
  </td>
  <td class="result">
        
          <i>Method arguments: </i><span class="arguments">"RW_130", "1.0", "100.0", "", "27.0", "mum4", "802004.0", "reachwell@gmail.com", "BE", "CCNP", "First Name can not be empty."</span><br />
    
        

      </td>
</tr>
<tr>
  <td class="method">
                  Invalid_login_id_test_blnk
      </td>
  <td class="duration">
    17.968s
  </td>
  <td class="result">
        
          <i>Method arguments: </i><span class="arguments">"RW_131", "1.0", "100.0", "127.0", "", "mum4", "802004.0", "reachwell@gmail.com", "BE", "CCNP", "Login ID can not be empty."</span><br />
    
        

      </td>
</tr>
<tr>
  <td class="method">
                  Invalid_same_empcode_test
      </td>
  <td class="duration">
    16.514s
  </td>
  <td class="result">
        
          <i>Method arguments: </i><span class="arguments">"RW_133", "1.0", "d", "127.0", "27.0", "akash1", "802004.0", "reachwell@gmail.com", "BE", "CCNP", "Employee Code already exists!"</span><br />
    
        

      </td>
</tr>
<tr>
  <td class="method">
                  Valid_brnch_test
      </td>
  <td class="duration">
    39.175s
  </td>
  <td class="result">
        
          <i>Method arguments: </i><span class="arguments">"RW_135", "1.0", "AKASH101", "akash", "30.0", "mum4", "802004.0", "reachwell@gmail.com", "BE", "CCNP", "AKASH101"</span><br />
    
        

      </td>
</tr>
          <tr>
        <td colspan="3" class="group">Scenario_employee.Scenario_del</td>
      </tr>
            
<tr>
  <td class="method">
                  dp_Invaliddel_blnk
      </td>
  <td class="duration">
    15.615s
  </td>
  <td class="result">
        
          <i>Method arguments: </i><span class="arguments">"RW_143", "1.0", "Please Select Rows to Delete."</span><br />
    
        

      </td>
</tr>
<tr>
  <td class="method">
                  test_valid_frstcountry_del
      </td>
  <td class="duration">
    15.137s
  </td>
  <td class="result">
        
          <i>Method arguments: </i><span class="arguments">"RW_144", "1.0", "Deleted"</span><br />
    
        

      </td>
</tr>
<tr>
  <td class="method">
                  test_valid_mul_del
      </td>
  <td class="duration">
    17.723s
  </td>
  <td class="result">
        
          <i>Method arguments: </i><span class="arguments">"RW_145", "1.0", "Deleted"</span><br />
    
        

      </td>
</tr>
          <tr>
        <td colspan="3" class="group">Scenario_employee.Scenario_edit</td>
      </tr>
            
<tr>
  <td class="method">
                  Invalid_empcode_test_blnk
      </td>
  <td class="duration">
    18.399s
  </td>
  <td class="result">
        
          <i>Method arguments: </i><span class="arguments">"RW_136", "1.0", "", "akash", "27.0", "mum4", "802001.0", "reachwell@gmail.com", "BE", "CCNP", "Employee Code can not be empty."</span><br />
    
        

      </td>
</tr>
<tr>
  <td class="method">
                  Invalid_firstname_test_blnk
      </td>
  <td class="duration">
    16.292s
  </td>
  <td class="result">
        
          <i>Method arguments: </i><span class="arguments">"RW_137", "1.0", "100.0", "", "27.0", "mum4", "802001.0", "reachwell@gmail.com", "BE", "CCNP", "First Name can not be empty."</span><br />
    
        

      </td>
</tr>
<tr>
  <td class="method">
                  Invalid_login_id_test_blnk
      </td>
  <td class="duration">
    18.137s
  </td>
  <td class="result">
        
          <i>Method arguments: </i><span class="arguments">"RW_138", "1.0", "100.0", "127.0", "", "mum4", "802001.0", "reachwell@gmail.com", "BE", "CCNP", "Login ID can not be empty."</span><br />
    
        

      </td>
</tr>
<tr>
  <td class="method">
                  Valid_brnch_test
      </td>
  <td class="duration">
    34.378s
  </td>
  <td class="result">
        
          <i>Method arguments: </i><span class="arguments">"RW_142", "1.0", "AKASH102", "dj", "31.0", "mum4", "802001.0", "reachwell@gmail.com", "BE", "CCNP", "AKASH102"</span><br />
    
        

      </td>
</tr>
          <tr>
        <td colspan="3" class="group">Scenario_flag.Scenario_create</td>
      </tr>
            
<tr>
  <td class="method">
                  test_Invalidcriti_blnk
      </td>
  <td class="duration">
    16.628s
  </td>
  <td class="result">
        
          <i>Method arguments: </i><span class="arguments">"RW_82", "1.0", "", "Work Order", "testflag", "Flag Name can not be empty."</span><br />
    
        

      </td>
</tr>
<tr>
  <td class="method">
                  test_Invalidinvoice
      </td>
  <td class="duration">
    16.264s
  </td>
  <td class="result">
        
          <i>Method arguments: </i><span class="arguments">"RW_83", "1.0", "serve", "Work Request", "serve", "Flag Name already exists!"</span><br />
    
        

      </td>
</tr>
<tr>
  <td class="method">
                  test_Validcriti
      </td>
  <td class="duration">
    20.445s
  </td>
  <td class="result">
        
          <i>Method arguments: </i><span class="arguments">"RW_84", "1.0", "testflag", "Work Order", "testflag", "testflag"</span><br />
    
        

      </td>
</tr>
          <tr>
        <td colspan="3" class="group">Scenario_flag.Scenario_del</td>
      </tr>
            
<tr>
  <td class="method">
                  test_Invalid_delflag_blnk
      </td>
  <td class="duration">
    14.434s
  </td>
  <td class="result">
        
          <i>Method arguments: </i><span class="arguments">"RW_88", "1.0", "Please Select Rows to Delete."</span><br />
    
        

      </td>
</tr>
<tr>
  <td class="method">
                  test_valid_frstflag_del
      </td>
  <td class="duration">
    14.778s
  </td>
  <td class="result">
        
          <i>Method arguments: </i><span class="arguments">"RW_89", "1.0", "Deleted"</span><br />
    
        

      </td>
</tr>
<tr>
  <td class="method">
                  test_valid_mul_del
      </td>
  <td class="duration">
    17.379s
  </td>
  <td class="result">
        
          <i>Method arguments: </i><span class="arguments">"RW_90", "1.0", "Deleted"</span><br />
    
        

      </td>
</tr>
          <tr>
        <td colspan="3" class="group">Scenario_flag.Scenario_edit</td>
      </tr>
            
<tr>
  <td class="method">
                  test_Invalidcriti
      </td>
  <td class="duration">
    16.767s
  </td>
  <td class="result">
        
          <i>Method arguments: </i><span class="arguments">"RW_86", "1.0", "serve", "Work Request", "serve", "Flag Name already exists!"</span><br />
    
        

      </td>
</tr>
<tr>
  <td class="method">
                  test_Invalidcriti_blnk
      </td>
  <td class="duration">
    15.982s
  </td>
  <td class="result">
        
          <i>Method arguments: </i><span class="arguments">"RW_85", "1.0", "", "Work Order", "testflag", "Flag Name can not be empty"</span><br />
    
        

      </td>
</tr>
<tr>
  <td class="method">
                  test_Validcriti
      </td>
  <td class="duration">
    20.781s
  </td>
  <td class="result">
        
          <i>Method arguments: </i><span class="arguments">"RW_87", "1.0", "flagserve", "Work Order", "flagserve", "flagserve"</span><br />
    
        

      </td>
</tr>
          <tr>
        <td colspan="3" class="group">Scenario_invoice.Scenario_create</td>
      </tr>
            
<tr>
  <td class="method">
                  test_Invalidcriti_blnk
      </td>
  <td class="duration">
    16.143s
  </td>
  <td class="result">
        
          <i>Method arguments: </i><span class="arguments">"RW_19", "1.0", "", "Part Payment", "Invoice Type Name can not be empty."</span><br />
    
        

      </td>
</tr>
<tr>
  <td class="method">
                  test_Invalidinvoice
      </td>
  <td class="duration">
    15.019s
  </td>
  <td class="result">
        
          <i>Method arguments: </i><span class="arguments">"RW_20", "1.0", "Full Payment", "Full Payment", "'Full Payment'  Invoice Type Name already exists!"</span><br />
    
        

      </td>
</tr>
<tr>
  <td class="method">
                  test_Validcriti
      </td>
  <td class="duration">
    19.535s
  </td>
  <td class="result">
        
          <i>Method arguments: </i><span class="arguments">"RW_21", "1.0", "Part Payment", "Part Payment", "Part Payment"</span><br />
    
        

      </td>
</tr>
          <tr>
        <td colspan="3" class="group">Scenario_invoice.Scenario_edit</td>
      </tr>
            
<tr>
  <td class="method">
                  test_Invalidcriti
      </td>
  <td class="duration">
    15.166s
  </td>
  <td class="result">
        
          <i>Method arguments: </i><span class="arguments">"RW_23", "1.0", "Full Payment", "Full Payment", "'Full Payment'  Invoice Name already exists!"</span><br />
    
        

      </td>
</tr>
<tr>
  <td class="method">
                  test_Invalidcriti_blnk
      </td>
  <td class="duration">
    14.527s
  </td>
  <td class="result">
        
          <i>Method arguments: </i><span class="arguments">"RW_22", "1.0", "", "Advance Payment", "Invoice Type Name can not be empty."</span><br />
    
        

      </td>
</tr>
<tr>
  <td class="method">
                  test_Validcriti
      </td>
  <td class="duration">
    19.289s
  </td>
  <td class="result">
        
          <i>Method arguments: </i><span class="arguments">"RW_24", "1.0", "Advance Payment", "Advance Payment", "Advance Payment"</span><br />
    
        

      </td>
</tr>
          <tr>
        <td colspan="3" class="group">Scenario_region.Scenario_create</td>
      </tr>
            
<tr>
  <td class="method">
                  test_Invalidcriti_blnk
      </td>
  <td class="duration">
    16.512s
  </td>
  <td class="result">
        
          <i>Method arguments: </i><span class="arguments">"RW_73", "1.0", "", "vi", "North", "Region Name can not be empty."</span><br />
    
        

      </td>
</tr>
<tr>
  <td class="method">
                  test_Invalidinvoice
      </td>
  <td class="duration">
    16.754s
  </td>
  <td class="result">
        
          <i>Method arguments: </i><span class="arguments">"RW_74", "1.0", "EAST", "pr", "EAST", "'EAST'  Region Name already exists!"</span><br />
    
        

      </td>
</tr>
<tr>
  <td class="method">
                  test_Validcriti
      </td>
  <td class="duration">
    20.817s
  </td>
  <td class="result">
        
          <i>Method arguments: </i><span class="arguments">"RW_75", "1.0", "jayanagar south", "vi", "jayanagar south", "jayanagar south"</span><br />
    
        

      </td>
</tr>
          <tr>
        <td colspan="3" class="group">Scenario_region.Scenario_del</td>
      </tr>
            
<tr>
  <td class="method">
                  test_Invalid_delregion_blnk
      </td>
  <td class="duration">
    14.466s
  </td>
  <td class="result">
        
          <i>Method arguments: </i><span class="arguments">"RW_79", "1.0", "Please Select Rows to Delete."</span><br />
    
        

      </td>
</tr>
<tr>
  <td class="method">
                  test_valid_frstregion_del
      </td>
  <td class="duration">
    14.469s
  </td>
  <td class="result">
        
          <i>Method arguments: </i><span class="arguments">"RW_80", "1.0", "Deleted"</span><br />
    
        

      </td>
</tr>
<tr>
  <td class="method">
                  test_valid_mul_del
      </td>
  <td class="duration">
    17.425s
  </td>
  <td class="result">
        
          <i>Method arguments: </i><span class="arguments">"RW_81", "1.0", "Deleted"</span><br />
    
        

      </td>
</tr>
          <tr>
        <td colspan="3" class="group">Scenario_region.Scenario_edit</td>
      </tr>
            
<tr>
  <td class="method">
                  test_Invalidcriti
      </td>
  <td class="duration">
    18.761s
  </td>
  <td class="result">
        
          <i>Method arguments: </i><span class="arguments">"RW_77", "1.0", "EAST", "pr", "EAST", "'EAST'  Region Name already exists!"</span><br />
    
        

      </td>
</tr>
<tr>
  <td class="method">
                  test_Invalidcriti_blnk
      </td>
  <td class="duration">
    17.884s
  </td>
  <td class="result">
        
          <i>Method arguments: </i><span class="arguments">"RW_76", "1.0", "", "vi", "North", "Region Name can not be empty."</span><br />
    
        

      </td>
</tr>
<tr>
  <td class="method">
                  test_Validcriti
      </td>
  <td class="duration">
    21.361s
  </td>
  <td class="result">
        
          <i>Method arguments: </i><span class="arguments">"RW_78", "1.0", "RT nagar north", "vi", "RT nagar north", "RT nagar north"</span><br />
    
        

      </td>
</tr>
          <tr>
        <td colspan="3" class="group">Scenario_shift.Scenario_create</td>
      </tr>
            
<tr>
  <td class="method">
                  test_Invalidcriti_blnk
      </td>
  <td class="duration">
    19.805s
  </td>
  <td class="result">
        
          <i>Method arguments: </i><span class="arguments">"RW_64", "1.0", "", "Shift Name can not be empty."</span><br />
    
        

      </td>
</tr>
<tr>
  <td class="method">
                  test_Invalidinvoice
      </td>
  <td class="duration">
    20.349s
  </td>
  <td class="result">
        
          <i>Method arguments: </i><span class="arguments">"RW_65", "1.0", "US Shift", "'US Shift'  Shift Name already exists!"</span><br />
    
        

      </td>
</tr>
<tr>
  <td class="method">
                  test_Validcriti
      </td>
  <td class="duration">
    24.349s
  </td>
  <td class="result">
        
          <i>Method arguments: </i><span class="arguments">"RW_66", "1.0", "UK Shift", "UK Shift"</span><br />
    
        

      </td>
</tr>
          <tr>
        <td colspan="3" class="group">Scenario_shift.Scenario_del</td>
      </tr>
            
<tr>
  <td class="method">
                  test_Invalid_delcountry_blnk
      </td>
  <td class="duration">
    14.308s
  </td>
  <td class="result">
        
          <i>Method arguments: </i><span class="arguments">"RW_70", "1.0", "Please Select Rows to Delete."</span><br />
    
        

      </td>
</tr>
<tr>
  <td class="method">
                  test_valid_frstcountry_del
      </td>
  <td class="duration">
    15.480s
  </td>
  <td class="result">
        
          <i>Method arguments: </i><span class="arguments">"RW_71", "1.0", "Deleted"</span><br />
    
        

      </td>
</tr>
<tr>
  <td class="method">
                  test_valid_mul_del
      </td>
  <td class="duration">
    19.819s
  </td>
  <td class="result">
        
          <i>Method arguments: </i><span class="arguments">"RW_72", "1.0", "Deleted"</span><br />
    
        

      </td>
</tr>
          <tr>
        <td colspan="3" class="group">Scenario_shift.Scenario_edit</td>
      </tr>
            
<tr>
  <td class="method">
                  test_Invalidcriti
      </td>
  <td class="duration">
    21.867s
  </td>
  <td class="result">
        
          <i>Method arguments: </i><span class="arguments">"RW_68", "1.0", "US Shift", "'US Shift'  Shift Name already exists!"</span><br />
    
        

      </td>
</tr>
<tr>
  <td class="method">
                  test_Invalidcriti_blnk
      </td>
  <td class="duration">
    20.536s
  </td>
  <td class="result">
        
          <i>Method arguments: </i><span class="arguments">"RW_67", "1.0", "", "Shift Name can not be empty."</span><br />
    
        

      </td>
</tr>
<tr>
  <td class="method">
                  test_Validcriti
      </td>
  <td class="duration">
    25.056s
  </td>
  <td class="result">
        
          <i>Method arguments: </i><span class="arguments">"RW_69", "1.0", "Germany Shift", "Germany Shift"</span><br />
    
        

      </td>
</tr>
          <tr>
        <td colspan="3" class="group">Scenario_state.Scenario_create</td>
      </tr>
            
<tr>
  <td class="method">
                  test_Invalidcriti_blnk
      </td>
  <td class="duration">
    15.662s
  </td>
  <td class="result">
        
          <i>Method arguments: </i><span class="arguments">"RW_37", "1.0", "", "india", "State Name can not be empty."</span><br />
    
        

      </td>
</tr>
<tr>
  <td class="method">
                  test_Invalidinvoice
      </td>
  <td class="duration">
    15.415s
  </td>
  <td class="result">
        
          <i>Method arguments: </i><span class="arguments">"RW_38", "1.0", "Karnataka", "Karnataka", "'Karnataka'  State Name already exists!"</span><br />
    
        

      </td>
</tr>
<tr>
  <td class="method">
                  test_Validcriti
      </td>
  <td class="duration">
    19.770s
  </td>
  <td class="result">
        
          <i>Method arguments: </i><span class="arguments">"RW_39", "1.0", "Bihar", "Bihar", "Bihar"</span><br />
    
        

      </td>
</tr>
          <tr>
        <td colspan="3" class="group">Scenario_state.Scenario_del</td>
      </tr>
            
<tr>
  <td class="method">
                  test_Invalid_delinvoice_blnk
      </td>
  <td class="duration">
    16.170s
  </td>
  <td class="result">
        
          <i>Method arguments: </i><span class="arguments">"RW_43", "1.0", "Please Select Rows to Delete."</span><br />
    
        

      </td>
</tr>
<tr>
  <td class="method">
                  test_valid_frstinvoice_del
      </td>
  <td class="duration">
    16.126s
  </td>
  <td class="result">
        
          <i>Method arguments: </i><span class="arguments">"RW_44", "1.0", "Deleted"</span><br />
    
        

      </td>
</tr>
<tr>
  <td class="method">
                  test_valid_mul_del
      </td>
  <td class="duration">
    17.989s
  </td>
  <td class="result">
        
          <i>Method arguments: </i><span class="arguments">"RW_45", "1.0", "Deleted"</span><br />
    
        

      </td>
</tr>
          <tr>
        <td colspan="3" class="group">Scenario_state.Scenario_edit</td>
      </tr>
            
<tr>
  <td class="method">
                  test_Invalidcriti
      </td>
  <td class="duration">
    16.271s
  </td>
  <td class="result">
        
          <i>Method arguments: </i><span class="arguments">"RW_41", "1.0", "Karnataka", "Karnataka", "'Karnataka'  State Name already exists!"</span><br />
    
        

      </td>
</tr>
<tr>
  <td class="method">
                  test_Invalidcriti_blnk
      </td>
  <td class="duration">
    15.588s
  </td>
  <td class="result">
        
          <i>Method arguments: </i><span class="arguments">"RW_40", "1.0", "", "india", "State Name can not be empty."</span><br />
    
        

      </td>
</tr>
<tr>
  <td class="method">
                  test_Validcriti
      </td>
  <td class="duration">
    19.803s
  </td>
  <td class="result">
        
          <i>Method arguments: </i><span class="arguments">"RW_42", "1.0", "UP", "UP", "UP"</span><br />
    
        

      </td>
</tr>
          <tr>
        <td colspan="3" class="group">Scenario_zone.Scenario_create</td>
      </tr>
            
<tr>
  <td class="method">
                  test_Invalidcriti_blnk
      </td>
  <td class="duration">
    15.522s
  </td>
  <td class="result">
        
          <i>Method arguments: </i><span class="arguments">"RW_46", "1.0", "", "india", "Zone Name can not be empty."</span><br />
    
        

      </td>
</tr>
<tr>
  <td class="method">
                  test_Invalidinvoice
      </td>
  <td class="duration">
    17.462s
  </td>
  <td class="result">
        
          <i>Method arguments: </i><span class="arguments">"RW_47", "1.0", "Bangalore  North Zone", " Bangalore North Zone", "'Bangalore North Zone'  Zone Name already exists!"</span><br />
    
        

      </td>
</tr>
<tr>
  <td class="method">
                  test_Validcriti
      </td>
  <td class="duration">
    20.469s
  </td>
  <td class="result">
        
          <i>Method arguments: </i><span class="arguments">"RW_48", "1.0", "Mangalore North", "Mangalore North", "Mangalore North"</span><br />
    
        

      </td>
</tr>
          <tr>
        <td colspan="3" class="group">Scenario_zone.Scenario_del</td>
      </tr>
            
<tr>
  <td class="method">
                  test_Invalid_delzone_blnk
      </td>
  <td class="duration">
    15.092s
  </td>
  <td class="result">
        
          <i>Method arguments: </i><span class="arguments">"RW_52", "1.0", "Please Select Rows to Delete."</span><br />
    
        

      </td>
</tr>
<tr>
  <td class="method">
                  test_valid_frstzone_del
      </td>
  <td class="duration">
    17.945s
  </td>
  <td class="result">
        
          <i>Method arguments: </i><span class="arguments">"RW_53", "1.0", "Deleted"</span><br />
    
        

      </td>
</tr>
<tr>
  <td class="method">
                  test_valid_mul_del
      </td>
  <td class="duration">
    18.848s
  </td>
  <td class="result">
        
          <i>Method arguments: </i><span class="arguments">"RW_54", "1.0", "Deleted"</span><br />
    
        

      </td>
</tr>
          <tr>
        <td colspan="3" class="group">Scenario_zone.Scenario_edit</td>
      </tr>
            
<tr>
  <td class="method">
                  test_Invalidcriti
      </td>
  <td class="duration">
    17.334s
  </td>
  <td class="result">
        
          <i>Method arguments: </i><span class="arguments">"RW_50", "1.0", "Bangalore  North Zone", "Bangalore  North Zone", "'Bangalore North Zone'  Zone Name already exists!"</span><br />
    
        

      </td>
</tr>
<tr>
  <td class="method">
                  test_Invalidcriti_blnk
      </td>
  <td class="duration">
    15.569s
  </td>
  <td class="result">
        
          <i>Method arguments: </i><span class="arguments">"RW_49", "1.0", "", "india", "Zone Name can not be empty."</span><br />
    
        

      </td>
</tr>
<tr>
  <td class="method">
                  test_Validcriti
      </td>
  <td class="duration">
    20.774s
  </td>
  <td class="result">
        
          <i>Method arguments: </i><span class="arguments">"RW_51", "1.0", "delhi North", "delhi North", "delhi North"</span><br />
    
        

      </td>
</tr>
      </table>
  
</body>
</html>
