<html>
<head>
<title>TestNG:  Test</title>
<link href="../testng.css" rel="stylesheet" type="text/css" />
<link href="../my-testng.css" rel="stylesheet" type="text/css" />

<style type="text/css">
.log { display: none;} 
.stack-trace { display: none;} 
</style>
<script type="text/javascript">
<!--
function flip(e) {
  current = e.style.display;
  if (current == 'block') {
    e.style.display = 'none';
    return 0;
  }
  else {
    e.style.display = 'block';
    return 1;
  }
}

function toggleBox(szDivId, elem, msg1, msg2)
{
  var res = -1;  if (document.getElementById) {
    res = flip(document.getElementById(szDivId));
  }
  else if (document.all) {
    // this is the way old msie versions work
    res = flip(document.all[szDivId]);
  }
  if(elem) {
    if(res == 0) elem.innerHTML = msg1; else elem.innerHTML = msg2;
  }

}

function toggleAllBoxes() {
  if (document.getElementsByTagName) {
    d = document.getElementsByTagName('div');
    for (i = 0; i < d.length; i++) {
      if (d[i].className == 'log') {
        flip(d[i]);
      }
    }
  }
}

// -->
</script>

</head>
<body>
<h2 align='center'>Test</h2><table border='1' align="center">
<tr>
<td>Tests passed/Failed/Skipped:</td><td>184/12/0</td>
</tr><tr>
<td>Started on:</td><td>Fri Dec 11 14:27:32 IST 2015</td>
</tr>
<tr><td>Total time:</td><td>3497 seconds (3497679 ms)</td>
</tr><tr>
<td>Included groups:</td><td>contractor country flag city shift criticality branch employ_grade employ_Certification employ_designation employ_SkillSet zone employ_Department currency employee_list invoice state region category employ_Qualification </td>
</tr><tr>
<td>Excluded groups:</td><td></td>
</tr>
</table><p/>
<small><i>(Hover the method name to see the test class name)</i></small><p/>
<table width='100%' border='1' class='invocation-failed'>
<tr><td colspan='4' align='center'><b>FAILED TESTS</b></td></tr>
<tr><td><b>Test method</b></td>
<td width="30%"><b>Exception</b></td>
<td width="10%"><b>Time (seconds)</b></td>
<td><b>Instance</b></td>
</tr>
<tr>
<td title='Scenario_Employ_grade.Scenario_create.Invalid_desigcode_test_blnk()'><b>Invalid_desigcode_test_blnk</b><br>Test class: Scenario_Employ_grade.Scenario_create<br>Parameters: RW_160, 1.0, AB, , AB, Grade Code can not be empty</td>
<td><div><pre>java.lang.AssertionError: The following asserts failed:
null, Failed as Expected msg was Grade Code can not be emptyActual msg was   Grade Name already exists!
	at Scenario_Employ_grade.Scenario_create.Invalid_desigcode_test_blnk(Scenario_create.java:68)
... Removed 25 stack frames</pre></div><a href='#' onClick='toggleBox("stack-trace2098413495", this, "Click to show all stack frames", "Click to hide stack frames")'>Click to show all stack frames</a>
<div class='stack-trace' id='stack-trace2098413495'><pre>java.lang.AssertionError: The following asserts failed:
null, Failed as Expected msg was Grade Code can not be emptyActual msg was   Grade Name already exists!
	at org.testng.asserts.SoftAssert.assertAll(SoftAssert.java:38)
	at Scenario_Employ_grade.Scenario_create.Invalid_desigcode_test_blnk(Scenario_create.java:68)
	at sun.reflect.NativeMethodAccessorImpl.invoke0(Native Method)
	at sun.reflect.NativeMethodAccessorImpl.invoke(Unknown Source)
	at sun.reflect.DelegatingMethodAccessorImpl.invoke(Unknown Source)
	at java.lang.reflect.Method.invoke(Unknown Source)
	at org.testng.internal.MethodInvocationHelper.invokeMethod(MethodInvocationHelper.java:84)
	at org.testng.internal.Invoker.invokeMethod(Invoker.java:714)
	at org.testng.internal.Invoker.invokeTestMethod(Invoker.java:901)
	at org.testng.internal.Invoker.invokeTestMethods(Invoker.java:1231)
	at org.testng.internal.TestMethodWorker.invokeTestMethods(TestMethodWorker.java:127)
	at org.testng.internal.TestMethodWorker.run(TestMethodWorker.java:111)
	at org.testng.TestRunner.privateRun(TestRunner.java:767)
	at org.testng.TestRunner.run(TestRunner.java:617)
	at org.testng.SuiteRunner.runTest(SuiteRunner.java:334)
	at org.testng.SuiteRunner.runSequentially(SuiteRunner.java:329)
	at org.testng.SuiteRunner.privateRun(SuiteRunner.java:291)
	at org.testng.SuiteRunner.run(SuiteRunner.java:240)
	at org.testng.SuiteRunnerWorker.runSuite(SuiteRunnerWorker.java:52)
	at org.testng.SuiteRunnerWorker.run(SuiteRunnerWorker.java:86)
	at org.testng.TestNG.runSuitesSequentially(TestNG.java:1224)
	at org.testng.TestNG.runSuitesLocally(TestNG.java:1149)
	at org.testng.TestNG.run(TestNG.java:1057)
	at org.testng.remote.RemoteTestNG.run(RemoteTestNG.java:115)
	at org.testng.remote.RemoteTestNG.initAndRun(RemoteTestNG.java:207)
	at org.testng.remote.RemoteTestNG.main(RemoteTestNG.java:178)
</pre></div></td>
<td>16</td>
<td>Scenario_Employ_grade.Scenario_create@1b68ddbd</td></tr>
<tr>
<td title='Scenario_Employ_grade.Scenario_create.Invalid_designame_test()'><b>Invalid_designame_test</b><br>Test class: Scenario_Employ_grade.Scenario_create<br>Parameters: RW_161, 1.0, AB, AB001, AB, Grade Name already exists!</td>
<td><div><pre>java.lang.AssertionError: The following asserts failed:
null, Failed as Expected msg was Grade Code can not be emptyActual msg was   Grade Name already exists!
	at Scenario_Employ_grade.Scenario_create.Invalid_designame_test(Scenario_create.java:95)
... Removed 25 stack frames</pre></div><a href='#' onClick='toggleBox("stack-trace216758017", this, "Click to show all stack frames", "Click to hide stack frames")'>Click to show all stack frames</a>
<div class='stack-trace' id='stack-trace216758017'><pre>java.lang.AssertionError: The following asserts failed:
null, Failed as Expected msg was Grade Code can not be emptyActual msg was   Grade Name already exists!
	at org.testng.asserts.SoftAssert.assertAll(SoftAssert.java:38)
	at Scenario_Employ_grade.Scenario_create.Invalid_designame_test(Scenario_create.java:95)
	at sun.reflect.NativeMethodAccessorImpl.invoke0(Native Method)
	at sun.reflect.NativeMethodAccessorImpl.invoke(Unknown Source)
	at sun.reflect.DelegatingMethodAccessorImpl.invoke(Unknown Source)
	at java.lang.reflect.Method.invoke(Unknown Source)
	at org.testng.internal.MethodInvocationHelper.invokeMethod(MethodInvocationHelper.java:84)
	at org.testng.internal.Invoker.invokeMethod(Invoker.java:714)
	at org.testng.internal.Invoker.invokeTestMethod(Invoker.java:901)
	at org.testng.internal.Invoker.invokeTestMethods(Invoker.java:1231)
	at org.testng.internal.TestMethodWorker.invokeTestMethods(TestMethodWorker.java:127)
	at org.testng.internal.TestMethodWorker.run(TestMethodWorker.java:111)
	at org.testng.TestRunner.privateRun(TestRunner.java:767)
	at org.testng.TestRunner.run(TestRunner.java:617)
	at org.testng.SuiteRunner.runTest(SuiteRunner.java:334)
	at org.testng.SuiteRunner.runSequentially(SuiteRunner.java:329)
	at org.testng.SuiteRunner.privateRun(SuiteRunner.java:291)
	at org.testng.SuiteRunner.run(SuiteRunner.java:240)
	at org.testng.SuiteRunnerWorker.runSuite(SuiteRunnerWorker.java:52)
	at org.testng.SuiteRunnerWorker.run(SuiteRunnerWorker.java:86)
	at org.testng.TestNG.runSuitesSequentially(TestNG.java:1224)
	at org.testng.TestNG.runSuitesLocally(TestNG.java:1149)
	at org.testng.TestNG.run(TestNG.java:1057)
	at org.testng.remote.RemoteTestNG.run(RemoteTestNG.java:115)
	at org.testng.remote.RemoteTestNG.initAndRun(RemoteTestNG.java:207)
	at org.testng.remote.RemoteTestNG.main(RemoteTestNG.java:178)
</pre></div></td>
<td>16</td>
<td>Scenario_Employ_grade.Scenario_create@1b68ddbd</td></tr>
<tr>
<td title='Scenario_Employ_grade.Scenario_create.Invalid_gradecode_test()'><b>Invalid_gradecode_test</b><br>Test class: Scenario_Employ_grade.Scenario_create<br>Parameters: RW_162, 1.0, AB, AB, AB, Grade Code already exists!</td>
<td><div><pre>java.lang.AssertionError: The following asserts failed:
null, Failed as Expected msg was Grade Code can not be emptyActual msg was   Grade Name already exists!, null, Failed as Expected msg was Grade Code already exists!Actual msg was   Grade Name already exists!
	at Scenario_Employ_grade.Scenario_create.Invalid_gradecode_test(Scenario_create.java:122)
... Removed 25 stack frames</pre></div><a href='#' onClick='toggleBox("stack-trace142561311", this, "Click to show all stack frames", "Click to hide stack frames")'>Click to show all stack frames</a>
<div class='stack-trace' id='stack-trace142561311'><pre>java.lang.AssertionError: The following asserts failed:
null, Failed as Expected msg was Grade Code can not be emptyActual msg was   Grade Name already exists!, null, Failed as Expected msg was Grade Code already exists!Actual msg was   Grade Name already exists!
	at org.testng.asserts.SoftAssert.assertAll(SoftAssert.java:38)
	at Scenario_Employ_grade.Scenario_create.Invalid_gradecode_test(Scenario_create.java:122)
	at sun.reflect.NativeMethodAccessorImpl.invoke0(Native Method)
	at sun.reflect.NativeMethodAccessorImpl.invoke(Unknown Source)
	at sun.reflect.DelegatingMethodAccessorImpl.invoke(Unknown Source)
	at java.lang.reflect.Method.invoke(Unknown Source)
	at org.testng.internal.MethodInvocationHelper.invokeMethod(MethodInvocationHelper.java:84)
	at org.testng.internal.Invoker.invokeMethod(Invoker.java:714)
	at org.testng.internal.Invoker.invokeTestMethod(Invoker.java:901)
	at org.testng.internal.Invoker.invokeTestMethods(Invoker.java:1231)
	at org.testng.internal.TestMethodWorker.invokeTestMethods(TestMethodWorker.java:127)
	at org.testng.internal.TestMethodWorker.run(TestMethodWorker.java:111)
	at org.testng.TestRunner.privateRun(TestRunner.java:767)
	at org.testng.TestRunner.run(TestRunner.java:617)
	at org.testng.SuiteRunner.runTest(SuiteRunner.java:334)
	at org.testng.SuiteRunner.runSequentially(SuiteRunner.java:329)
	at org.testng.SuiteRunner.privateRun(SuiteRunner.java:291)
	at org.testng.SuiteRunner.run(SuiteRunner.java:240)
	at org.testng.SuiteRunnerWorker.runSuite(SuiteRunnerWorker.java:52)
	at org.testng.SuiteRunnerWorker.run(SuiteRunnerWorker.java:86)
	at org.testng.TestNG.runSuitesSequentially(TestNG.java:1224)
	at org.testng.TestNG.runSuitesLocally(TestNG.java:1149)
	at org.testng.TestNG.run(TestNG.java:1057)
	at org.testng.remote.RemoteTestNG.run(RemoteTestNG.java:115)
	at org.testng.remote.RemoteTestNG.initAndRun(RemoteTestNG.java:207)
	at org.testng.remote.RemoteTestNG.main(RemoteTestNG.java:178)
</pre></div></td>
<td>16</td>
<td>Scenario_Employ_grade.Scenario_create@1b68ddbd</td></tr>
<tr>
<td title='Scenario_employee.Scenario_create.Invalid_same_loginid_test()'><b>Invalid_same_loginid_test</b><br>Test class: Scenario_employee.Scenario_create<br>Parameters: RW_134, 1.0, 100.0, 127.0, satish, akash2, 802004.0, reachwell@gmail.com, BE, CCNP, Login Id already exists!</td>
<td><div><pre>org.openqa.selenium.NoSuchElementException: Unable to locate element: {&quot;method&quot;:&quot;xpath&quot;,&quot;selector&quot;:&quot;//*[@id=&apos;CM_Employee_Create_Form-p-1&apos;]/div[1]/div/label&quot;}
Command duration or timeout: 5.08 seconds
For documentation on this error, please visit: http://seleniumhq.org/exceptions/no_such_element.html
Build info: version: &apos;2.44.0&apos;, revision: &apos;76d78cf323ce037c5f92db6c1bba601c2ac43ad8&apos;, time: &apos;2014-10-23 13:11:40&apos;
System info: host: &apos;DJ-PC&apos;, ip: &apos;192.168.30.1&apos;, os.name: &apos;Windows 7&apos;, os.arch: &apos;amd64&apos;, os.version: &apos;6.1&apos;, java.version: &apos;1.8.0_60&apos;
Driver info: org.openqa.selenium.firefox.FirefoxDriver
Capabilities [{applicationCacheEnabled=true, rotatable=false, handlesAlerts=true, databaseEnabled=true, version=31.0, platform=WINDOWS, nativeEvents=true, acceptSslCerts=true, webStorageEnabled=true, locationContextEnabled=true, browserName=firefox, takesScreenshot=true, javascriptEnabled=true, cssSelectorsEnabled=true}]
Session ID: 8a5a60bc-63c9-4b0f-835b-d742780337e1
	at org.openqa.selenium.remote.ErrorHandler.createThrowable(ErrorHandler.java:204)
	at org.openqa.selenium.remote.ErrorHandler.throwIfResponseFailed(ErrorHandler.java:156)
	at org.openqa.selenium.remote.RemoteWebDriver.execute(RemoteWebDriver.java:599)
	at org.openqa.selenium.remote.RemoteWebDriver.findElement(RemoteWebDriver.java:352)
	at org.openqa.selenium.remote.RemoteWebDriver.findElementByXPath(RemoteWebDriver.java:449)
	at org.openqa.selenium.By$ByXPath.findElement(By.java:357)
	at org.openqa.selenium.remote.RemoteWebDriver.findElement(RemoteWebDriver.java:344)
	at org.openqa.selenium.support.pagefactory.DefaultElementLocator.findElement(DefaultElementLocator.java:59)
	at org.openqa.selenium.support.pagefactory.internal.LocatingElementHandler.invoke(LocatingElementHandler.java:37)
	at com.sun.proxy.$Proxy5.getText(Unknown Source)
	at PageObject_employee.Pageobject_create.Invalid_same_loginid_test(Pageobject_create.java:483)
	at Scenario_employee.Scenario_create.Invalid_same_loginid_test(Scenario_create.java:162)
Caused by: org.openqa.selenium.NoSuchElementException: Unable to locate element: {&quot;method&quot;:&quot;xpath&quot;,&quot;selector&quot;:&quot;//*[@id=&apos;CM_Employee_Create_Form-p-1&apos;]/div[1]/div/label&quot;}
For documentation on this error, please visit: http://seleniumhq.org/exceptions/no_such_element.html
Build info: version: &apos;2.44.0&apos;, revision: &apos;76d78cf323ce037c5f92db6c1bba601c2ac43ad8&apos;, time: &apos;2014-10-23 13:11:40&apos;
System info: host: &apos;DJ-PC&apos;, ip: &apos;192.168.30.1&apos;, os.name: &apos;Windows 7&apos;, os.arch: &apos;amd64&apos;, os.version: &apos;6.1&apos;, java.version: &apos;1.8.0_60&apos;
Driver info: driver.version: unknown
	at &lt;anonymous class&gt;.FirefoxDriver.prototype.findElementInternal_(file:///C:/Users/DJ/AppData/Local/Temp/anonymous1382986671740748713webdriver-profile/extensions/fxdriver@googlecode.com/components/driver-component.js:9641:133)
	at &lt;anonymous class&gt;.fxdriver.Timer.prototype.setTimeout/&lt;.notify(file:///C:/Users/DJ/AppData/Local/Temp/anonymous1382986671740748713webdriver-profile/extensions/fxdriver@googlecode.com/components/driver-component.js:548:5)
... Removed 28 stack frames</pre></div><a href='#' onClick='toggleBox("stack-trace945683299", this, "Click to show all stack frames", "Click to hide stack frames")'>Click to show all stack frames</a>
<div class='stack-trace' id='stack-trace945683299'><pre>org.openqa.selenium.NoSuchElementException: Unable to locate element: {&quot;method&quot;:&quot;xpath&quot;,&quot;selector&quot;:&quot;//*[@id=&apos;CM_Employee_Create_Form-p-1&apos;]/div[1]/div/label&quot;}
Command duration or timeout: 5.08 seconds
For documentation on this error, please visit: http://seleniumhq.org/exceptions/no_such_element.html
Build info: version: &apos;2.44.0&apos;, revision: &apos;76d78cf323ce037c5f92db6c1bba601c2ac43ad8&apos;, time: &apos;2014-10-23 13:11:40&apos;
System info: host: &apos;DJ-PC&apos;, ip: &apos;192.168.30.1&apos;, os.name: &apos;Windows 7&apos;, os.arch: &apos;amd64&apos;, os.version: &apos;6.1&apos;, java.version: &apos;1.8.0_60&apos;
Driver info: org.openqa.selenium.firefox.FirefoxDriver
Capabilities [{applicationCacheEnabled=true, rotatable=false, handlesAlerts=true, databaseEnabled=true, version=31.0, platform=WINDOWS, nativeEvents=true, acceptSslCerts=true, webStorageEnabled=true, locationContextEnabled=true, browserName=firefox, takesScreenshot=true, javascriptEnabled=true, cssSelectorsEnabled=true}]
Session ID: 8a5a60bc-63c9-4b0f-835b-d742780337e1
	at sun.reflect.NativeConstructorAccessorImpl.newInstance0(Native Method)
	at sun.reflect.NativeConstructorAccessorImpl.newInstance(Unknown Source)
	at sun.reflect.DelegatingConstructorAccessorImpl.newInstance(Unknown Source)
	at java.lang.reflect.Constructor.newInstance(Unknown Source)
	at org.openqa.selenium.remote.ErrorHandler.createThrowable(ErrorHandler.java:204)
	at org.openqa.selenium.remote.ErrorHandler.throwIfResponseFailed(ErrorHandler.java:156)
	at org.openqa.selenium.remote.RemoteWebDriver.execute(RemoteWebDriver.java:599)
	at org.openqa.selenium.remote.RemoteWebDriver.findElement(RemoteWebDriver.java:352)
	at org.openqa.selenium.remote.RemoteWebDriver.findElementByXPath(RemoteWebDriver.java:449)
	at org.openqa.selenium.By$ByXPath.findElement(By.java:357)
	at org.openqa.selenium.remote.RemoteWebDriver.findElement(RemoteWebDriver.java:344)
	at org.openqa.selenium.support.pagefactory.DefaultElementLocator.findElement(DefaultElementLocator.java:59)
	at org.openqa.selenium.support.pagefactory.internal.LocatingElementHandler.invoke(LocatingElementHandler.java:37)
	at com.sun.proxy.$Proxy5.getText(Unknown Source)
	at PageObject_employee.Pageobject_create.Invalid_same_loginid_test(Pageobject_create.java:483)
	at Scenario_employee.Scenario_create.Invalid_same_loginid_test(Scenario_create.java:162)
	at sun.reflect.NativeMethodAccessorImpl.invoke0(Native Method)
	at sun.reflect.NativeMethodAccessorImpl.invoke(Unknown Source)
	at sun.reflect.DelegatingMethodAccessorImpl.invoke(Unknown Source)
	at java.lang.reflect.Method.invoke(Unknown Source)
	at org.testng.internal.MethodInvocationHelper.invokeMethod(MethodInvocationHelper.java:84)
	at org.testng.internal.Invoker.invokeMethod(Invoker.java:714)
	at org.testng.internal.Invoker.invokeTestMethod(Invoker.java:901)
	at org.testng.internal.Invoker.invokeTestMethods(Invoker.java:1231)
	at org.testng.internal.TestMethodWorker.invokeTestMethods(TestMethodWorker.java:127)
	at org.testng.internal.TestMethodWorker.run(TestMethodWorker.java:111)
	at org.testng.TestRunner.privateRun(TestRunner.java:767)
	at org.testng.TestRunner.run(TestRunner.java:617)
	at org.testng.SuiteRunner.runTest(SuiteRunner.java:334)
	at org.testng.SuiteRunner.runSequentially(SuiteRunner.java:329)
	at org.testng.SuiteRunner.privateRun(SuiteRunner.java:291)
	at org.testng.SuiteRunner.run(SuiteRunner.java:240)
	at org.testng.SuiteRunnerWorker.runSuite(SuiteRunnerWorker.java:52)
	at org.testng.SuiteRunnerWorker.run(SuiteRunnerWorker.java:86)
	at org.testng.TestNG.runSuitesSequentially(TestNG.java:1224)
	at org.testng.TestNG.runSuitesLocally(TestNG.java:1149)
	at org.testng.TestNG.run(TestNG.java:1057)
	at org.testng.remote.RemoteTestNG.run(RemoteTestNG.java:115)
	at org.testng.remote.RemoteTestNG.initAndRun(RemoteTestNG.java:207)
	at org.testng.remote.RemoteTestNG.main(RemoteTestNG.java:178)
Caused by: org.openqa.selenium.NoSuchElementException: Unable to locate element: {&quot;method&quot;:&quot;xpath&quot;,&quot;selector&quot;:&quot;//*[@id=&apos;CM_Employee_Create_Form-p-1&apos;]/div[1]/div/label&quot;}
For documentation on this error, please visit: http://seleniumhq.org/exceptions/no_such_element.html
Build info: version: &apos;2.44.0&apos;, revision: &apos;76d78cf323ce037c5f92db6c1bba601c2ac43ad8&apos;, time: &apos;2014-10-23 13:11:40&apos;
System info: host: &apos;DJ-PC&apos;, ip: &apos;192.168.30.1&apos;, os.name: &apos;Windows 7&apos;, os.arch: &apos;amd64&apos;, os.version: &apos;6.1&apos;, java.version: &apos;1.8.0_60&apos;
Driver info: driver.version: unknown
	at &lt;anonymous class&gt;.FirefoxDriver.prototype.findElementInternal_(file:///C:/Users/DJ/AppData/Local/Temp/anonymous1382986671740748713webdriver-profile/extensions/fxdriver@googlecode.com/components/driver-component.js:9641:133)
	at &lt;anonymous class&gt;.fxdriver.Timer.prototype.setTimeout/&lt;.notify(file:///C:/Users/DJ/AppData/Local/Temp/anonymous1382986671740748713webdriver-profile/extensions/fxdriver@googlecode.com/components/driver-component.js:548:5)
</pre></div></td>
<td>21</td>
<td>Scenario_employee.Scenario_create@1f57539</td></tr>
<tr>
<td title='Scenario_Employ_grade.Scenario_create.Valid_grade_test()'><b>Valid_grade_test</b><br>Test class: Scenario_Employ_grade.Scenario_create<br>Parameters: RW_163, 1.0, AB, AB+001, AB+001, AB</td>
<td><div><pre>org.openqa.selenium.NoSuchElementException: Unable to locate element: {&quot;method&quot;:&quot;xpath&quot;,&quot;selector&quot;:&quot;//*[@id=&apos;GradeTableContainer&apos;]/div/table/tbody/tr[1]/td[2]&quot;}
Command duration or timeout: 10.07 seconds
For documentation on this error, please visit: http://seleniumhq.org/exceptions/no_such_element.html
Build info: version: &apos;2.44.0&apos;, revision: &apos;76d78cf323ce037c5f92db6c1bba601c2ac43ad8&apos;, time: &apos;2014-10-23 13:11:40&apos;
System info: host: &apos;DJ-PC&apos;, ip: &apos;192.168.30.1&apos;, os.name: &apos;Windows 7&apos;, os.arch: &apos;amd64&apos;, os.version: &apos;6.1&apos;, java.version: &apos;1.8.0_60&apos;
Driver info: org.openqa.selenium.firefox.FirefoxDriver
Capabilities [{applicationCacheEnabled=true, rotatable=false, handlesAlerts=true, databaseEnabled=true, version=31.0, platform=WINDOWS, nativeEvents=true, acceptSslCerts=true, webStorageEnabled=true, locationContextEnabled=true, browserName=firefox, takesScreenshot=true, javascriptEnabled=true, cssSelectorsEnabled=true}]
Session ID: e802baf4-c41d-4fc2-93ff-f5756fa46d10
	at org.openqa.selenium.remote.ErrorHandler.createThrowable(ErrorHandler.java:204)
	at org.openqa.selenium.remote.ErrorHandler.throwIfResponseFailed(ErrorHandler.java:156)
	at org.openqa.selenium.remote.RemoteWebDriver.execute(RemoteWebDriver.java:599)
	at org.openqa.selenium.remote.RemoteWebDriver.findElement(RemoteWebDriver.java:352)
	at org.openqa.selenium.remote.RemoteWebDriver.findElementByXPath(RemoteWebDriver.java:449)
	at org.openqa.selenium.By$ByXPath.findElement(By.java:357)
	at org.openqa.selenium.remote.RemoteWebDriver.findElement(RemoteWebDriver.java:344)
	at org.openqa.selenium.support.pagefactory.DefaultElementLocator.findElement(DefaultElementLocator.java:59)
	at org.openqa.selenium.support.pagefactory.internal.LocatingElementHandler.invoke(LocatingElementHandler.java:37)
	at com.sun.proxy.$Proxy5.getText(Unknown Source)
	at Pageobject_Employ_grade.Pageobject_create.Valid_grade_test(Pageobject_create.java:169)
	at Scenario_Employ_grade.Scenario_create.Valid_grade_test(Scenario_create.java:136)
Caused by: org.openqa.selenium.NoSuchElementException: Unable to locate element: {&quot;method&quot;:&quot;xpath&quot;,&quot;selector&quot;:&quot;//*[@id=&apos;GradeTableContainer&apos;]/div/table/tbody/tr[1]/td[2]&quot;}
For documentation on this error, please visit: http://seleniumhq.org/exceptions/no_such_element.html
Build info: version: &apos;2.44.0&apos;, revision: &apos;76d78cf323ce037c5f92db6c1bba601c2ac43ad8&apos;, time: &apos;2014-10-23 13:11:40&apos;
System info: host: &apos;DJ-PC&apos;, ip: &apos;192.168.30.1&apos;, os.name: &apos;Windows 7&apos;, os.arch: &apos;amd64&apos;, os.version: &apos;6.1&apos;, java.version: &apos;1.8.0_60&apos;
Driver info: driver.version: unknown
	at &lt;anonymous class&gt;.FirefoxDriver.prototype.findElementInternal_(file:///C:/Users/DJ/AppData/Local/Temp/anonymous8238463954561850292webdriver-profile/extensions/fxdriver@googlecode.com/components/driver-component.js:9641:133)
	at &lt;anonymous class&gt;.fxdriver.Timer.prototype.setTimeout/&lt;.notify(file:///C:/Users/DJ/AppData/Local/Temp/anonymous8238463954561850292webdriver-profile/extensions/fxdriver@googlecode.com/components/driver-component.js:548:5)
... Removed 28 stack frames</pre></div><a href='#' onClick='toggleBox("stack-trace2066315072", this, "Click to show all stack frames", "Click to hide stack frames")'>Click to show all stack frames</a>
<div class='stack-trace' id='stack-trace2066315072'><pre>org.openqa.selenium.NoSuchElementException: Unable to locate element: {&quot;method&quot;:&quot;xpath&quot;,&quot;selector&quot;:&quot;//*[@id=&apos;GradeTableContainer&apos;]/div/table/tbody/tr[1]/td[2]&quot;}
Command duration or timeout: 10.07 seconds
For documentation on this error, please visit: http://seleniumhq.org/exceptions/no_such_element.html
Build info: version: &apos;2.44.0&apos;, revision: &apos;76d78cf323ce037c5f92db6c1bba601c2ac43ad8&apos;, time: &apos;2014-10-23 13:11:40&apos;
System info: host: &apos;DJ-PC&apos;, ip: &apos;192.168.30.1&apos;, os.name: &apos;Windows 7&apos;, os.arch: &apos;amd64&apos;, os.version: &apos;6.1&apos;, java.version: &apos;1.8.0_60&apos;
Driver info: org.openqa.selenium.firefox.FirefoxDriver
Capabilities [{applicationCacheEnabled=true, rotatable=false, handlesAlerts=true, databaseEnabled=true, version=31.0, platform=WINDOWS, nativeEvents=true, acceptSslCerts=true, webStorageEnabled=true, locationContextEnabled=true, browserName=firefox, takesScreenshot=true, javascriptEnabled=true, cssSelectorsEnabled=true}]
Session ID: e802baf4-c41d-4fc2-93ff-f5756fa46d10
	at sun.reflect.NativeConstructorAccessorImpl.newInstance0(Native Method)
	at sun.reflect.NativeConstructorAccessorImpl.newInstance(Unknown Source)
	at sun.reflect.DelegatingConstructorAccessorImpl.newInstance(Unknown Source)
	at java.lang.reflect.Constructor.newInstance(Unknown Source)
	at org.openqa.selenium.remote.ErrorHandler.createThrowable(ErrorHandler.java:204)
	at org.openqa.selenium.remote.ErrorHandler.throwIfResponseFailed(ErrorHandler.java:156)
	at org.openqa.selenium.remote.RemoteWebDriver.execute(RemoteWebDriver.java:599)
	at org.openqa.selenium.remote.RemoteWebDriver.findElement(RemoteWebDriver.java:352)
	at org.openqa.selenium.remote.RemoteWebDriver.findElementByXPath(RemoteWebDriver.java:449)
	at org.openqa.selenium.By$ByXPath.findElement(By.java:357)
	at org.openqa.selenium.remote.RemoteWebDriver.findElement(RemoteWebDriver.java:344)
	at org.openqa.selenium.support.pagefactory.DefaultElementLocator.findElement(DefaultElementLocator.java:59)
	at org.openqa.selenium.support.pagefactory.internal.LocatingElementHandler.invoke(LocatingElementHandler.java:37)
	at com.sun.proxy.$Proxy5.getText(Unknown Source)
	at Pageobject_Employ_grade.Pageobject_create.Valid_grade_test(Pageobject_create.java:169)
	at Scenario_Employ_grade.Scenario_create.Valid_grade_test(Scenario_create.java:136)
	at sun.reflect.NativeMethodAccessorImpl.invoke0(Native Method)
	at sun.reflect.NativeMethodAccessorImpl.invoke(Unknown Source)
	at sun.reflect.DelegatingMethodAccessorImpl.invoke(Unknown Source)
	at java.lang.reflect.Method.invoke(Unknown Source)
	at org.testng.internal.MethodInvocationHelper.invokeMethod(MethodInvocationHelper.java:84)
	at org.testng.internal.Invoker.invokeMethod(Invoker.java:714)
	at org.testng.internal.Invoker.invokeTestMethod(Invoker.java:901)
	at org.testng.internal.Invoker.invokeTestMethods(Invoker.java:1231)
	at org.testng.internal.TestMethodWorker.invokeTestMethods(TestMethodWorker.java:127)
	at org.testng.internal.TestMethodWorker.run(TestMethodWorker.java:111)
	at org.testng.TestRunner.privateRun(TestRunner.java:767)
	at org.testng.TestRunner.run(TestRunner.java:617)
	at org.testng.SuiteRunner.runTest(SuiteRunner.java:334)
	at org.testng.SuiteRunner.runSequentially(SuiteRunner.java:329)
	at org.testng.SuiteRunner.privateRun(SuiteRunner.java:291)
	at org.testng.SuiteRunner.run(SuiteRunner.java:240)
	at org.testng.SuiteRunnerWorker.runSuite(SuiteRunnerWorker.java:52)
	at org.testng.SuiteRunnerWorker.run(SuiteRunnerWorker.java:86)
	at org.testng.TestNG.runSuitesSequentially(TestNG.java:1224)
	at org.testng.TestNG.runSuitesLocally(TestNG.java:1149)
	at org.testng.TestNG.run(TestNG.java:1057)
	at org.testng.remote.RemoteTestNG.run(RemoteTestNG.java:115)
	at org.testng.remote.RemoteTestNG.initAndRun(RemoteTestNG.java:207)
	at org.testng.remote.RemoteTestNG.main(RemoteTestNG.java:178)
Caused by: org.openqa.selenium.NoSuchElementException: Unable to locate element: {&quot;method&quot;:&quot;xpath&quot;,&quot;selector&quot;:&quot;//*[@id=&apos;GradeTableContainer&apos;]/div/table/tbody/tr[1]/td[2]&quot;}
For documentation on this error, please visit: http://seleniumhq.org/exceptions/no_such_element.html
Build info: version: &apos;2.44.0&apos;, revision: &apos;76d78cf323ce037c5f92db6c1bba601c2ac43ad8&apos;, time: &apos;2014-10-23 13:11:40&apos;
System info: host: &apos;DJ-PC&apos;, ip: &apos;192.168.30.1&apos;, os.name: &apos;Windows 7&apos;, os.arch: &apos;amd64&apos;, os.version: &apos;6.1&apos;, java.version: &apos;1.8.0_60&apos;
Driver info: driver.version: unknown
	at &lt;anonymous class&gt;.FirefoxDriver.prototype.findElementInternal_(file:///C:/Users/DJ/AppData/Local/Temp/anonymous8238463954561850292webdriver-profile/extensions/fxdriver@googlecode.com/components/driver-component.js:9641:133)
	at &lt;anonymous class&gt;.fxdriver.Timer.prototype.setTimeout/&lt;.notify(file:///C:/Users/DJ/AppData/Local/Temp/anonymous8238463954561850292webdriver-profile/extensions/fxdriver@googlecode.com/components/driver-component.js:548:5)
</pre></div></td>
<td>29</td>
<td>Scenario_Employ_grade.Scenario_create@1b68ddbd</td></tr>
<tr>
<td title='Scenario_criticality.Scenario_edit.test_Invalidcriti_blnk()'><b>test_Invalidcriti_blnk</b><br>Test class: Scenario_criticality.Scenario_edit<br>Parameters: RW_13, 1.0, , low criticality, Criticality can not be empty.</td>
<td><div><pre>org.openqa.selenium.interactions.MoveTargetOutOfBoundsException: Element cannot be scrolled into view:[object XrayWrapper [object HTMLSpanElement]]
Command duration or timeout: 50 milliseconds
Build info: version: &apos;2.44.0&apos;, revision: &apos;76d78cf323ce037c5f92db6c1bba601c2ac43ad8&apos;, time: &apos;2014-10-23 13:11:40&apos;
System info: host: &apos;DJ-PC&apos;, ip: &apos;192.168.30.1&apos;, os.name: &apos;Windows 7&apos;, os.arch: &apos;amd64&apos;, os.version: &apos;6.1&apos;, java.version: &apos;1.8.0_60&apos;
Driver info: org.openqa.selenium.firefox.FirefoxDriver
Capabilities [{applicationCacheEnabled=true, rotatable=false, handlesAlerts=true, databaseEnabled=true, version=31.0, platform=WINDOWS, nativeEvents=true, acceptSslCerts=true, webStorageEnabled=true, locationContextEnabled=true, browserName=firefox, takesScreenshot=true, javascriptEnabled=true, cssSelectorsEnabled=true}]
Session ID: 3ddb424e-0aea-4d2e-9097-3c62da8cdb6b
	at org.openqa.selenium.remote.ErrorHandler.createThrowable(ErrorHandler.java:204)
	at org.openqa.selenium.remote.ErrorHandler.throwIfResponseFailed(ErrorHandler.java:156)
	at org.openqa.selenium.remote.RemoteWebDriver.execute(RemoteWebDriver.java:599)
	at org.openqa.selenium.remote.RemoteWebElement.execute(RemoteWebElement.java:268)
	at org.openqa.selenium.remote.RemoteWebElement.click(RemoteWebElement.java:79)
	at org.openqa.selenium.support.pagefactory.internal.LocatingElementHandler.invoke(LocatingElementHandler.java:50)
	at com.sun.proxy.$Proxy5.click(Unknown Source)
	at PageObject_criticality.Pageobject_edit.click_criti(Pageobject_edit.java:86)
	at PageObject_criticality.Pageobject_edit.Commonprocesscriti(Pageobject_edit.java:150)
	at Scenario_criticality.Scenario_edit.test_Invalidcriti_blnk(Scenario_edit.java:50)
Caused by: org.openqa.selenium.interactions.MoveTargetOutOfBoundsException: Element cannot be scrolled into view:[object XrayWrapper [object HTMLSpanElement]]
Build info: version: &apos;2.44.0&apos;, revision: &apos;76d78cf323ce037c5f92db6c1bba601c2ac43ad8&apos;, time: &apos;2014-10-23 13:11:40&apos;
System info: host: &apos;DJ-PC&apos;, ip: &apos;192.168.30.1&apos;, os.name: &apos;Windows 7&apos;, os.arch: &apos;amd64&apos;, os.version: &apos;6.1&apos;, java.version: &apos;1.8.0_60&apos;
Driver info: driver.version: unknown
	at &lt;anonymous class&gt;.WebElement.clickElement(file:///C:/Users/DJ/AppData/Local/Temp/anonymous5983407041554616427webdriver-profile/extensions/fxdriver@googlecode.com/components/command-processor.js:11036:7)
	at &lt;anonymous class&gt;.DelayedCommand.prototype.executeInternal_/h(file:///C:/Users/DJ/AppData/Local/Temp/anonymous5983407041554616427webdriver-profile/extensions/fxdriver@googlecode.com/components/command-processor.js:11635:16)
	at &lt;anonymous class&gt;.DelayedCommand.prototype.executeInternal_(file:///C:/Users/DJ/AppData/Local/Temp/anonymous5983407041554616427webdriver-profile/extensions/fxdriver@googlecode.com/components/command-processor.js:11640:7)
	at &lt;anonymous class&gt;.DelayedCommand.prototype.execute/&lt;(file:///C:/Users/DJ/AppData/Local/Temp/anonymous5983407041554616427webdriver-profile/extensions/fxdriver@googlecode.com/components/command-processor.js:11582:5)
... Removed 31 stack frames</pre></div><a href='#' onClick='toggleBox("stack-trace673672784", this, "Click to show all stack frames", "Click to hide stack frames")'>Click to show all stack frames</a>
<div class='stack-trace' id='stack-trace673672784'><pre>org.openqa.selenium.interactions.MoveTargetOutOfBoundsException: Element cannot be scrolled into view:[object XrayWrapper [object HTMLSpanElement]]
Command duration or timeout: 50 milliseconds
Build info: version: &apos;2.44.0&apos;, revision: &apos;76d78cf323ce037c5f92db6c1bba601c2ac43ad8&apos;, time: &apos;2014-10-23 13:11:40&apos;
System info: host: &apos;DJ-PC&apos;, ip: &apos;192.168.30.1&apos;, os.name: &apos;Windows 7&apos;, os.arch: &apos;amd64&apos;, os.version: &apos;6.1&apos;, java.version: &apos;1.8.0_60&apos;
Driver info: org.openqa.selenium.firefox.FirefoxDriver
Capabilities [{applicationCacheEnabled=true, rotatable=false, handlesAlerts=true, databaseEnabled=true, version=31.0, platform=WINDOWS, nativeEvents=true, acceptSslCerts=true, webStorageEnabled=true, locationContextEnabled=true, browserName=firefox, takesScreenshot=true, javascriptEnabled=true, cssSelectorsEnabled=true}]
Session ID: 3ddb424e-0aea-4d2e-9097-3c62da8cdb6b
	at sun.reflect.NativeConstructorAccessorImpl.newInstance0(Native Method)
	at sun.reflect.NativeConstructorAccessorImpl.newInstance(Unknown Source)
	at sun.reflect.DelegatingConstructorAccessorImpl.newInstance(Unknown Source)
	at java.lang.reflect.Constructor.newInstance(Unknown Source)
	at org.openqa.selenium.remote.ErrorHandler.createThrowable(ErrorHandler.java:204)
	at org.openqa.selenium.remote.ErrorHandler.throwIfResponseFailed(ErrorHandler.java:156)
	at org.openqa.selenium.remote.RemoteWebDriver.execute(RemoteWebDriver.java:599)
	at org.openqa.selenium.remote.RemoteWebElement.execute(RemoteWebElement.java:268)
	at org.openqa.selenium.remote.RemoteWebElement.click(RemoteWebElement.java:79)
	at sun.reflect.GeneratedMethodAccessor10.invoke(Unknown Source)
	at sun.reflect.DelegatingMethodAccessorImpl.invoke(Unknown Source)
	at java.lang.reflect.Method.invoke(Unknown Source)
	at org.openqa.selenium.support.pagefactory.internal.LocatingElementHandler.invoke(LocatingElementHandler.java:50)
	at com.sun.proxy.$Proxy5.click(Unknown Source)
	at PageObject_criticality.Pageobject_edit.click_criti(Pageobject_edit.java:86)
	at PageObject_criticality.Pageobject_edit.Commonprocesscriti(Pageobject_edit.java:150)
	at Scenario_criticality.Scenario_edit.test_Invalidcriti_blnk(Scenario_edit.java:50)
	at sun.reflect.NativeMethodAccessorImpl.invoke0(Native Method)
	at sun.reflect.NativeMethodAccessorImpl.invoke(Unknown Source)
	at sun.reflect.DelegatingMethodAccessorImpl.invoke(Unknown Source)
	at java.lang.reflect.Method.invoke(Unknown Source)
	at org.testng.internal.MethodInvocationHelper.invokeMethod(MethodInvocationHelper.java:84)
	at org.testng.internal.Invoker.invokeMethod(Invoker.java:714)
	at org.testng.internal.Invoker.invokeTestMethod(Invoker.java:901)
	at org.testng.internal.Invoker.invokeTestMethods(Invoker.java:1231)
	at org.testng.internal.TestMethodWorker.invokeTestMethods(TestMethodWorker.java:127)
	at org.testng.internal.TestMethodWorker.run(TestMethodWorker.java:111)
	at org.testng.TestRunner.privateRun(TestRunner.java:767)
	at org.testng.TestRunner.run(TestRunner.java:617)
	at org.testng.SuiteRunner.runTest(SuiteRunner.java:334)
	at org.testng.SuiteRunner.runSequentially(SuiteRunner.java:329)
	at org.testng.SuiteRunner.privateRun(SuiteRunner.java:291)
	at org.testng.SuiteRunner.run(SuiteRunner.java:240)
	at org.testng.SuiteRunnerWorker.runSuite(SuiteRunnerWorker.java:52)
	at org.testng.SuiteRunnerWorker.run(SuiteRunnerWorker.java:86)
	at org.testng.TestNG.runSuitesSequentially(TestNG.java:1224)
	at org.testng.TestNG.runSuitesLocally(TestNG.java:1149)
	at org.testng.TestNG.run(TestNG.java:1057)
	at org.testng.remote.RemoteTestNG.run(RemoteTestNG.java:115)
	at org.testng.remote.RemoteTestNG.initAndRun(RemoteTestNG.java:207)
	at org.testng.remote.RemoteTestNG.main(RemoteTestNG.java:178)
Caused by: org.openqa.selenium.interactions.MoveTargetOutOfBoundsException: Element cannot be scrolled into view:[object XrayWrapper [object HTMLSpanElement]]
Build info: version: &apos;2.44.0&apos;, revision: &apos;76d78cf323ce037c5f92db6c1bba601c2ac43ad8&apos;, time: &apos;2014-10-23 13:11:40&apos;
System info: host: &apos;DJ-PC&apos;, ip: &apos;192.168.30.1&apos;, os.name: &apos;Windows 7&apos;, os.arch: &apos;amd64&apos;, os.version: &apos;6.1&apos;, java.version: &apos;1.8.0_60&apos;
Driver info: driver.version: unknown
	at &lt;anonymous class&gt;.WebElement.clickElement(file:///C:/Users/DJ/AppData/Local/Temp/anonymous5983407041554616427webdriver-profile/extensions/fxdriver@googlecode.com/components/command-processor.js:11036:7)
	at &lt;anonymous class&gt;.DelayedCommand.prototype.executeInternal_/h(file:///C:/Users/DJ/AppData/Local/Temp/anonymous5983407041554616427webdriver-profile/extensions/fxdriver@googlecode.com/components/command-processor.js:11635:16)
	at &lt;anonymous class&gt;.DelayedCommand.prototype.executeInternal_(file:///C:/Users/DJ/AppData/Local/Temp/anonymous5983407041554616427webdriver-profile/extensions/fxdriver@googlecode.com/components/command-processor.js:11640:7)
	at &lt;anonymous class&gt;.DelayedCommand.prototype.execute/&lt;(file:///C:/Users/DJ/AppData/Local/Temp/anonymous5983407041554616427webdriver-profile/extensions/fxdriver@googlecode.com/components/command-processor.js:11582:5)
</pre></div></td>
<td>10</td>
<td>Scenario_criticality.Scenario_edit@5a1c0542</td></tr>
<tr>
<td title='Scenario_Employ_grade.Scenario_create.test_Validcriti()'><b>test_Validcriti</b><br>Test class: Scenario_Employ_grade.Scenario_create<br>Parameters: RW_159, 1.0, , AB001, AB, Grade Name can not be empty</td>
<td><div><pre>java.lang.AssertionError: The following asserts failed:
null, Failed as Expected msg was Grade Code can not be emptyActual msg was   Grade Name already exists!, null, Failed as Expected msg was Grade Code already exists!Actual msg was   Grade Name already exists!
	at Scenario_Employ_grade.Scenario_create.test_Validcriti(Scenario_create.java:40)
... Removed 25 stack frames</pre></div><a href='#' onClick='toggleBox("stack-trace2126751933", this, "Click to show all stack frames", "Click to hide stack frames")'>Click to show all stack frames</a>
<div class='stack-trace' id='stack-trace2126751933'><pre>java.lang.AssertionError: The following asserts failed:
null, Failed as Expected msg was Grade Code can not be emptyActual msg was   Grade Name already exists!, null, Failed as Expected msg was Grade Code already exists!Actual msg was   Grade Name already exists!
	at org.testng.asserts.SoftAssert.assertAll(SoftAssert.java:38)
	at Scenario_Employ_grade.Scenario_create.test_Validcriti(Scenario_create.java:40)
	at sun.reflect.NativeMethodAccessorImpl.invoke0(Native Method)
	at sun.reflect.NativeMethodAccessorImpl.invoke(Unknown Source)
	at sun.reflect.DelegatingMethodAccessorImpl.invoke(Unknown Source)
	at java.lang.reflect.Method.invoke(Unknown Source)
	at org.testng.internal.MethodInvocationHelper.invokeMethod(MethodInvocationHelper.java:84)
	at org.testng.internal.Invoker.invokeMethod(Invoker.java:714)
	at org.testng.internal.Invoker.invokeTestMethod(Invoker.java:901)
	at org.testng.internal.Invoker.invokeTestMethods(Invoker.java:1231)
	at org.testng.internal.TestMethodWorker.invokeTestMethods(TestMethodWorker.java:127)
	at org.testng.internal.TestMethodWorker.run(TestMethodWorker.java:111)
	at org.testng.TestRunner.privateRun(TestRunner.java:767)
	at org.testng.TestRunner.run(TestRunner.java:617)
	at org.testng.SuiteRunner.runTest(SuiteRunner.java:334)
	at org.testng.SuiteRunner.runSequentially(SuiteRunner.java:329)
	at org.testng.SuiteRunner.privateRun(SuiteRunner.java:291)
	at org.testng.SuiteRunner.run(SuiteRunner.java:240)
	at org.testng.SuiteRunnerWorker.runSuite(SuiteRunnerWorker.java:52)
	at org.testng.SuiteRunnerWorker.run(SuiteRunnerWorker.java:86)
	at org.testng.TestNG.runSuitesSequentially(TestNG.java:1224)
	at org.testng.TestNG.runSuitesLocally(TestNG.java:1149)
	at org.testng.TestNG.run(TestNG.java:1057)
	at org.testng.remote.RemoteTestNG.run(RemoteTestNG.java:115)
	at org.testng.remote.RemoteTestNG.initAndRun(RemoteTestNG.java:207)
	at org.testng.remote.RemoteTestNG.main(RemoteTestNG.java:178)
</pre></div></td>
<td>18</td>
<td>Scenario_Employ_grade.Scenario_create@1b68ddbd</td></tr>
<tr>
<td title='Scenario_branch.Scenario_del.test_valid_frstcountry_del()'><b>test_valid_frstcountry_del</b><br>Test class: Scenario_branch.Scenario_del<br>Parameters: RW_127, 1.0, Deleted</td>
<td><div><pre>java.lang.NullPointerException
	at Scenario_branch.Scenario_del.test_valid_frstcountry_del(Scenario_del.java:68)
... Removed 24 stack frames</pre></div><a href='#' onClick='toggleBox("stack-trace480498267", this, "Click to show all stack frames", "Click to hide stack frames")'>Click to show all stack frames</a>
<div class='stack-trace' id='stack-trace480498267'><pre>java.lang.NullPointerException
	at Scenario_branch.Scenario_del.test_valid_frstcountry_del(Scenario_del.java:68)
	at sun.reflect.NativeMethodAccessorImpl.invoke0(Native Method)
	at sun.reflect.NativeMethodAccessorImpl.invoke(Unknown Source)
	at sun.reflect.DelegatingMethodAccessorImpl.invoke(Unknown Source)
	at java.lang.reflect.Method.invoke(Unknown Source)
	at org.testng.internal.MethodInvocationHelper.invokeMethod(MethodInvocationHelper.java:84)
	at org.testng.internal.Invoker.invokeMethod(Invoker.java:714)
	at org.testng.internal.Invoker.invokeTestMethod(Invoker.java:901)
	at org.testng.internal.Invoker.invokeTestMethods(Invoker.java:1231)
	at org.testng.internal.TestMethodWorker.invokeTestMethods(TestMethodWorker.java:127)
	at org.testng.internal.TestMethodWorker.run(TestMethodWorker.java:111)
	at org.testng.TestRunner.privateRun(TestRunner.java:767)
	at org.testng.TestRunner.run(TestRunner.java:617)
	at org.testng.SuiteRunner.runTest(SuiteRunner.java:334)
	at org.testng.SuiteRunner.runSequentially(SuiteRunner.java:329)
	at org.testng.SuiteRunner.privateRun(SuiteRunner.java:291)
	at org.testng.SuiteRunner.run(SuiteRunner.java:240)
	at org.testng.SuiteRunnerWorker.runSuite(SuiteRunnerWorker.java:52)
	at org.testng.SuiteRunnerWorker.run(SuiteRunnerWorker.java:86)
	at org.testng.TestNG.runSuitesSequentially(TestNG.java:1224)
	at org.testng.TestNG.runSuitesLocally(TestNG.java:1149)
	at org.testng.TestNG.run(TestNG.java:1057)
	at org.testng.remote.RemoteTestNG.run(RemoteTestNG.java:115)
	at org.testng.remote.RemoteTestNG.initAndRun(RemoteTestNG.java:207)
	at org.testng.remote.RemoteTestNG.main(RemoteTestNG.java:178)
</pre></div></td>
<td>14</td>
<td>Scenario_branch.Scenario_del@17d677df</td></tr>
<tr>
<td title='Scenario_branch.Scenario_del.test_valid_mul_del()'><b>test_valid_mul_del</b><br>Test class: Scenario_branch.Scenario_del<br>Parameters: RW_128, 1.0, Deleted</td>
<td><div><pre>java.lang.NullPointerException
	at Scenario_branch.Scenario_del.test_valid_mul_del(Scenario_del.java:96)
... Removed 24 stack frames</pre></div><a href='#' onClick='toggleBox("stack-trace1146222092", this, "Click to show all stack frames", "Click to hide stack frames")'>Click to show all stack frames</a>
<div class='stack-trace' id='stack-trace1146222092'><pre>java.lang.NullPointerException
	at Scenario_branch.Scenario_del.test_valid_mul_del(Scenario_del.java:96)
	at sun.reflect.NativeMethodAccessorImpl.invoke0(Native Method)
	at sun.reflect.NativeMethodAccessorImpl.invoke(Unknown Source)
	at sun.reflect.DelegatingMethodAccessorImpl.invoke(Unknown Source)
	at java.lang.reflect.Method.invoke(Unknown Source)
	at org.testng.internal.MethodInvocationHelper.invokeMethod(MethodInvocationHelper.java:84)
	at org.testng.internal.Invoker.invokeMethod(Invoker.java:714)
	at org.testng.internal.Invoker.invokeTestMethod(Invoker.java:901)
	at org.testng.internal.Invoker.invokeTestMethods(Invoker.java:1231)
	at org.testng.internal.TestMethodWorker.invokeTestMethods(TestMethodWorker.java:127)
	at org.testng.internal.TestMethodWorker.run(TestMethodWorker.java:111)
	at org.testng.TestRunner.privateRun(TestRunner.java:767)
	at org.testng.TestRunner.run(TestRunner.java:617)
	at org.testng.SuiteRunner.runTest(SuiteRunner.java:334)
	at org.testng.SuiteRunner.runSequentially(SuiteRunner.java:329)
	at org.testng.SuiteRunner.privateRun(SuiteRunner.java:291)
	at org.testng.SuiteRunner.run(SuiteRunner.java:240)
	at org.testng.SuiteRunnerWorker.runSuite(SuiteRunnerWorker.java:52)
	at org.testng.SuiteRunnerWorker.run(SuiteRunnerWorker.java:86)
	at org.testng.TestNG.runSuitesSequentially(TestNG.java:1224)
	at org.testng.TestNG.runSuitesLocally(TestNG.java:1149)
	at org.testng.TestNG.run(TestNG.java:1057)
	at org.testng.remote.RemoteTestNG.run(RemoteTestNG.java:115)
	at org.testng.remote.RemoteTestNG.initAndRun(RemoteTestNG.java:207)
	at org.testng.remote.RemoteTestNG.main(RemoteTestNG.java:178)
</pre></div></td>
<td>18</td>
<td>Scenario_branch.Scenario_del@17d677df</td></tr>
</table><p>
<table width='100%' border='1' class='invocation-passed'>
<tr><td colspan='4' align='center'><b>PASSED TESTS</b></td></tr>
<tr><td><b>Test method</b></td>
<td width="30%"><b>Exception</b></td>
<td width="10%"><b>Time (seconds)</b></td>
<td><b>Instance</b></td>
</tr>
<tr>
<td title='Scenario_branch.Scenario_create.Invalid_brnchcode_test_blnk()'><b>Invalid_brnchcode_test_blnk</b><br>Test class: Scenario_branch.Scenario_create<br>Parameters: RW_111, 1.0, dadar, 127.0, , mum4, akash3, 123.0, vinay, 123456.0, Branch Code can not be empty.</td>
<td></td>
<td>21</td>
<td>Scenario_branch.Scenario_create@1877ab81</td></tr>
<tr>
<td title='Scenario_branch.Scenario_edit.Invalid_brnchcode_test_blnk()'><b>Invalid_brnchcode_test_blnk</b><br>Test class: Scenario_branch.Scenario_edit<br>Parameters: RW_121, 1.0, dadar, 127.0, , mum4, dj3, 123.0, vinay, 123456.0, Branch Code can not be empty.</td>
<td></td>
<td>20</td>
<td>Scenario_branch.Scenario_edit@1786dec2</td></tr>
<tr>
<td title='Scenario_branch.Scenario_create.Invalid_brnchname_test_blnk()'><b>Invalid_brnchname_test_blnk</b><br>Test class: Scenario_branch.Scenario_create<br>Parameters: RW_109, 1.0, , 127.0, 27.0, mum4, akash1, 123.0, vinay, 123456.0, Branch Name can not be empty.</td>
<td></td>
<td>20</td>
<td>Scenario_branch.Scenario_create@1877ab81</td></tr>
<tr>
<td title='Scenario_branch.Scenario_edit.Invalid_brnchname_test_blnk()'><b>Invalid_brnchname_test_blnk</b><br>Test class: Scenario_branch.Scenario_edit<br>Parameters: RW_119, 1.0, , 127.0, 27.0, mum4, dj1, 123.0, vinay, 123456.0, Branch Name can not be empty.</td>
<td></td>
<td>19</td>
<td>Scenario_branch.Scenario_edit@1786dec2</td></tr>
<tr>
<td title='Scenario_Employ_depart.Scenario_create.Invalid_departname_test()'><b>Invalid_departname_test</b><br>Test class: Scenario_Employ_depart.Scenario_create<br>Parameters: RW_200, 1.0, Vipro, Vipro001, Vipro, Department Name already exists!</td>
<td></td>
<td>17</td>
<td>Scenario_Employ_depart.Scenario_create@2bbf4b8b</td></tr>
<tr>
<td title='Scenario_Employ_depart.Scenario_edit.Invalid_departname_test()'><b>Invalid_departname_test</b><br>Test class: Scenario_Employ_depart.Scenario_edit<br>Parameters: RW_203, 1.0, Vipro, Vipro001, Vipro, Department Name already exists!, </td>
<td></td>
<td>16</td>
<td>Scenario_Employ_depart.Scenario_edit@78e67e0a</td></tr>
<tr>
<td title='Scenario_Employ_depart.Scenario_edit.Invalid_departname_test_blnk()'><b>Invalid_departname_test_blnk</b><br>Test class: Scenario_Employ_depart.Scenario_edit<br>Parameters: RW_202, 1.0, , , blank, Parent Group and Group Name should not be the same., Department Name can not be empty.</td>
<td></td>
<td>17</td>
<td>Scenario_Employ_depart.Scenario_edit@78e67e0a</td></tr>
<tr>
<td title='Scenario_Employ_desig.Scenario_create.Invalid_desigcode_test()'><b>Invalid_desigcode_test</b><br>Test class: Scenario_Employ_desig.Scenario_create<br>Parameters: RW_149, 1.0, associate, captain, associate, Designation Code already exists!</td>
<td></td>
<td>15</td>
<td>Scenario_Employ_desig.Scenario_create@2d8f65a4</td></tr>
<tr>
<td title='Scenario_Employ_desig.Scenario_edit.Invalid_desigcode_test()'><b>Invalid_desigcode_test</b><br>Test class: Scenario_Employ_desig.Scenario_edit<br>Parameters: RW_154, 1.0, associate, captain, associate, Designation Code already exists!</td>
<td></td>
<td>16</td>
<td>Scenario_Employ_desig.Scenario_edit@646d64ab</td></tr>
<tr>
<td title='Scenario_Employ_grade.Scenario_edit.Invalid_desigcode_test()'><b>Invalid_desigcode_test</b><br>Test class: Scenario_Employ_grade.Scenario_edit<br>Parameters: RW_154, 1.0, associate, captain, associate, Designation Code already exists!</td>
<td></td>
<td>17</td>
<td>Scenario_Employ_grade.Scenario_edit@5f282abb</td></tr>
<tr>
<td title='Scenario_Employ_desig.Scenario_create.Invalid_desigcode_test_blnk()'><b>Invalid_desigcode_test_blnk</b><br>Test class: Scenario_Employ_desig.Scenario_create<br>Parameters: RW_147, 1.0, associate, , Associate engineer, Designation Code can not be empty.</td>
<td></td>
<td>16</td>
<td>Scenario_Employ_desig.Scenario_create@2d8f65a4</td></tr>
<tr>
<td title='Scenario_Employ_desig.Scenario_edit.Invalid_desigcode_test_blnk()'><b>Invalid_desigcode_test_blnk</b><br>Test class: Scenario_Employ_desig.Scenario_edit<br>Parameters: RW_152, 1.0, associate, , Associate engineer, Designation Code can not be empty.</td>
<td></td>
<td>15</td>
<td>Scenario_Employ_desig.Scenario_edit@646d64ab</td></tr>
<tr>
<td title='Scenario_Employ_grade.Scenario_edit.Invalid_desigcode_test_blnk()'><b>Invalid_desigcode_test_blnk</b><br>Test class: Scenario_Employ_grade.Scenario_edit<br>Parameters: RW_152, 1.0, associate, , Associate engineer, Designation Code can not be empty.</td>
<td></td>
<td>17</td>
<td>Scenario_Employ_grade.Scenario_edit@5f282abb</td></tr>
<tr>
<td title='Scenario_Employ_desig.Scenario_create.Invalid_designame_test()'><b>Invalid_designame_test</b><br>Test class: Scenario_Employ_desig.Scenario_create<br>Parameters: RW_148, 1.0, captain, captain, captain, Designation Name already exists!</td>
<td></td>
<td>15</td>
<td>Scenario_Employ_desig.Scenario_create@2d8f65a4</td></tr>
<tr>
<td title='Scenario_Employ_desig.Scenario_edit.Invalid_designame_test()'><b>Invalid_designame_test</b><br>Test class: Scenario_Employ_desig.Scenario_edit<br>Parameters: RW_153, 1.0, captain, captain, captain, Designation Name already exists!</td>
<td></td>
<td>15</td>
<td>Scenario_Employ_desig.Scenario_edit@646d64ab</td></tr>
<tr>
<td title='Scenario_Employ_grade.Scenario_edit.Invalid_designame_test()'><b>Invalid_designame_test</b><br>Test class: Scenario_Employ_grade.Scenario_edit<br>Parameters: RW_153, 1.0, captain, captain, captain, Designation Name already exists!</td>
<td></td>
<td>15</td>
<td>Scenario_Employ_grade.Scenario_edit@5f282abb</td></tr>
<tr>
<td title='Scenario_employee.Scenario_create.Invalid_empcode_test_blnk()'><b>Invalid_empcode_test_blnk</b><br>Test class: Scenario_employee.Scenario_create<br>Parameters: RW_129, 1.0, , akash, 27.0, mum4, 802004.0, reachwell@gmail.com, BE, CCNP, Employee Code can not be empty.</td>
<td></td>
<td>18</td>
<td>Scenario_employee.Scenario_create@1f57539</td></tr>
<tr>
<td title='Scenario_employee.Scenario_edit.Invalid_empcode_test_blnk()'><b>Invalid_empcode_test_blnk</b><br>Test class: Scenario_employee.Scenario_edit<br>Parameters: RW_136, 1.0, , akash, 27.0, mum4, 802001.0, reachwell@gmail.com, BE, CCNP, Employee Code can not be empty.</td>
<td></td>
<td>18</td>
<td>Scenario_employee.Scenario_edit@15d0c81b</td></tr>
<tr>
<td title='Scenario_employee.Scenario_create.Invalid_firstname_test_blnk()'><b>Invalid_firstname_test_blnk</b><br>Test class: Scenario_employee.Scenario_create<br>Parameters: RW_130, 1.0, 100.0, , 27.0, mum4, 802004.0, reachwell@gmail.com, BE, CCNP, First Name can not be empty.</td>
<td></td>
<td>16</td>
<td>Scenario_employee.Scenario_create@1f57539</td></tr>
<tr>
<td title='Scenario_employee.Scenario_edit.Invalid_firstname_test_blnk()'><b>Invalid_firstname_test_blnk</b><br>Test class: Scenario_employee.Scenario_edit<br>Parameters: RW_137, 1.0, 100.0, , 27.0, mum4, 802001.0, reachwell@gmail.com, BE, CCNP, First Name can not be empty.</td>
<td></td>
<td>16</td>
<td>Scenario_employee.Scenario_edit@15d0c81b</td></tr>
<tr>
<td title='Scenario_branch.Scenario_create.Invalid_frstname_test_blnk()'><b>Invalid_frstname_test_blnk</b><br>Test class: Scenario_branch.Scenario_create<br>Parameters: RW_112, 1.0, dadar, 127.0, 27.0, , akash4, 123.0, vinay, 123456.0, First Name can not be empty.</td>
<td></td>
<td>20</td>
<td>Scenario_branch.Scenario_create@1877ab81</td></tr>
<tr>
<td title='Scenario_branch.Scenario_create.Invalid_locatncode_test_blnk()'><b>Invalid_locatncode_test_blnk</b><br>Test class: Scenario_branch.Scenario_create<br>Parameters: RW_110, 1.0, dadar, , 27.0, mum4, akash2, 123.0, vinay, 123456.0, Location Code can not be empty.</td>
<td></td>
<td>20</td>
<td>Scenario_branch.Scenario_create@1877ab81</td></tr>
<tr>
<td title='Scenario_branch.Scenario_edit.Invalid_locatncode_test_blnk()'><b>Invalid_locatncode_test_blnk</b><br>Test class: Scenario_branch.Scenario_edit<br>Parameters: RW_120, 1.0, dadar, , 27.0, mum4, dj2, 123.0, vinay, 123456.0, Location Code can not be empty.</td>
<td></td>
<td>19</td>
<td>Scenario_branch.Scenario_edit@1786dec2</td></tr>
<tr>
<td title='Scenario_employee.Scenario_create.Invalid_login_id_test_blnk()'><b>Invalid_login_id_test_blnk</b><br>Test class: Scenario_employee.Scenario_create<br>Parameters: RW_131, 1.0, 100.0, 127.0, , mum4, 802004.0, reachwell@gmail.com, BE, CCNP, Login ID can not be empty.</td>
<td></td>
<td>17</td>
<td>Scenario_employee.Scenario_create@1f57539</td></tr>
<tr>
<td title='Scenario_employee.Scenario_edit.Invalid_login_id_test_blnk()'><b>Invalid_login_id_test_blnk</b><br>Test class: Scenario_employee.Scenario_edit<br>Parameters: RW_138, 1.0, 100.0, 127.0, , mum4, 802001.0, reachwell@gmail.com, BE, CCNP, Login ID can not be empty.</td>
<td></td>
<td>18</td>
<td>Scenario_employee.Scenario_edit@15d0c81b</td></tr>
<tr>
<td title='Scenario_branch.Scenario_create.Invalid_password_test_blnk()'><b>Invalid_password_test_blnk</b><br>Test class: Scenario_branch.Scenario_create<br>Parameters: RW_114, 1.0, dadar, 127.0, 27.0, akash2, akash6, , vinay, 123456.0, Password can not be empty.</td>
<td></td>
<td>20</td>
<td>Scenario_branch.Scenario_create@1877ab81</td></tr>
<tr>
<td title='Scenario_branch.Scenario_create.Invalid_same_brnchname_test()'><b>Invalid_same_brnchname_test</b><br>Test class: Scenario_branch.Scenario_create<br>Parameters: RW_115, 1.0, mum3, 127.0, 27.0, akash5, akash7, 123.0, vinay, 123456.0, Organization Name already exists!</td>
<td></td>
<td>22</td>
<td>Scenario_branch.Scenario_create@1877ab81</td></tr>
<tr>
<td title='Scenario_branch.Scenario_edit.Invalid_same_brnchname_test()'><b>Invalid_same_brnchname_test</b><br>Test class: Scenario_branch.Scenario_edit<br>Parameters: RW_122, 1.0, mum3, 127.0, 27.0, mum4, dj4, 123.0, vinay, 123456.0, Organization Name already exists!</td>
<td></td>
<td>19</td>
<td>Scenario_branch.Scenario_edit@1786dec2</td></tr>
<tr>
<td title='Scenario_employee.Scenario_create.Invalid_same_empcode_test()'><b>Invalid_same_empcode_test</b><br>Test class: Scenario_employee.Scenario_create<br>Parameters: RW_133, 1.0, d, 127.0, 27.0, akash1, 802004.0, reachwell@gmail.com, BE, CCNP, Employee Code already exists!</td>
<td></td>
<td>16</td>
<td>Scenario_employee.Scenario_create@1f57539</td></tr>
<tr>
<td title='Scenario_branch.Scenario_create.Invalid_same_username_test()'><b>Invalid_same_username_test</b><br>Test class: Scenario_branch.Scenario_create<br>Parameters: RW_118, 1.0, dadar, 127.0, 26.0, akash, akash, 123.0, vinay, 123456.0, UserName already exists, Choose another one.</td>
<td></td>
<td>21</td>
<td>Scenario_branch.Scenario_create@1877ab81</td></tr>
<tr>
<td title='Scenario_branch.Scenario_create.Invalid_username_test_blnk()'><b>Invalid_username_test_blnk</b><br>Test class: Scenario_branch.Scenario_create<br>Parameters: RW_113, 1.0, dadar, 127.0, 27.0, akash1, , 123.0, vinay, 123456.0, User Name can not be empty.</td>
<td></td>
<td>21</td>
<td>Scenario_branch.Scenario_create@1877ab81</td></tr>
<tr>
<td title='Scenario_branch.Scenario_create.Valid_brnch_test()'><b>Valid_brnch_test</b><br>Test class: Scenario_branch.Scenario_create<br>Parameters: RW_119, 1.0, mum4, 130.0, 30.0, mum4, akash12, 123.0, vinay, vinay, mum4</td>
<td></td>
<td>25</td>
<td>Scenario_branch.Scenario_create@1877ab81</td></tr>
<tr>
<td title='Scenario_branch.Scenario_edit.Valid_brnch_test()'><b>Valid_brnch_test</b><br>Test class: Scenario_branch.Scenario_edit<br>Parameters: RW_125, 1.0, mum5, 129.0, 29.0, mum5, dj7, 123.0, vinay, vinay, mum5</td>
<td></td>
<td>22</td>
<td>Scenario_branch.Scenario_edit@1786dec2</td></tr>
<tr>
<td title='Scenario_employee.Scenario_create.Valid_brnch_test()'><b>Valid_brnch_test</b><br>Test class: Scenario_employee.Scenario_create<br>Parameters: RW_135, 1.0, AKASH101, akash, 30.0, mum4, 802004.0, reachwell@gmail.com, BE, CCNP, AKASH101</td>
<td></td>
<td>39</td>
<td>Scenario_employee.Scenario_create@1f57539</td></tr>
<tr>
<td title='Scenario_employee.Scenario_edit.Valid_brnch_test()'><b>Valid_brnch_test</b><br>Test class: Scenario_employee.Scenario_edit<br>Parameters: RW_142, 1.0, AKASH102, dj, 31.0, mum4, 802001.0, reachwell@gmail.com, BE, CCNP, AKASH102</td>
<td></td>
<td>34</td>
<td>Scenario_employee.Scenario_edit@15d0c81b</td></tr>
<tr>
<td title='Scenario_Employ_depart.Scenario_create.Valid_depart_test()'><b>Valid_depart_test</b><br>Test class: Scenario_Employ_depart.Scenario_create<br>Parameters: RW_201, 1.0, Data Analysis Team, DAT001, Data Analysis Team, Data Analysis Team</td>
<td></td>
<td>24</td>
<td>Scenario_Employ_depart.Scenario_create@2bbf4b8b</td></tr>
<tr>
<td title='Scenario_Employ_depart.Scenario_edit.Valid_depart_test()'><b>Valid_depart_test</b><br>Test class: Scenario_Employ_depart.Scenario_edit<br>Parameters: RW_204, 1.0, Impli team, IMP001, Impli team, Impli team, </td>
<td></td>
<td>24</td>
<td>Scenario_Employ_depart.Scenario_edit@78e67e0a</td></tr>
<tr>
<td title='Scenario_Employ_desig.Scenario_create.Valid_region_test()'><b>Valid_region_test</b><br>Test class: Scenario_Employ_desig.Scenario_create<br>Parameters: RW_150, 1.0, Associate Manager, ASM001, Associate Manager, Associate Manager</td>
<td></td>
<td>22</td>
<td>Scenario_Employ_desig.Scenario_create@2d8f65a4</td></tr>
<tr>
<td title='Scenario_Employ_desig.Scenario_edit.Valid_region_test()'><b>Valid_region_test</b><br>Test class: Scenario_Employ_desig.Scenario_edit<br>Parameters: RW_155, 1.0, Associate Engineer, ASE001, Associate Engineer, Associate Engineer</td>
<td></td>
<td>20</td>
<td>Scenario_Employ_desig.Scenario_edit@646d64ab</td></tr>
<tr>
<td title='Scenario_Employ_grade.Scenario_edit.Valid_region_test()'><b>Valid_region_test</b><br>Test class: Scenario_Employ_grade.Scenario_edit<br>Parameters: RW_155, 1.0, Associate Engineer, ASE001, Associate Engineer, Associate Engineer</td>
<td></td>
<td>20</td>
<td>Scenario_Employ_grade.Scenario_edit@5f282abb</td></tr>
<tr>
<td title='Scenario_employee.Scenario_del.dp_Invaliddel_blnk()'><b>dp_Invaliddel_blnk</b><br>Test class: Scenario_employee.Scenario_del<br>Parameters: RW_143, 1.0, Please Select Rows to Delete.</td>
<td></td>
<td>15</td>
<td>Scenario_employee.Scenario_del@3043fe0e</td></tr>
<tr>
<td title='Scenario_country.Scenario_del.test_Invalid_delcountry_blnk()'><b>test_Invalid_delcountry_blnk</b><br>Test class: Scenario_country.Scenario_del<br>Parameters: RW_61, 1.0, Please Select Rows to Delete.</td>
<td></td>
<td>15</td>
<td>Scenario_country.Scenario_del@1563da5</td></tr>
<tr>
<td title='Scenario_shift.Scenario_del.test_Invalid_delcountry_blnk()'><b>test_Invalid_delcountry_blnk</b><br>Test class: Scenario_shift.Scenario_del<br>Parameters: RW_70, 1.0, Please Select Rows to Delete.</td>
<td></td>
<td>14</td>
<td>Scenario_shift.Scenario_del@30a3107a</td></tr>
<tr>
<td title='Scenario_contractor.Scenario_del.test_Invalid_delcountry_blnk()'><b>test_Invalid_delcountry_blnk</b><br>Test class: Scenario_contractor.Scenario_del<br>Parameters: RW_106, 1.0, Please Select Rows to Delete.</td>
<td></td>
<td>14</td>
<td>Scenario_contractor.Scenario_del@2833cc44</td></tr>
<tr>
<td title='Scenario_branch.Scenario_del.test_Invalid_delcountry_blnk()'><b>test_Invalid_delcountry_blnk</b><br>Test class: Scenario_branch.Scenario_del<br>Parameters: RW_126, 1.0, Please Select Rows to Delete.</td>
<td></td>
<td>14</td>
<td>Scenario_branch.Scenario_del@17d677df</td></tr>
<tr>
<td title='Scenario_Employ_desig.Scenario_del.test_Invalid_delemploy_desig_blnk()'><b>test_Invalid_delemploy_desig_blnk</b><br>Test class: Scenario_Employ_desig.Scenario_del<br>Parameters: RW_156, 1.0, Please Select Rows to Delete.</td>
<td></td>
<td>14</td>
<td>Scenario_Employ_desig.Scenario_del@4493d195</td></tr>
<tr>
<td title='Scenario_Employ_grade.Scenario_del.test_Invalid_delemploy_desig_blnk()'><b>test_Invalid_delemploy_desig_blnk</b><br>Test class: Scenario_Employ_grade.Scenario_del<br>Parameters: RW_169, 1.0, Please Select Rows to Delete.</td>
<td></td>
<td>15</td>
<td>Scenario_Employ_grade.Scenario_del@34cd072c</td></tr>
<tr>
<td title='Scenario_Employ_depart.Scenario_del.test_Invalid_delemploy_desig_blnk()'><b>test_Invalid_delemploy_desig_blnk</b><br>Test class: Scenario_Employ_depart.Scenario_del<br>Parameters: RW_156, 1.0, Please Select Rows to Delete.</td>
<td></td>
<td>18</td>
<td>Scenario_Employ_depart.Scenario_del@76f2b07d</td></tr>
<tr>
<td title='Scenario_Employ_certi.Scenario_del.test_Invalid_delemploy_desig_blnk()'><b>test_Invalid_delemploy_desig_blnk</b><br>Test class: Scenario_Employ_certi.Scenario_del<br>Parameters: RW_178, 1.0, Please Select Rows to Delete.</td>
<td></td>
<td>16</td>
<td>Scenario_Employ_certi.Scenario_del@6ee52dcd</td></tr>
<tr>
<td title='Scenario_Employ_qual.Scenario_del.test_Invalid_delemploy_qual_blnk()'><b>test_Invalid_delemploy_qual_blnk</b><br>Test class: Scenario_Employ_qual.Scenario_del<br>Parameters: RW_187, 1.0, Please Select Rows to Delete.</td>
<td></td>
<td>15</td>
<td>Scenario_Employ_qual.Scenario_del@1c3a4799</td></tr>
<tr>
<td title='Scenario_flag.Scenario_del.test_Invalid_delflag_blnk()'><b>test_Invalid_delflag_blnk</b><br>Test class: Scenario_flag.Scenario_del<br>Parameters: RW_88, 1.0, Please Select Rows to Delete.</td>
<td></td>
<td>14</td>
<td>Scenario_flag.Scenario_del@80503</td></tr>
<tr>
<td title='Scenario_category.Scenario_del.test_Invalid_delflag_blnk()'><b>test_Invalid_delflag_blnk</b><br>Test class: Scenario_category.Scenario_del<br>Parameters: RW_97, 1.0, Please Select Rows to Delete.</td>
<td></td>
<td>14</td>
<td>Scenario_category.Scenario_del@394e1a0f</td></tr>
<tr>
<td title='Scenario_state.Scenario_del.test_Invalid_delinvoice_blnk()'><b>test_Invalid_delinvoice_blnk</b><br>Test class: Scenario_state.Scenario_del<br>Parameters: RW_43, 1.0, Please Select Rows to Delete.</td>
<td></td>
<td>16</td>
<td>Scenario_state.Scenario_del@167fdd33</td></tr>
<tr>
<td title='Scenario_region.Scenario_del.test_Invalid_delregion_blnk()'><b>test_Invalid_delregion_blnk</b><br>Test class: Scenario_region.Scenario_del<br>Parameters: RW_79, 1.0, Please Select Rows to Delete.</td>
<td></td>
<td>14</td>
<td>Scenario_region.Scenario_del@33f88ab</td></tr>
<tr>
<td title='Scenario_Employ_skill.Scenario_del.test_Invalid_delskill_desig_blnk()'><b>test_Invalid_delskill_desig_blnk</b><br>Test class: Scenario_Employ_skill.Scenario_del<br>Parameters: RW_196, 1.0, Please Select Rows to Delete.</td>
<td></td>
<td>15</td>
<td>Scenario_Employ_skill.Scenario_del@305fd85d</td></tr>
<tr>
<td title='Scenario_zone.Scenario_del.test_Invalid_delzone_blnk()'><b>test_Invalid_delzone_blnk</b><br>Test class: Scenario_zone.Scenario_del<br>Parameters: RW_52, 1.0, Please Select Rows to Delete.</td>
<td></td>
<td>15</td>
<td>Scenario_zone.Scenario_del@34c4973</td></tr>
<tr>
<td title='Scenario_currency.Scenario_edit_curr.test_Invalid_editcurr_blnk()'><b>test_Invalid_editcurr_blnk</b><br>Test class: Scenario_currency.Scenario_edit_curr<br>Parameters: RW_04, 1.0, , Currency Name can not be empty.</td>
<td></td>
<td>13</td>
<td>Scenario_currency.Scenario_edit_curr@7a1ebcd8</td></tr>
<tr>
<td title='Scenario_currency.Scenario_del.test_Invalid_editcurr_blnk()'><b>test_Invalid_editcurr_blnk</b><br>Test class: Scenario_currency.Scenario_del<br>Parameters: RW_07, 1.0, Please Select Rows to Delete.</td>
<td></td>
<td>15</td>
<td>Scenario_currency.Scenario_del@59e5ddf</td></tr>
<tr>
<td title='Scenario_criticality.Scenario_del.test_Invalid_editcurr_blnk()'><b>test_Invalid_editcurr_blnk</b><br>Test class: Scenario_criticality.Scenario_del<br>Parameters: RW_16, 1.0, Please Select Rows to delete</td>
<td></td>
<td>13</td>
<td>Scenario_criticality.Scenario_del@2f943d71</td></tr>
<tr>
<td title='Scenario_city.Scenario_del.test_Invalid_editcurr_blnk()'><b>test_Invalid_editcurr_blnk</b><br>Test class: Scenario_city.Scenario_del<br>Parameters: RW_34, 1.0, Please Select Rows to Delete.</td>
<td></td>
<td>15</td>
<td>Scenario_city.Scenario_del@27a8c74e</td></tr>
<tr>
<td title='Scenario_Employ_certi.Scenario_create.test_Invalidcerti()'><b>test_Invalidcerti</b><br>Test class: Scenario_Employ_certi.Scenario_create<br>Parameters: RW_173, 1.0, python, python, 'python'  Certification Name already exists!</td>
<td></td>
<td>16</td>
<td>Scenario_Employ_certi.Scenario_create@33c7e1bb</td></tr>
<tr>
<td title='Scenario_Employ_certi.Scenario_edit.test_Invalidcerti()'><b>test_Invalidcerti</b><br>Test class: Scenario_Employ_certi.Scenario_edit<br>Parameters: RW_176, 1.0, python, python, 'python'  Certification Name already exists!</td>
<td></td>
<td>18</td>
<td>Scenario_Employ_certi.Scenario_edit@4d41cee</td></tr>
<tr>
<td title='Scenario_Employ_certi.Scenario_create.test_Invalidcerti_blnk()'><b>test_Invalidcerti_blnk</b><br>Test class: Scenario_Employ_certi.Scenario_create<br>Parameters: RW_172, 1.0, , certification, Certification Name can not be empty.</td>
<td></td>
<td>15</td>
<td>Scenario_Employ_certi.Scenario_create@33c7e1bb</td></tr>
<tr>
<td title='Scenario_Employ_certi.Scenario_edit.test_Invalidcerti_blnk()'><b>test_Invalidcerti_blnk</b><br>Test class: Scenario_Employ_certi.Scenario_edit<br>Parameters: RW_175, 1.0, , certification, Certification Name can not be empty.</td>
<td></td>
<td>16</td>
<td>Scenario_Employ_certi.Scenario_edit@4d41cee</td></tr>
<tr>
<td title='Scenario_criticality.Scenario_edit.test_Invalidcriti()'><b>test_Invalidcriti</b><br>Test class: Scenario_criticality.Scenario_edit<br>Parameters: RW_14, 1.0, high, high criticality, 'high'  Criticality Name already exists!</td>
<td></td>
<td>15</td>
<td>Scenario_criticality.Scenario_edit@5a1c0542</td></tr>
<tr>
<td title='Scenario_invoice.Scenario_edit.test_Invalidcriti()'><b>test_Invalidcriti</b><br>Test class: Scenario_invoice.Scenario_edit<br>Parameters: RW_23, 1.0, Full Payment, Full Payment, 'Full Payment'  Invoice Name already exists!</td>
<td></td>
<td>15</td>
<td>Scenario_invoice.Scenario_edit@52feb982</td></tr>
<tr>
<td title='Scenario_city.Scenario_edit1.test_Invalidcriti()'><b>test_Invalidcriti</b><br>Test class: Scenario_city.Scenario_edit1<br>Parameters: RW_32, 1.0, Mysore, Mysore, 'Mysore'  City Name already exists!</td>
<td></td>
<td>16</td>
<td>Scenario_city.Scenario_edit1@536aaa8d</td></tr>
<tr>
<td title='Scenario_state.Scenario_edit.test_Invalidcriti()'><b>test_Invalidcriti</b><br>Test class: Scenario_state.Scenario_edit<br>Parameters: RW_41, 1.0, Karnataka, Karnataka, 'Karnataka'  State Name already exists!</td>
<td></td>
<td>16</td>
<td>Scenario_state.Scenario_edit@2781e022</td></tr>
<tr>
<td title='Scenario_zone.Scenario_edit.test_Invalidcriti()'><b>test_Invalidcriti</b><br>Test class: Scenario_zone.Scenario_edit<br>Parameters: RW_50, 1.0, Bangalore  North Zone, Bangalore  North Zone, 'Bangalore North Zone'  Zone Name already exists!</td>
<td></td>
<td>17</td>
<td>Scenario_zone.Scenario_edit@ea1a8d5</td></tr>
<tr>
<td title='Scenario_country.Scenario_edit.test_Invalidcriti()'><b>test_Invalidcriti</b><br>Test class: Scenario_country.Scenario_edit<br>Parameters: RW_59, 1.0, India, India, 'India'  Country Name already exists!</td>
<td></td>
<td>16</td>
<td>Scenario_country.Scenario_edit@1d29cf23</td></tr>
<tr>
<td title='Scenario_shift.Scenario_edit.test_Invalidcriti()'><b>test_Invalidcriti</b><br>Test class: Scenario_shift.Scenario_edit<br>Parameters: RW_68, 1.0, US Shift, 'US Shift'  Shift Name already exists!</td>
<td></td>
<td>21</td>
<td>Scenario_shift.Scenario_edit@1e965684</td></tr>
<tr>
<td title='Scenario_region.Scenario_edit.test_Invalidcriti()'><b>test_Invalidcriti</b><br>Test class: Scenario_region.Scenario_edit<br>Parameters: RW_77, 1.0, EAST, pr, EAST, 'EAST'  Region Name already exists!</td>
<td></td>
<td>18</td>
<td>Scenario_region.Scenario_edit@4b1c1ea0</td></tr>
<tr>
<td title='Scenario_flag.Scenario_edit.test_Invalidcriti()'><b>test_Invalidcriti</b><br>Test class: Scenario_flag.Scenario_edit<br>Parameters: RW_86, 1.0, serve, Work Request, serve, Flag Name already exists!</td>
<td></td>
<td>16</td>
<td>Scenario_flag.Scenario_edit@5faeada1</td></tr>
<tr>
<td title='Scenario_category.Scenario_edit.test_Invalidcriti()'><b>test_Invalidcriti</b><br>Test class: Scenario_category.Scenario_edit<br>Parameters: RW_95, 1.0, IT, IT001, IT, Category Name already exists!</td>
<td></td>
<td>15</td>
<td>Scenario_category.Scenario_edit@7a765367</td></tr>
<tr>
<td title='Scenario_contractor.Scenario_edit.test_Invalidcriti()'><b>test_Invalidcriti</b><br>Test class: Scenario_contractor.Scenario_edit<br>Parameters: RW_104, 1.0, test4, test004, Delhi, Delhi, Haryana, India, reach2@gmail.com, 123456.0, Contractor Name already exists!</td>
<td></td>
<td>16</td>
<td>Scenario_contractor.Scenario_edit@3b088d51</td></tr>
<tr>
<td title='Scenario_criticality.Scenario_create.test_Invalidcriti_blnk()'><b>test_Invalidcriti_blnk</b><br>Test class: Scenario_criticality.Scenario_create<br>Parameters: RW_10, 1.0, , low criticality, Criticality can not be empty.</td>
<td></td>
<td>14</td>
<td>Scenario_criticality.Scenario_create@528931cf</td></tr>
<tr>
<td title='Scenario_invoice.Scenario_create.test_Invalidcriti_blnk()'><b>test_Invalidcriti_blnk</b><br>Test class: Scenario_invoice.Scenario_create<br>Parameters: RW_19, 1.0, , Part Payment, Invoice Type Name can not be empty.</td>
<td></td>
<td>16</td>
<td>Scenario_invoice.Scenario_create@27a5f880</td></tr>
<tr>
<td title='Scenario_invoice.Scenario_edit.test_Invalidcriti_blnk()'><b>test_Invalidcriti_blnk</b><br>Test class: Scenario_invoice.Scenario_edit<br>Parameters: RW_22, 1.0, , Advance Payment, Invoice Type Name can not be empty.</td>
<td></td>
<td>14</td>
<td>Scenario_invoice.Scenario_edit@52feb982</td></tr>
<tr>
<td title='Scenario_city.Scenario_edit1.test_Invalidcriti_blnk()'><b>test_Invalidcriti_blnk</b><br>Test class: Scenario_city.Scenario_edit1<br>Parameters: RW_31, 1.0, , Mysore, City Name can not be empty.</td>
<td></td>
<td>16</td>
<td>Scenario_city.Scenario_edit1@536aaa8d</td></tr>
<tr>
<td title='Scenario_state.Scenario_create.test_Invalidcriti_blnk()'><b>test_Invalidcriti_blnk</b><br>Test class: Scenario_state.Scenario_create<br>Parameters: RW_37, 1.0, , india, State Name can not be empty.</td>
<td></td>
<td>15</td>
<td>Scenario_state.Scenario_create@4d95d2a2</td></tr>
<tr>
<td title='Scenario_state.Scenario_edit.test_Invalidcriti_blnk()'><b>test_Invalidcriti_blnk</b><br>Test class: Scenario_state.Scenario_edit<br>Parameters: RW_40, 1.0, , india, State Name can not be empty.</td>
<td></td>
<td>15</td>
<td>Scenario_state.Scenario_edit@2781e022</td></tr>
<tr>
<td title='Scenario_zone.Scenario_create.test_Invalidcriti_blnk()'><b>test_Invalidcriti_blnk</b><br>Test class: Scenario_zone.Scenario_create<br>Parameters: RW_46, 1.0, , india, Zone Name can not be empty.</td>
<td></td>
<td>15</td>
<td>Scenario_zone.Scenario_create@e320068</td></tr>
<tr>
<td title='Scenario_zone.Scenario_edit.test_Invalidcriti_blnk()'><b>test_Invalidcriti_blnk</b><br>Test class: Scenario_zone.Scenario_edit<br>Parameters: RW_49, 1.0, , india, Zone Name can not be empty.</td>
<td></td>
<td>15</td>
<td>Scenario_zone.Scenario_edit@ea1a8d5</td></tr>
<tr>
<td title='Scenario_country.Scenario_create.test_Invalidcriti_blnk()'><b>test_Invalidcriti_blnk</b><br>Test class: Scenario_country.Scenario_create<br>Parameters: RW_55, 1.0, , India, Country Name can not be empty.</td>
<td></td>
<td>16</td>
<td>Scenario_country.Scenario_create@6acdbdf5</td></tr>
<tr>
<td title='Scenario_country.Scenario_edit.test_Invalidcriti_blnk()'><b>test_Invalidcriti_blnk</b><br>Test class: Scenario_country.Scenario_edit<br>Parameters: RW_58, 1.0, , india, Country Name can not be empty.</td>
<td></td>
<td>15</td>
<td>Scenario_country.Scenario_edit@1d29cf23</td></tr>
<tr>
<td title='Scenario_shift.Scenario_create.test_Invalidcriti_blnk()'><b>test_Invalidcriti_blnk</b><br>Test class: Scenario_shift.Scenario_create<br>Parameters: RW_64, 1.0, , Shift Name can not be empty.</td>
<td></td>
<td>19</td>
<td>Scenario_shift.Scenario_create@3712b94</td></tr>
<tr>
<td title='Scenario_shift.Scenario_edit.test_Invalidcriti_blnk()'><b>test_Invalidcriti_blnk</b><br>Test class: Scenario_shift.Scenario_edit<br>Parameters: RW_67, 1.0, , Shift Name can not be empty.</td>
<td></td>
<td>20</td>
<td>Scenario_shift.Scenario_edit@1e965684</td></tr>
<tr>
<td title='Scenario_region.Scenario_create.test_Invalidcriti_blnk()'><b>test_Invalidcriti_blnk</b><br>Test class: Scenario_region.Scenario_create<br>Parameters: RW_73, 1.0, , vi, North, Region Name can not be empty.</td>
<td></td>
<td>16</td>
<td>Scenario_region.Scenario_create@11438d26</td></tr>
<tr>
<td title='Scenario_region.Scenario_edit.test_Invalidcriti_blnk()'><b>test_Invalidcriti_blnk</b><br>Test class: Scenario_region.Scenario_edit<br>Parameters: RW_76, 1.0, , vi, North, Region Name can not be empty.</td>
<td></td>
<td>17</td>
<td>Scenario_region.Scenario_edit@4b1c1ea0</td></tr>
<tr>
<td title='Scenario_flag.Scenario_create.test_Invalidcriti_blnk()'><b>test_Invalidcriti_blnk</b><br>Test class: Scenario_flag.Scenario_create<br>Parameters: RW_82, 1.0, , Work Order, testflag, Flag Name can not be empty.</td>
<td></td>
<td>16</td>
<td>Scenario_flag.Scenario_create@53f65459</td></tr>
<tr>
<td title='Scenario_flag.Scenario_edit.test_Invalidcriti_blnk()'><b>test_Invalidcriti_blnk</b><br>Test class: Scenario_flag.Scenario_edit<br>Parameters: RW_85, 1.0, , Work Order, testflag, Flag Name can not be empty</td>
<td></td>
<td>15</td>
<td>Scenario_flag.Scenario_edit@5faeada1</td></tr>
<tr>
<td title='Scenario_category.Scenario_create.test_Invalidcriti_blnk()'><b>test_Invalidcriti_blnk</b><br>Test class: Scenario_category.Scenario_create<br>Parameters: RW_91, 1.0, , ITH002, ITH, Category Name can not be empty.</td>
<td></td>
<td>15</td>
<td>Scenario_category.Scenario_create@57e1b0c</td></tr>
<tr>
<td title='Scenario_category.Scenario_edit.test_Invalidcriti_blnk()'><b>test_Invalidcriti_blnk</b><br>Test class: Scenario_category.Scenario_edit<br>Parameters: RW_94, 1.0, , ITH002, ITH, Category Name can not be empty.</td>
<td></td>
<td>15</td>
<td>Scenario_category.Scenario_edit@7a765367</td></tr>
<tr>
<td title='Scenario_contractor.Scenario_create.test_Invalidcriti_blnk()'><b>test_Invalidcriti_blnk</b><br>Test class: Scenario_contractor.Scenario_create<br>Parameters: RW_100, 1.0, , 1.0, Belgaum, Belgaum, karnataka, India, reach1@gmail.com, 123456.0, Contractor Name can not be empty.</td>
<td></td>
<td>15</td>
<td>Scenario_contractor.Scenario_create@17579e0f</td></tr>
<tr>
<td title='Scenario_contractor.Scenario_edit.test_Invalidcriti_blnk()'><b>test_Invalidcriti_blnk</b><br>Test class: Scenario_contractor.Scenario_edit<br>Parameters: RW_103, 1.0, , 1.0, Belgaum, Belgaum, karnataka, India, reach1@gmail.com, 123456.0, Contractor Name can not be empty.</td>
<td></td>
<td>15</td>
<td>Scenario_contractor.Scenario_edit@3b088d51</td></tr>
<tr>
<td title='Scenario_currency.Scenario_curr.test_Invalidcurr()'><b>test_Invalidcurr</b><br>Test class: Scenario_currency.Scenario_curr<br>Parameters: RW_02, 1.0, pound, 'pound'  Currency Name already exists!</td>
<td></td>
<td>16</td>
<td>Scenario_currency.Scenario_curr@704a52ec</td></tr>
<tr>
<td title='Scenario_criticality.Scenario_create.test_Invalidcurr()'><b>test_Invalidcurr</b><br>Test class: Scenario_criticality.Scenario_create<br>Parameters: RW_11, 1.0, high, high criticality, 'high'  Criticality Name already exists!</td>
<td></td>
<td>13</td>
<td>Scenario_criticality.Scenario_create@528931cf</td></tr>
<tr>
<td title='Scenario_city.Scenario_city.test_Invalidcurr()'><b>test_Invalidcurr</b><br>Test class: Scenario_city.Scenario_city<br>Parameters: RW_29, 1.0, Mysore, 'Mysore'  City Name already exists!</td>
<td></td>
<td>16</td>
<td>Scenario_city.Scenario_city@76b0bfab</td></tr>
<tr>
<td title='Scenario_city.Scenario_city.test_Invalidcurr_blnk()'><b>test_Invalidcurr_blnk</b><br>Test class: Scenario_city.Scenario_city<br>Parameters: RW_28, 1.0, , City Name can not be empty.</td>
<td></td>
<td>14</td>
<td>Scenario_city.Scenario_city@76b0bfab</td></tr>
<tr>
<td title='Scenario_currency.Scenario_edit_curr.test_Invalideditcurr()'><b>test_Invalideditcurr</b><br>Test class: Scenario_currency.Scenario_edit_curr<br>Parameters: RW_05, 1.0, pound, 'pound'  Currency Name already exists!</td>
<td></td>
<td>15</td>
<td>Scenario_currency.Scenario_edit_curr@7a1ebcd8</td></tr>
<tr>
<td title='Scenario_invoice.Scenario_create.test_Invalidinvoice()'><b>test_Invalidinvoice</b><br>Test class: Scenario_invoice.Scenario_create<br>Parameters: RW_20, 1.0, Full Payment, Full Payment, 'Full Payment'  Invoice Type Name already exists!</td>
<td></td>
<td>15</td>
<td>Scenario_invoice.Scenario_create@27a5f880</td></tr>
<tr>
<td title='Scenario_state.Scenario_create.test_Invalidinvoice()'><b>test_Invalidinvoice</b><br>Test class: Scenario_state.Scenario_create<br>Parameters: RW_38, 1.0, Karnataka, Karnataka, 'Karnataka'  State Name already exists!</td>
<td></td>
<td>15</td>
<td>Scenario_state.Scenario_create@4d95d2a2</td></tr>
<tr>
<td title='Scenario_zone.Scenario_create.test_Invalidinvoice()'><b>test_Invalidinvoice</b><br>Test class: Scenario_zone.Scenario_create<br>Parameters: RW_47, 1.0, Bangalore  North Zone,  Bangalore North Zone, 'Bangalore North Zone'  Zone Name already exists!</td>
<td></td>
<td>17</td>
<td>Scenario_zone.Scenario_create@e320068</td></tr>
<tr>
<td title='Scenario_country.Scenario_create.test_Invalidinvoice()'><b>test_Invalidinvoice</b><br>Test class: Scenario_country.Scenario_create<br>Parameters: RW_56, 1.0, India, India, 'India'  Country Name already exists!</td>
<td></td>
<td>15</td>
<td>Scenario_country.Scenario_create@6acdbdf5</td></tr>
<tr>
<td title='Scenario_shift.Scenario_create.test_Invalidinvoice()'><b>test_Invalidinvoice</b><br>Test class: Scenario_shift.Scenario_create<br>Parameters: RW_65, 1.0, US Shift, 'US Shift'  Shift Name already exists!</td>
<td></td>
<td>20</td>
<td>Scenario_shift.Scenario_create@3712b94</td></tr>
<tr>
<td title='Scenario_region.Scenario_create.test_Invalidinvoice()'><b>test_Invalidinvoice</b><br>Test class: Scenario_region.Scenario_create<br>Parameters: RW_74, 1.0, EAST, pr, EAST, 'EAST'  Region Name already exists!</td>
<td></td>
<td>16</td>
<td>Scenario_region.Scenario_create@11438d26</td></tr>
<tr>
<td title='Scenario_flag.Scenario_create.test_Invalidinvoice()'><b>test_Invalidinvoice</b><br>Test class: Scenario_flag.Scenario_create<br>Parameters: RW_83, 1.0, serve, Work Request, serve, Flag Name already exists!</td>
<td></td>
<td>16</td>
<td>Scenario_flag.Scenario_create@53f65459</td></tr>
<tr>
<td title='Scenario_category.Scenario_create.test_Invalidinvoice()'><b>test_Invalidinvoice</b><br>Test class: Scenario_category.Scenario_create<br>Parameters: RW_92, 1.0, IT, IT001, IT, Category Name already exists!</td>
<td></td>
<td>15</td>
<td>Scenario_category.Scenario_create@57e1b0c</td></tr>
<tr>
<td title='Scenario_contractor.Scenario_create.test_Invalidinvoice()'><b>test_Invalidinvoice</b><br>Test class: Scenario_contractor.Scenario_create<br>Parameters: RW_101, 1.0, test4, test004, Delhi, Delhi, Haryana, India, reach2@gmail.com, 123456.0, Contractor Name already exists!</td>
<td></td>
<td>15</td>
<td>Scenario_contractor.Scenario_create@17579e0f</td></tr>
<tr>
<td title='Scenario_Employ_qual.Scenario_create.test_Invalidqual()'><b>test_Invalidqual</b><br>Test class: Scenario_Employ_qual.Scenario_create<br>Parameters: RW_182, 1.0, BCA, BCA, 'BCA'  Qualification Name already exists!</td>
<td></td>
<td>19</td>
<td>Scenario_Employ_qual.Scenario_create@74650e52</td></tr>
<tr>
<td title='Scenario_Employ_qual.Scenario_edit.test_Invalidqual()'><b>test_Invalidqual</b><br>Test class: Scenario_Employ_qual.Scenario_edit<br>Parameters: RW_185, 1.0, BCA, BCA, 'BCA'  Qualification Name already exists!</td>
<td></td>
<td>17</td>
<td>Scenario_Employ_qual.Scenario_edit@4232c52b</td></tr>
<tr>
<td title='Scenario_Employ_qual.Scenario_create.test_Invalidqual_blnk()'><b>test_Invalidqual_blnk</b><br>Test class: Scenario_Employ_qual.Scenario_create<br>Parameters: RW_181, 1.0, , BCA, Qualification Name can not be empty.</td>
<td></td>
<td>17</td>
<td>Scenario_Employ_qual.Scenario_create@74650e52</td></tr>
<tr>
<td title='Scenario_Employ_qual.Scenario_edit.test_Invalidqual_blnk()'><b>test_Invalidqual_blnk</b><br>Test class: Scenario_Employ_qual.Scenario_edit<br>Parameters: RW_184, 1.0, , BCA, Qualification Name can not be empty.</td>
<td></td>
<td>16</td>
<td>Scenario_Employ_qual.Scenario_edit@4232c52b</td></tr>
<tr>
<td title='Scenario_Employ_skill.Scenario_create.test_Invalidskill()'><b>test_Invalidskill</b><br>Test class: Scenario_Employ_skill.Scenario_create<br>Parameters: RW_191, 1.0, PHP, PHP, 'PHP'  SkillSet Name already exists!</td>
<td></td>
<td>15</td>
<td>Scenario_Employ_skill.Scenario_create@bd8db5a</td></tr>
<tr>
<td title='Scenario_Employ_skill.Scenario_edit.test_Invalidskill()'><b>test_Invalidskill</b><br>Test class: Scenario_Employ_skill.Scenario_edit<br>Parameters: RW_194, 1.0, PHP, PHP, 'PHP'  SkillSet Name already exists!</td>
<td></td>
<td>16</td>
<td>Scenario_Employ_skill.Scenario_edit@396f6598</td></tr>
<tr>
<td title='Scenario_Employ_skill.Scenario_create.test_Invalidskill_blnk()'><b>test_Invalidskill_blnk</b><br>Test class: Scenario_Employ_skill.Scenario_create<br>Parameters: RW_190, 1.0, , JAVA, SkillSet Name can not be empty.</td>
<td></td>
<td>15</td>
<td>Scenario_Employ_skill.Scenario_create@bd8db5a</td></tr>
<tr>
<td title='Scenario_Employ_skill.Scenario_edit.test_Invalidskill_blnk()'><b>test_Invalidskill_blnk</b><br>Test class: Scenario_Employ_skill.Scenario_edit<br>Parameters: RW_193, 1.0, , JAVA, SkillSet Name can not be empty.</td>
<td></td>
<td>15</td>
<td>Scenario_Employ_skill.Scenario_edit@396f6598</td></tr>
<tr>
<td title='Scenario_Employ_certi.Scenario_create.test_Validcerti()'><b>test_Validcerti</b><br>Test class: Scenario_Employ_certi.Scenario_create<br>Parameters: RW_174, 1.0, Embedded, Embedded-course, Embedded</td>
<td></td>
<td>20</td>
<td>Scenario_Employ_certi.Scenario_create@33c7e1bb</td></tr>
<tr>
<td title='Scenario_Employ_certi.Scenario_edit.test_Validcerti()'><b>test_Validcerti</b><br>Test class: Scenario_Employ_certi.Scenario_edit<br>Parameters: RW_177, 1.0, automation, automation, automation</td>
<td></td>
<td>22</td>
<td>Scenario_Employ_certi.Scenario_edit@4d41cee</td></tr>
<tr>
<td title='Scenario_criticality.Scenario_create.test_Validcriti()'><b>test_Validcriti</b><br>Test class: Scenario_criticality.Scenario_create<br>Parameters: RW_12, 1.0, severe1, severe criticality, severe1</td>
<td></td>
<td>18</td>
<td>Scenario_criticality.Scenario_create@528931cf</td></tr>
<tr>
<td title='Scenario_criticality.Scenario_edit.test_Validcriti()'><b>test_Validcriti</b><br>Test class: Scenario_criticality.Scenario_edit<br>Parameters: RW_15, 1.0, severe2, low criticality, severe2</td>
<td></td>
<td>18</td>
<td>Scenario_criticality.Scenario_edit@5a1c0542</td></tr>
<tr>
<td title='Scenario_invoice.Scenario_create.test_Validcriti()'><b>test_Validcriti</b><br>Test class: Scenario_invoice.Scenario_create<br>Parameters: RW_21, 1.0, Part Payment, Part Payment, Part Payment</td>
<td></td>
<td>19</td>
<td>Scenario_invoice.Scenario_create@27a5f880</td></tr>
<tr>
<td title='Scenario_invoice.Scenario_edit.test_Validcriti()'><b>test_Validcriti</b><br>Test class: Scenario_invoice.Scenario_edit<br>Parameters: RW_24, 1.0, Advance Payment, Advance Payment, Advance Payment</td>
<td></td>
<td>19</td>
<td>Scenario_invoice.Scenario_edit@52feb982</td></tr>
<tr>
<td title='Scenario_city.Scenario_edit1.test_Validcriti()'><b>test_Validcriti</b><br>Test class: Scenario_city.Scenario_edit1<br>Parameters: RW_33, 1.0, Delhi, Delhi, Delhi</td>
<td></td>
<td>17</td>
<td>Scenario_city.Scenario_edit1@536aaa8d</td></tr>
<tr>
<td title='Scenario_state.Scenario_create.test_Validcriti()'><b>test_Validcriti</b><br>Test class: Scenario_state.Scenario_create<br>Parameters: RW_39, 1.0, Bihar, Bihar, Bihar</td>
<td></td>
<td>19</td>
<td>Scenario_state.Scenario_create@4d95d2a2</td></tr>
<tr>
<td title='Scenario_state.Scenario_edit.test_Validcriti()'><b>test_Validcriti</b><br>Test class: Scenario_state.Scenario_edit<br>Parameters: RW_42, 1.0, UP, UP, UP</td>
<td></td>
<td>19</td>
<td>Scenario_state.Scenario_edit@2781e022</td></tr>
<tr>
<td title='Scenario_zone.Scenario_create.test_Validcriti()'><b>test_Validcriti</b><br>Test class: Scenario_zone.Scenario_create<br>Parameters: RW_48, 1.0, Mangalore North, Mangalore North, Mangalore North</td>
<td></td>
<td>20</td>
<td>Scenario_zone.Scenario_create@e320068</td></tr>
<tr>
<td title='Scenario_zone.Scenario_edit.test_Validcriti()'><b>test_Validcriti</b><br>Test class: Scenario_zone.Scenario_edit<br>Parameters: RW_51, 1.0, delhi North, delhi North, delhi North</td>
<td></td>
<td>20</td>
<td>Scenario_zone.Scenario_edit@ea1a8d5</td></tr>
<tr>
<td title='Scenario_country.Scenario_create.test_Validcriti()'><b>test_Validcriti</b><br>Test class: Scenario_country.Scenario_create<br>Parameters: RW_57, 1.0, South Africa, South Africa, South Africa</td>
<td></td>
<td>18</td>
<td>Scenario_country.Scenario_create@6acdbdf5</td></tr>
<tr>
<td title='Scenario_country.Scenario_edit.test_Validcriti()'><b>test_Validcriti</b><br>Test class: Scenario_country.Scenario_edit<br>Parameters: RW_60, 1.0, America, America, America</td>
<td></td>
<td>18</td>
<td>Scenario_country.Scenario_edit@1d29cf23</td></tr>
<tr>
<td title='Scenario_shift.Scenario_create.test_Validcriti()'><b>test_Validcriti</b><br>Test class: Scenario_shift.Scenario_create<br>Parameters: RW_66, 1.0, UK Shift, UK Shift</td>
<td></td>
<td>24</td>
<td>Scenario_shift.Scenario_create@3712b94</td></tr>
<tr>
<td title='Scenario_shift.Scenario_edit.test_Validcriti()'><b>test_Validcriti</b><br>Test class: Scenario_shift.Scenario_edit<br>Parameters: RW_69, 1.0, Germany Shift, Germany Shift</td>
<td></td>
<td>25</td>
<td>Scenario_shift.Scenario_edit@1e965684</td></tr>
<tr>
<td title='Scenario_region.Scenario_create.test_Validcriti()'><b>test_Validcriti</b><br>Test class: Scenario_region.Scenario_create<br>Parameters: RW_75, 1.0, jayanagar south, vi, jayanagar south, jayanagar south</td>
<td></td>
<td>20</td>
<td>Scenario_region.Scenario_create@11438d26</td></tr>
<tr>
<td title='Scenario_region.Scenario_edit.test_Validcriti()'><b>test_Validcriti</b><br>Test class: Scenario_region.Scenario_edit<br>Parameters: RW_78, 1.0, RT nagar north, vi, RT nagar north, RT nagar north</td>
<td></td>
<td>21</td>
<td>Scenario_region.Scenario_edit@4b1c1ea0</td></tr>
<tr>
<td title='Scenario_flag.Scenario_create.test_Validcriti()'><b>test_Validcriti</b><br>Test class: Scenario_flag.Scenario_create<br>Parameters: RW_84, 1.0, testflag, Work Order, testflag, testflag</td>
<td></td>
<td>20</td>
<td>Scenario_flag.Scenario_create@53f65459</td></tr>
<tr>
<td title='Scenario_flag.Scenario_edit.test_Validcriti()'><b>test_Validcriti</b><br>Test class: Scenario_flag.Scenario_edit<br>Parameters: RW_87, 1.0, flagserve, Work Order, flagserve, flagserve</td>
<td></td>
<td>20</td>
<td>Scenario_flag.Scenario_edit@5faeada1</td></tr>
<tr>
<td title='Scenario_category.Scenario_create.test_Validcriti()'><b>test_Validcriti</b><br>Test class: Scenario_category.Scenario_create<br>Parameters: RW_93, 1.0, ITH, ITH003, ITH, ITH</td>
<td></td>
<td>19</td>
<td>Scenario_category.Scenario_create@57e1b0c</td></tr>
<tr>
<td title='Scenario_category.Scenario_edit.test_Validcriti()'><b>test_Validcriti</b><br>Test class: Scenario_category.Scenario_edit<br>Parameters: RW_96, 1.0, IT Admin, ITH003, IT Admin, IT Admin</td>
<td></td>
<td>19</td>
<td>Scenario_category.Scenario_edit@7a765367</td></tr>
<tr>
<td title='Scenario_contractor.Scenario_create.test_Validcriti()'><b>test_Validcriti</b><br>Test class: Scenario_contractor.Scenario_create<br>Parameters: RW_102, 1.0, akashtest, akashtest001, Bangalore, Bangalore, Karnataka, India, reach3@gmail.com, 123456.0, akashtest</td>
<td></td>
<td>29</td>
<td>Scenario_contractor.Scenario_create@17579e0f</td></tr>
<tr>
<td title='Scenario_contractor.Scenario_edit.test_Validcriti()'><b>test_Validcriti</b><br>Test class: Scenario_contractor.Scenario_edit<br>Parameters: RW_105, 1.0, Reachtest, Reachtest007, Pune, Pune, Maharastra, India, reach3@gmail.com, 123456.0, Reachtest</td>
<td></td>
<td>26</td>
<td>Scenario_contractor.Scenario_edit@3b088d51</td></tr>
<tr>
<td title='Scenario_Employ_desig.Scenario_create.test_Validcriti()'><b>test_Validcriti</b><br>Test class: Scenario_Employ_desig.Scenario_create<br>Parameters: RW_146, 1.0, , AS001, Associate engineer, Designation Name can not be empty.</td>
<td></td>
<td>16</td>
<td>Scenario_Employ_desig.Scenario_create@2d8f65a4</td></tr>
<tr>
<td title='Scenario_Employ_desig.Scenario_edit.test_Validcriti()'><b>test_Validcriti</b><br>Test class: Scenario_Employ_desig.Scenario_edit<br>Parameters: RW_151, 1.0, , AS001, Associate engineer, Designation Name can not be empty.</td>
<td></td>
<td>15</td>
<td>Scenario_Employ_desig.Scenario_edit@646d64ab</td></tr>
<tr>
<td title='Scenario_Employ_grade.Scenario_edit.test_Validcriti()'><b>test_Validcriti</b><br>Test class: Scenario_Employ_grade.Scenario_edit<br>Parameters: RW_151, 1.0, , AS001, Associate engineer, Designation Name can not be empty.</td>
<td></td>
<td>16</td>
<td>Scenario_Employ_grade.Scenario_edit@5f282abb</td></tr>
<tr>
<td title='Scenario_currency.Scenario_curr.test_Validcurr()'><b>test_Validcurr</b><br>Test class: Scenario_currency.Scenario_curr<br>Parameters: RW_03, 1.0, USD3, USD3</td>
<td></td>
<td>15</td>
<td>Scenario_currency.Scenario_curr@704a52ec</td></tr>
<tr>
<td title='Scenario_city.Scenario_city.test_Validcurr()'><b>test_Validcurr</b><br>Test class: Scenario_city.Scenario_city<br>Parameters: RW_30, 1.0, Raichur, Raichur</td>
<td></td>
<td>17</td>
<td>Scenario_city.Scenario_city@76b0bfab</td></tr>
<tr>
<td title='Scenario_Employ_depart.Scenario_create.test_Validdepart()'><b>test_Validdepart</b><br>Test class: Scenario_Employ_depart.Scenario_create<br>Parameters: RW_199, 1.0, , AS001, Associate engineer, Department Name can not be empty.</td>
<td></td>
<td>16</td>
<td>Scenario_Employ_depart.Scenario_create@2bbf4b8b</td></tr>
<tr>
<td title='Scenario_currency.Scenario_edit_curr.test_Validedit_curr()'><b>test_Validedit_curr</b><br>Test class: Scenario_currency.Scenario_edit_curr<br>Parameters: RW_06, 1.0, USD4, USD4</td>
<td></td>
<td>17</td>
<td>Scenario_currency.Scenario_edit_curr@7a1ebcd8</td></tr>
<tr>
<td title='Scenario_Employ_qual.Scenario_create.test_Validqual()'><b>test_Validqual</b><br>Test class: Scenario_Employ_qual.Scenario_create<br>Parameters: RW_183, 1.0, Arts, Arts, Arts</td>
<td></td>
<td>21</td>
<td>Scenario_Employ_qual.Scenario_create@74650e52</td></tr>
<tr>
<td title='Scenario_Employ_qual.Scenario_edit.test_Validqual()'><b>test_Validqual</b><br>Test class: Scenario_Employ_qual.Scenario_edit<br>Parameters: RW_186, 1.0, Commerce, Commerce, Commerce</td>
<td></td>
<td>20</td>
<td>Scenario_Employ_qual.Scenario_edit@4232c52b</td></tr>
<tr>
<td title='Scenario_Employ_skill.Scenario_create.test_Validskill()'><b>test_Validskill</b><br>Test class: Scenario_Employ_skill.Scenario_create<br>Parameters: RW_192, 1.0, JAVA, JAVA, JAVA</td>
<td></td>
<td>20</td>
<td>Scenario_Employ_skill.Scenario_create@bd8db5a</td></tr>
<tr>
<td title='Scenario_Employ_skill.Scenario_edit.test_Validskill()'><b>test_Validskill</b><br>Test class: Scenario_Employ_skill.Scenario_edit<br>Parameters: RW_195, 1.0, .Net, .Net, .Net</td>
<td></td>
<td>21</td>
<td>Scenario_Employ_skill.Scenario_edit@396f6598</td></tr>
<tr>
<td title='Scenario_country.Scenario_del.test_valid_frstcountry_del()'><b>test_valid_frstcountry_del</b><br>Test class: Scenario_country.Scenario_del<br>Parameters: RW_62, 1.0, Deleted</td>
<td></td>
<td>15</td>
<td>Scenario_country.Scenario_del@1563da5</td></tr>
<tr>
<td title='Scenario_shift.Scenario_del.test_valid_frstcountry_del()'><b>test_valid_frstcountry_del</b><br>Test class: Scenario_shift.Scenario_del<br>Parameters: RW_71, 1.0, Deleted</td>
<td></td>
<td>15</td>
<td>Scenario_shift.Scenario_del@30a3107a</td></tr>
<tr>
<td title='Scenario_contractor.Scenario_del.test_valid_frstcountry_del()'><b>test_valid_frstcountry_del</b><br>Test class: Scenario_contractor.Scenario_del<br>Parameters: RW_107, 1.0, Deleted</td>
<td></td>
<td>15</td>
<td>Scenario_contractor.Scenario_del@2833cc44</td></tr>
<tr>
<td title='Scenario_employee.Scenario_del.test_valid_frstcountry_del()'><b>test_valid_frstcountry_del</b><br>Test class: Scenario_employee.Scenario_del<br>Parameters: RW_144, 1.0, Deleted</td>
<td></td>
<td>15</td>
<td>Scenario_employee.Scenario_del@3043fe0e</td></tr>
<tr>
<td title='Scenario_city.Scenario_del.test_valid_frstcurr_del()'><b>test_valid_frstcurr_del</b><br>Test class: Scenario_city.Scenario_del<br>Parameters: RW_35, 1.0, Deleted</td>
<td></td>
<td>16</td>
<td>Scenario_city.Scenario_del@27a8c74e</td></tr>
<tr>
<td title='Scenario_Employ_desig.Scenario_del.test_valid_frstemploy_desig_del()'><b>test_valid_frstemploy_desig_del</b><br>Test class: Scenario_Employ_desig.Scenario_del<br>Parameters: RW_157, 1.0, Deleted</td>
<td></td>
<td>15</td>
<td>Scenario_Employ_desig.Scenario_del@4493d195</td></tr>
<tr>
<td title='Scenario_Employ_grade.Scenario_del.test_valid_frstemploy_desig_del()'><b>test_valid_frstemploy_desig_del</b><br>Test class: Scenario_Employ_grade.Scenario_del<br>Parameters: RW_170, 1.0, Deleted</td>
<td></td>
<td>15</td>
<td>Scenario_Employ_grade.Scenario_del@34cd072c</td></tr>
<tr>
<td title='Scenario_Employ_depart.Scenario_del.test_valid_frstemploy_desig_del()'><b>test_valid_frstemploy_desig_del</b><br>Test class: Scenario_Employ_depart.Scenario_del<br>Parameters: RW_157, 1.0, Deleted</td>
<td></td>
<td>15</td>
<td>Scenario_Employ_depart.Scenario_del@76f2b07d</td></tr>
<tr>
<td title='Scenario_Employ_certi.Scenario_del.test_valid_frstemploy_desig_del()'><b>test_valid_frstemploy_desig_del</b><br>Test class: Scenario_Employ_certi.Scenario_del<br>Parameters: RW_179, 1.0, Deleted</td>
<td></td>
<td>17</td>
<td>Scenario_Employ_certi.Scenario_del@6ee52dcd</td></tr>
<tr>
<td title='Scenario_Employ_qual.Scenario_del.test_valid_frstemploy_qual_del()'><b>test_valid_frstemploy_qual_del</b><br>Test class: Scenario_Employ_qual.Scenario_del<br>Parameters: RW_188, 1.0, Deleted</td>
<td></td>
<td>17</td>
<td>Scenario_Employ_qual.Scenario_del@1c3a4799</td></tr>
<tr>
<td title='Scenario_flag.Scenario_del.test_valid_frstflag_del()'><b>test_valid_frstflag_del</b><br>Test class: Scenario_flag.Scenario_del<br>Parameters: RW_89, 1.0, Deleted</td>
<td></td>
<td>14</td>
<td>Scenario_flag.Scenario_del@80503</td></tr>
<tr>
<td title='Scenario_category.Scenario_del.test_valid_frstflag_del()'><b>test_valid_frstflag_del</b><br>Test class: Scenario_category.Scenario_del<br>Parameters: RW_98, 1.0, Deleted</td>
<td></td>
<td>14</td>
<td>Scenario_category.Scenario_del@394e1a0f</td></tr>
<tr>
<td title='Scenario_state.Scenario_del.test_valid_frstinvoice_del()'><b>test_valid_frstinvoice_del</b><br>Test class: Scenario_state.Scenario_del<br>Parameters: RW_44, 1.0, Deleted</td>
<td></td>
<td>16</td>
<td>Scenario_state.Scenario_del@167fdd33</td></tr>
<tr>
<td title='Scenario_region.Scenario_del.test_valid_frstregion_del()'><b>test_valid_frstregion_del</b><br>Test class: Scenario_region.Scenario_del<br>Parameters: RW_80, 1.0, Deleted</td>
<td></td>
<td>14</td>
<td>Scenario_region.Scenario_del@33f88ab</td></tr>
<tr>
<td title='Scenario_Employ_skill.Scenario_del.test_valid_frstskill_desig_del()'><b>test_valid_frstskill_desig_del</b><br>Test class: Scenario_Employ_skill.Scenario_del<br>Parameters: RW_197, 1.0, Deleted</td>
<td></td>
<td>16</td>
<td>Scenario_Employ_skill.Scenario_del@305fd85d</td></tr>
<tr>
<td title='Scenario_zone.Scenario_del.test_valid_frstzone_del()'><b>test_valid_frstzone_del</b><br>Test class: Scenario_zone.Scenario_del<br>Parameters: RW_53, 1.0, Deleted</td>
<td></td>
<td>17</td>
<td>Scenario_zone.Scenario_del@34c4973</td></tr>
<tr>
<td title='Scenario_criticality.Scenario_del.test_valid_mul_del()'><b>test_valid_mul_del</b><br>Test class: Scenario_criticality.Scenario_del<br>Parameters: RW_18, 1.0, Deleted</td>
<td></td>
<td>16</td>
<td>Scenario_criticality.Scenario_del@2f943d71</td></tr>
<tr>
<td title='Scenario_city.Scenario_del.test_valid_mul_del()'><b>test_valid_mul_del</b><br>Test class: Scenario_city.Scenario_del<br>Parameters: RW_36, 1.0, Deleted</td>
<td></td>
<td>19</td>
<td>Scenario_city.Scenario_del@27a8c74e</td></tr>
<tr>
<td title='Scenario_state.Scenario_del.test_valid_mul_del()'><b>test_valid_mul_del</b><br>Test class: Scenario_state.Scenario_del<br>Parameters: RW_45, 1.0, Deleted</td>
<td></td>
<td>17</td>
<td>Scenario_state.Scenario_del@167fdd33</td></tr>
<tr>
<td title='Scenario_zone.Scenario_del.test_valid_mul_del()'><b>test_valid_mul_del</b><br>Test class: Scenario_zone.Scenario_del<br>Parameters: RW_54, 1.0, Deleted</td>
<td></td>
<td>18</td>
<td>Scenario_zone.Scenario_del@34c4973</td></tr>
<tr>
<td title='Scenario_country.Scenario_del.test_valid_mul_del()'><b>test_valid_mul_del</b><br>Test class: Scenario_country.Scenario_del<br>Parameters: RW_63, 1.0, Deleted</td>
<td></td>
<td>16</td>
<td>Scenario_country.Scenario_del@1563da5</td></tr>
<tr>
<td title='Scenario_shift.Scenario_del.test_valid_mul_del()'><b>test_valid_mul_del</b><br>Test class: Scenario_shift.Scenario_del<br>Parameters: RW_72, 1.0, Deleted</td>
<td></td>
<td>19</td>
<td>Scenario_shift.Scenario_del@30a3107a</td></tr>
<tr>
<td title='Scenario_region.Scenario_del.test_valid_mul_del()'><b>test_valid_mul_del</b><br>Test class: Scenario_region.Scenario_del<br>Parameters: RW_81, 1.0, Deleted</td>
<td></td>
<td>17</td>
<td>Scenario_region.Scenario_del@33f88ab</td></tr>
<tr>
<td title='Scenario_flag.Scenario_del.test_valid_mul_del()'><b>test_valid_mul_del</b><br>Test class: Scenario_flag.Scenario_del<br>Parameters: RW_90, 1.0, Deleted</td>
<td></td>
<td>17</td>
<td>Scenario_flag.Scenario_del@80503</td></tr>
<tr>
<td title='Scenario_category.Scenario_del.test_valid_mul_del()'><b>test_valid_mul_del</b><br>Test class: Scenario_category.Scenario_del<br>Parameters: RW_99, 1.0, Deleted</td>
<td></td>
<td>17</td>
<td>Scenario_category.Scenario_del@394e1a0f</td></tr>
<tr>
<td title='Scenario_contractor.Scenario_del.test_valid_mul_del()'><b>test_valid_mul_del</b><br>Test class: Scenario_contractor.Scenario_del<br>Parameters: RW_108, 1.0, Deleted</td>
<td></td>
<td>17</td>
<td>Scenario_contractor.Scenario_del@2833cc44</td></tr>
<tr>
<td title='Scenario_employee.Scenario_del.test_valid_mul_del()'><b>test_valid_mul_del</b><br>Test class: Scenario_employee.Scenario_del<br>Parameters: RW_145, 1.0, Deleted</td>
<td></td>
<td>17</td>
<td>Scenario_employee.Scenario_del@3043fe0e</td></tr>
<tr>
<td title='Scenario_Employ_desig.Scenario_del.test_valid_mul_del()'><b>test_valid_mul_del</b><br>Test class: Scenario_Employ_desig.Scenario_del<br>Parameters: RW_158, 1.0, Deleted</td>
<td></td>
<td>18</td>
<td>Scenario_Employ_desig.Scenario_del@4493d195</td></tr>
<tr>
<td title='Scenario_Employ_grade.Scenario_del.test_valid_mul_del()'><b>test_valid_mul_del</b><br>Test class: Scenario_Employ_grade.Scenario_del<br>Parameters: RW_171, 1.0, Deleted</td>
<td></td>
<td>19</td>
<td>Scenario_Employ_grade.Scenario_del@34cd072c</td></tr>
<tr>
<td title='Scenario_Employ_depart.Scenario_del.test_valid_mul_del()'><b>test_valid_mul_del</b><br>Test class: Scenario_Employ_depart.Scenario_del<br>Parameters: RW_158, 1.0, Deleted</td>
<td></td>
<td>19</td>
<td>Scenario_Employ_depart.Scenario_del@76f2b07d</td></tr>
<tr>
<td title='Scenario_Employ_certi.Scenario_del.test_valid_mul_del()'><b>test_valid_mul_del</b><br>Test class: Scenario_Employ_certi.Scenario_del<br>Parameters: RW_180, 1.0, Deleted</td>
<td></td>
<td>17</td>
<td>Scenario_Employ_certi.Scenario_del@6ee52dcd</td></tr>
<tr>
<td title='Scenario_Employ_qual.Scenario_del.test_valid_mul_del()'><b>test_valid_mul_del</b><br>Test class: Scenario_Employ_qual.Scenario_del<br>Parameters: RW_189, 1.0, Deleted</td>
<td></td>
<td>20</td>
<td>Scenario_Employ_qual.Scenario_del@1c3a4799</td></tr>
<tr>
<td title='Scenario_Employ_skill.Scenario_del.test_valid_mul_del()'><b>test_valid_mul_del</b><br>Test class: Scenario_Employ_skill.Scenario_del<br>Parameters: RW_198, 1.0, Deleted</td>
<td></td>
<td>19</td>
<td>Scenario_Employ_skill.Scenario_del@305fd85d</td></tr>
</table><p>
<table width='100%' border='1' class='invocation-skipped'>
<tr><td colspan='4' align='center'><b>SKIPPED TESTS</b></td></tr>
<tr><td><b>Test method</b></td>
<td width="30%"><b>Exception</b></td>
<td width="10%"><b>Time (seconds)</b></td>
<td><b>Instance</b></td>
</tr>
<tr>
<td title='Scenario_invoice.Scenario_del.test_Invalid_delinvoice_blnk()'><b>test_Invalid_delinvoice_blnk</b><br>Test class: Scenario_invoice.Scenario_del</td>
<td><div><pre>java.lang.RuntimeException: java.io.FileNotFoundException: D:\akash\salenium\Reach_OAMC\Excel-files\03_Reachwell_masters_currency_Data.xls (The system cannot find the file specified)
Caused by: java.io.FileNotFoundException: D:\akash\salenium\Reach_OAMC\Excel-files\03_Reachwell_masters_currency_Data.xls (The system cannot find the file specified)
	at java.io.FileInputStream.open0(Native Method)
	at java.io.FileInputStream.open(Unknown Source)
	at java.io.FileInputStream.&lt;init&gt;(Unknown Source)
	at java.io.FileInputStream.&lt;init&gt;(Unknown Source)
	at Generic_component.ExcelReadWrite.&lt;init&gt;(ExcelReadWrite.java:20)
	at Dataprovider_invoice.DataProvider_del.flagRowcount(DataProvider_del.java:42)
	at Dataprovider_invoice.DataProvider_del.Invalidedit_blnkData(DataProvider_del.java:17)
	... 20 more
... Removed 27 stack frames</pre></div><a href='#' onClick='toggleBox("stack-trace629835140", this, "Click to show all stack frames", "Click to hide stack frames")'>Click to show all stack frames</a>
<div class='stack-trace' id='stack-trace629835140'><pre>java.lang.RuntimeException: java.io.FileNotFoundException: D:\akash\salenium\Reach_OAMC\Excel-files\03_Reachwell_masters_currency_Data.xls (The system cannot find the file specified)
	at org.testng.internal.MethodInvocationHelper.invokeDataProvider(MethodInvocationHelper.java:161)
	at org.testng.internal.Parameters.handleParameters(Parameters.java:429)
	at org.testng.internal.Invoker.handleParameters(Invoker.java:1383)
	at org.testng.internal.Invoker.createParameters(Invoker.java:1075)
	at org.testng.internal.Invoker.invokeTestMethods(Invoker.java:1180)
	at org.testng.internal.TestMethodWorker.invokeTestMethods(TestMethodWorker.java:127)
	at org.testng.internal.TestMethodWorker.run(TestMethodWorker.java:111)
	at org.testng.TestRunner.privateRun(TestRunner.java:767)
	at org.testng.TestRunner.run(TestRunner.java:617)
	at org.testng.SuiteRunner.runTest(SuiteRunner.java:334)
	at org.testng.SuiteRunner.runSequentially(SuiteRunner.java:329)
	at org.testng.SuiteRunner.privateRun(SuiteRunner.java:291)
	at org.testng.SuiteRunner.run(SuiteRunner.java:240)
	at org.testng.SuiteRunnerWorker.runSuite(SuiteRunnerWorker.java:52)
	at org.testng.SuiteRunnerWorker.run(SuiteRunnerWorker.java:86)
	at org.testng.TestNG.runSuitesSequentially(TestNG.java:1224)
	at org.testng.TestNG.runSuitesLocally(TestNG.java:1149)
	at org.testng.TestNG.run(TestNG.java:1057)
	at org.testng.remote.RemoteTestNG.run(RemoteTestNG.java:115)
	at org.testng.remote.RemoteTestNG.initAndRun(RemoteTestNG.java:207)
	at org.testng.remote.RemoteTestNG.main(RemoteTestNG.java:178)
Caused by: java.io.FileNotFoundException: D:\akash\salenium\Reach_OAMC\Excel-files\03_Reachwell_masters_currency_Data.xls (The system cannot find the file specified)
	at java.io.FileInputStream.open0(Native Method)
	at java.io.FileInputStream.open(Unknown Source)
	at java.io.FileInputStream.&lt;init&gt;(Unknown Source)
	at java.io.FileInputStream.&lt;init&gt;(Unknown Source)
	at Generic_component.ExcelReadWrite.&lt;init&gt;(ExcelReadWrite.java:20)
	at Dataprovider_invoice.DataProvider_del.flagRowcount(DataProvider_del.java:42)
	at Dataprovider_invoice.DataProvider_del.Invalidedit_blnkData(DataProvider_del.java:17)
	at sun.reflect.NativeMethodAccessorImpl.invoke0(Native Method)
	at sun.reflect.NativeMethodAccessorImpl.invoke(Unknown Source)
	at sun.reflect.DelegatingMethodAccessorImpl.invoke(Unknown Source)
	at java.lang.reflect.Method.invoke(Unknown Source)
	at org.testng.internal.MethodInvocationHelper.invokeMethod(MethodInvocationHelper.java:84)
	at org.testng.internal.MethodInvocationHelper.invokeDataProvider(MethodInvocationHelper.java:153)
	... 20 more
</pre></div></td>
<td>0</td>
<td>Scenario_invoice.Scenario_del@458c1321</td></tr>
<tr>
<td title='Scenario_invoice.Scenario_del.test_valid_frstinvoice_del()'><b>test_valid_frstinvoice_del</b><br>Test class: Scenario_invoice.Scenario_del</td>
<td><div><pre>java.lang.RuntimeException: java.io.FileNotFoundException: D:\akash\salenium\Reach_OAMC\Excel-files\03_Reachwell_masters_currency_Data.xls (The system cannot find the file specified)
Caused by: java.io.FileNotFoundException: D:\akash\salenium\Reach_OAMC\Excel-files\03_Reachwell_masters_currency_Data.xls (The system cannot find the file specified)
	at java.io.FileInputStream.open0(Native Method)
	at java.io.FileInputStream.open(Unknown Source)
	at java.io.FileInputStream.&lt;init&gt;(Unknown Source)
	at java.io.FileInputStream.&lt;init&gt;(Unknown Source)
	at Generic_component.ExcelReadWrite.&lt;init&gt;(ExcelReadWrite.java:20)
	at Dataprovider_invoice.DataProvider_del.flagRowcount(DataProvider_del.java:42)
	at Dataprovider_invoice.DataProvider_del.Invalideditdata(DataProvider_del.java:25)
	... 20 more
... Removed 27 stack frames</pre></div><a href='#' onClick='toggleBox("stack-trace1494382097", this, "Click to show all stack frames", "Click to hide stack frames")'>Click to show all stack frames</a>
<div class='stack-trace' id='stack-trace1494382097'><pre>java.lang.RuntimeException: java.io.FileNotFoundException: D:\akash\salenium\Reach_OAMC\Excel-files\03_Reachwell_masters_currency_Data.xls (The system cannot find the file specified)
	at org.testng.internal.MethodInvocationHelper.invokeDataProvider(MethodInvocationHelper.java:161)
	at org.testng.internal.Parameters.handleParameters(Parameters.java:429)
	at org.testng.internal.Invoker.handleParameters(Invoker.java:1383)
	at org.testng.internal.Invoker.createParameters(Invoker.java:1075)
	at org.testng.internal.Invoker.invokeTestMethods(Invoker.java:1180)
	at org.testng.internal.TestMethodWorker.invokeTestMethods(TestMethodWorker.java:127)
	at org.testng.internal.TestMethodWorker.run(TestMethodWorker.java:111)
	at org.testng.TestRunner.privateRun(TestRunner.java:767)
	at org.testng.TestRunner.run(TestRunner.java:617)
	at org.testng.SuiteRunner.runTest(SuiteRunner.java:334)
	at org.testng.SuiteRunner.runSequentially(SuiteRunner.java:329)
	at org.testng.SuiteRunner.privateRun(SuiteRunner.java:291)
	at org.testng.SuiteRunner.run(SuiteRunner.java:240)
	at org.testng.SuiteRunnerWorker.runSuite(SuiteRunnerWorker.java:52)
	at org.testng.SuiteRunnerWorker.run(SuiteRunnerWorker.java:86)
	at org.testng.TestNG.runSuitesSequentially(TestNG.java:1224)
	at org.testng.TestNG.runSuitesLocally(TestNG.java:1149)
	at org.testng.TestNG.run(TestNG.java:1057)
	at org.testng.remote.RemoteTestNG.run(RemoteTestNG.java:115)
	at org.testng.remote.RemoteTestNG.initAndRun(RemoteTestNG.java:207)
	at org.testng.remote.RemoteTestNG.main(RemoteTestNG.java:178)
Caused by: java.io.FileNotFoundException: D:\akash\salenium\Reach_OAMC\Excel-files\03_Reachwell_masters_currency_Data.xls (The system cannot find the file specified)
	at java.io.FileInputStream.open0(Native Method)
	at java.io.FileInputStream.open(Unknown Source)
	at java.io.FileInputStream.&lt;init&gt;(Unknown Source)
	at java.io.FileInputStream.&lt;init&gt;(Unknown Source)
	at Generic_component.ExcelReadWrite.&lt;init&gt;(ExcelReadWrite.java:20)
	at Dataprovider_invoice.DataProvider_del.flagRowcount(DataProvider_del.java:42)
	at Dataprovider_invoice.DataProvider_del.Invalideditdata(DataProvider_del.java:25)
	at sun.reflect.NativeMethodAccessorImpl.invoke0(Native Method)
	at sun.reflect.NativeMethodAccessorImpl.invoke(Unknown Source)
	at sun.reflect.DelegatingMethodAccessorImpl.invoke(Unknown Source)
	at java.lang.reflect.Method.invoke(Unknown Source)
	at org.testng.internal.MethodInvocationHelper.invokeMethod(MethodInvocationHelper.java:84)
	at org.testng.internal.MethodInvocationHelper.invokeDataProvider(MethodInvocationHelper.java:153)
	... 20 more
</pre></div></td>
<td>0</td>
<td>Scenario_invoice.Scenario_del@458c1321</td></tr>
<tr>
<td title='Scenario_invoice.Scenario_del.test_valid_mul_del()'><b>test_valid_mul_del</b><br>Test class: Scenario_invoice.Scenario_del</td>
<td><div><pre>java.lang.RuntimeException: java.io.FileNotFoundException: D:\akash\salenium\Reach_OAMC\Excel-files\03_Reachwell_masters_currency_Data.xls (The system cannot find the file specified)
Caused by: java.io.FileNotFoundException: D:\akash\salenium\Reach_OAMC\Excel-files\03_Reachwell_masters_currency_Data.xls (The system cannot find the file specified)
	at java.io.FileInputStream.open0(Native Method)
	at java.io.FileInputStream.open(Unknown Source)
	at java.io.FileInputStream.&lt;init&gt;(Unknown Source)
	at java.io.FileInputStream.&lt;init&gt;(Unknown Source)
	at Generic_component.ExcelReadWrite.&lt;init&gt;(ExcelReadWrite.java:20)
	at Dataprovider_invoice.DataProvider_del.flagRowcount(DataProvider_del.java:42)
	at Dataprovider_invoice.DataProvider_del.ValideditData(DataProvider_del.java:34)
	... 20 more
... Removed 27 stack frames</pre></div><a href='#' onClick='toggleBox("stack-trace1430053704", this, "Click to show all stack frames", "Click to hide stack frames")'>Click to show all stack frames</a>
<div class='stack-trace' id='stack-trace1430053704'><pre>java.lang.RuntimeException: java.io.FileNotFoundException: D:\akash\salenium\Reach_OAMC\Excel-files\03_Reachwell_masters_currency_Data.xls (The system cannot find the file specified)
	at org.testng.internal.MethodInvocationHelper.invokeDataProvider(MethodInvocationHelper.java:161)
	at org.testng.internal.Parameters.handleParameters(Parameters.java:429)
	at org.testng.internal.Invoker.handleParameters(Invoker.java:1383)
	at org.testng.internal.Invoker.createParameters(Invoker.java:1075)
	at org.testng.internal.Invoker.invokeTestMethods(Invoker.java:1180)
	at org.testng.internal.TestMethodWorker.invokeTestMethods(TestMethodWorker.java:127)
	at org.testng.internal.TestMethodWorker.run(TestMethodWorker.java:111)
	at org.testng.TestRunner.privateRun(TestRunner.java:767)
	at org.testng.TestRunner.run(TestRunner.java:617)
	at org.testng.SuiteRunner.runTest(SuiteRunner.java:334)
	at org.testng.SuiteRunner.runSequentially(SuiteRunner.java:329)
	at org.testng.SuiteRunner.privateRun(SuiteRunner.java:291)
	at org.testng.SuiteRunner.run(SuiteRunner.java:240)
	at org.testng.SuiteRunnerWorker.runSuite(SuiteRunnerWorker.java:52)
	at org.testng.SuiteRunnerWorker.run(SuiteRunnerWorker.java:86)
	at org.testng.TestNG.runSuitesSequentially(TestNG.java:1224)
	at org.testng.TestNG.runSuitesLocally(TestNG.java:1149)
	at org.testng.TestNG.run(TestNG.java:1057)
	at org.testng.remote.RemoteTestNG.run(RemoteTestNG.java:115)
	at org.testng.remote.RemoteTestNG.initAndRun(RemoteTestNG.java:207)
	at org.testng.remote.RemoteTestNG.main(RemoteTestNG.java:178)
Caused by: java.io.FileNotFoundException: D:\akash\salenium\Reach_OAMC\Excel-files\03_Reachwell_masters_currency_Data.xls (The system cannot find the file specified)
	at java.io.FileInputStream.open0(Native Method)
	at java.io.FileInputStream.open(Unknown Source)
	at java.io.FileInputStream.&lt;init&gt;(Unknown Source)
	at java.io.FileInputStream.&lt;init&gt;(Unknown Source)
	at Generic_component.ExcelReadWrite.&lt;init&gt;(ExcelReadWrite.java:20)
	at Dataprovider_invoice.DataProvider_del.flagRowcount(DataProvider_del.java:42)
	at Dataprovider_invoice.DataProvider_del.ValideditData(DataProvider_del.java:34)
	at sun.reflect.NativeMethodAccessorImpl.invoke0(Native Method)
	at sun.reflect.NativeMethodAccessorImpl.invoke(Unknown Source)
	at sun.reflect.DelegatingMethodAccessorImpl.invoke(Unknown Source)
	at java.lang.reflect.Method.invoke(Unknown Source)
	at org.testng.internal.MethodInvocationHelper.invokeMethod(MethodInvocationHelper.java:84)
	at org.testng.internal.MethodInvocationHelper.invokeDataProvider(MethodInvocationHelper.java:153)
	... 20 more
</pre></div></td>
<td>0</td>
<td>Scenario_invoice.Scenario_del@458c1321</td></tr>
</table><p>
</body>
</html>