<?xml version="1.0" encoding="UTF-8"?>
<!-- Generated by org.testng.reporters.JUnitXMLReporter -->
<testsuite hostname="DJ-PC" name="Test" tests="196" failures="9" timestamp="11 Dec 2015 09:55:50 GMT" time="3497.679" errors="0">
  <testcase name="test_Invalidcurr" time="16.427" classname="Scenario_currency.Scenario_curr"/>
  <testcase name="test_Validcurr" time="15.795" classname="Scenario_currency.Scenario_curr"/>
  <testcase name="test_Invalid_editcurr_blnk" time="13.671" classname="Scenario_currency.Scenario_edit_curr"/>
  <testcase name="test_Invalideditcurr" time="15.062" classname="Scenario_currency.Scenario_edit_curr"/>
  <testcase name="test_Validedit_curr" time="17.017" classname="Scenario_currency.Scenario_edit_curr"/>
  <testcase name="test_Invalid_editcurr_blnk" time="15.134" classname="Scenario_currency.Scenario_del"/>
  <testcase name="test_Invalidcriti_blnk" time="14.114" classname="Scenario_criticality.Scenario_create"/>
  <testcase name="test_Invalidcurr" time="13.732" classname="Scenario_criticality.Scenario_create"/>
  <testcase name="test_Validcriti" time="18.492" classname="Scenario_criticality.Scenario_create"/>
  <testcase name="test_Invalidcriti" time="15.782" classname="Scenario_criticality.Scenario_edit"/>
  <testcase name="test_Invalidcriti_blnk" time="10.123" classname="Scenario_criticality.Scenario_edit">
    <failure type="org.openqa.selenium.interactions.MoveTargetOutOfBoundsException" message="Element cannot be scrolled into view:[object XrayWrapper [object HTMLSpanElement]]
Command duration or timeout: 50 milliseconds
Build info: version: &amp;apos;2.44.0&amp;apos;, revision: &amp;apos;76d78cf323ce037c5f92db6c1bba601c2ac43ad8&amp;apos;, time: &amp;apos;2014-10-23 13:11:40&amp;apos;
System info: host: &amp;apos;DJ-PC&amp;apos;, ip: &amp;apos;192.168.30.1&amp;apos;, os.name: &amp;apos;Windows 7&amp;apos;, os.arch: &amp;apos;amd64&amp;apos;, os.version: &amp;apos;6.1&amp;apos;, java.version: &amp;apos;1.8.0_60&amp;apos;
Driver info: org.openqa.selenium.firefox.FirefoxDriver
Capabilities [{applicationCacheEnabled=true, rotatable=false, handlesAlerts=true, databaseEnabled=true, version=31.0, platform=WINDOWS, nativeEvents=true, acceptSslCerts=true, webStorageEnabled=true, locationContextEnabled=true, browserName=firefox, takesScreenshot=true, javascriptEnabled=true, cssSelectorsEnabled=true}]
Session ID: 3ddb424e-0aea-4d2e-9097-3c62da8cdb6b">
      <![CDATA[org.openqa.selenium.interactions.MoveTargetOutOfBoundsException: Element cannot be scrolled into view:[object XrayWrapper [object HTMLSpanElement]]
Command duration or timeout: 50 milliseconds
Build info: version: '2.44.0', revision: '76d78cf323ce037c5f92db6c1bba601c2ac43ad8', time: '2014-10-23 13:11:40'
System info: host: 'DJ-PC', ip: '192.168.30.1', os.name: 'Windows 7', os.arch: 'amd64', os.version: '6.1', java.version: '1.8.0_60'
Driver info: org.openqa.selenium.firefox.FirefoxDriver
Capabilities [{applicationCacheEnabled=true, rotatable=false, handlesAlerts=true, databaseEnabled=true, version=31.0, platform=WINDOWS, nativeEvents=true, acceptSslCerts=true, webStorageEnabled=true, locationContextEnabled=true, browserName=firefox, takesScreenshot=true, javascriptEnabled=true, cssSelectorsEnabled=true}]
Session ID: 3ddb424e-0aea-4d2e-9097-3c62da8cdb6b
	at org.openqa.selenium.remote.ErrorHandler.createThrowable(ErrorHandler.java:204)
	at org.openqa.selenium.remote.ErrorHandler.throwIfResponseFailed(ErrorHandler.java:156)
	at org.openqa.selenium.remote.RemoteWebDriver.execute(RemoteWebDriver.java:599)
	at org.openqa.selenium.remote.RemoteWebElement.execute(RemoteWebElement.java:268)
	at org.openqa.selenium.remote.RemoteWebElement.click(RemoteWebElement.java:79)
	at org.openqa.selenium.support.pagefactory.internal.LocatingElementHandler.invoke(LocatingElementHandler.java:50)
	at com.sun.proxy.$Proxy5.click(Unknown Source)
	at PageObject_criticality.Pageobject_edit.click_criti(Pageobject_edit.java:86)
	at PageObject_criticality.Pageobject_edit.Commonprocesscriti(Pageobject_edit.java:150)
	at Scenario_criticality.Scenario_edit.test_Invalidcriti_blnk(Scenario_edit.java:50)
Caused by: org.openqa.selenium.interactions.MoveTargetOutOfBoundsException: Element cannot be scrolled into view:[object XrayWrapper [object HTMLSpanElement]]
Build info: version: '2.44.0', revision: '76d78cf323ce037c5f92db6c1bba601c2ac43ad8', time: '2014-10-23 13:11:40'
System info: host: 'DJ-PC', ip: '192.168.30.1', os.name: 'Windows 7', os.arch: 'amd64', os.version: '6.1', java.version: '1.8.0_60'
Driver info: driver.version: unknown
	at <anonymous class>.WebElement.clickElement(file:///C:/Users/DJ/AppData/Local/Temp/anonymous5983407041554616427webdriver-profile/extensions/fxdriver@googlecode.com/components/command-processor.js:11036:7)
	at <anonymous class>.DelayedCommand.prototype.executeInternal_/h(file:///C:/Users/DJ/AppData/Local/Temp/anonymous5983407041554616427webdriver-profile/extensions/fxdriver@googlecode.com/components/command-processor.js:11635:16)
	at <anonymous class>.DelayedCommand.prototype.executeInternal_(file:///C:/Users/DJ/AppData/Local/Temp/anonymous5983407041554616427webdriver-profile/extensions/fxdriver@googlecode.com/components/command-processor.js:11640:7)
	at <anonymous class>.DelayedCommand.prototype.execute/<(file:///C:/Users/DJ/AppData/Local/Temp/anonymous5983407041554616427webdriver-profile/extensions/fxdriver@googlecode.com/components/command-processor.js:11582:5)
... Removed 31 stack frames]]>
    </failure>
  </testcase> <!-- test_Invalidcriti_blnk -->
  <testcase name="test_Validcriti" time="18.919" classname="Scenario_criticality.Scenario_edit"/>
  <testcase name="test_Invalid_editcurr_blnk" time="13.849" classname="Scenario_criticality.Scenario_del"/>
  <testcase name="test_valid_mul_del" time="16.405" classname="Scenario_criticality.Scenario_del"/>
  <testcase name="test_Invalidcriti_blnk" time="16.143" classname="Scenario_invoice.Scenario_create"/>
  <testcase name="test_Invalidinvoice" time="15.019" classname="Scenario_invoice.Scenario_create"/>
  <testcase name="test_Validcriti" time="19.535" classname="Scenario_invoice.Scenario_create"/>
  <testcase name="test_Invalidcriti" time="15.166" classname="Scenario_invoice.Scenario_edit"/>
  <testcase name="test_Invalidcriti_blnk" time="14.527" classname="Scenario_invoice.Scenario_edit"/>
  <testcase name="test_Validcriti" time="19.289" classname="Scenario_invoice.Scenario_edit"/>
  <testcase name="test_Invalid_delinvoice_blnk" time="0.0" classname="Scenario_invoice.Scenario_del">
    <skipped/>
  </testcase> <!-- test_Invalid_delinvoice_blnk -->
  <testcase name="test_valid_frstinvoice_del" time="0.0" classname="Scenario_invoice.Scenario_del">
    <skipped/>
  </testcase> <!-- test_valid_frstinvoice_del -->
  <testcase name="test_valid_mul_del" time="0.0" classname="Scenario_invoice.Scenario_del">
    <skipped/>
  </testcase> <!-- test_valid_mul_del -->
  <testcase name="test_Invalidcurr" time="16.215" classname="Scenario_city.Scenario_city"/>
  <testcase name="test_Invalidcurr_blnk" time="14.701" classname="Scenario_city.Scenario_city"/>
  <testcase name="test_Validcurr" time="17.809" classname="Scenario_city.Scenario_city"/>
  <testcase name="test_Invalidcriti" time="16.105" classname="Scenario_city.Scenario_edit1"/>
  <testcase name="test_Invalidcriti_blnk" time="16.718" classname="Scenario_city.Scenario_edit1"/>
  <testcase name="test_Validcriti" time="17.397" classname="Scenario_city.Scenario_edit1"/>
  <testcase name="test_Invalid_editcurr_blnk" time="15.271" classname="Scenario_city.Scenario_del"/>
  <testcase name="test_valid_frstcurr_del" time="16.622" classname="Scenario_city.Scenario_del"/>
  <testcase name="test_valid_mul_del" time="19.211" classname="Scenario_city.Scenario_del"/>
  <testcase name="test_Invalidcriti_blnk" time="15.662" classname="Scenario_state.Scenario_create"/>
  <testcase name="test_Invalidinvoice" time="15.415" classname="Scenario_state.Scenario_create"/>
  <testcase name="test_Validcriti" time="19.77" classname="Scenario_state.Scenario_create"/>
  <testcase name="test_Invalidcriti" time="16.271" classname="Scenario_state.Scenario_edit"/>
  <testcase name="test_Invalidcriti_blnk" time="15.588" classname="Scenario_state.Scenario_edit"/>
  <testcase name="test_Validcriti" time="19.803" classname="Scenario_state.Scenario_edit"/>
  <testcase name="test_Invalid_delinvoice_blnk" time="16.17" classname="Scenario_state.Scenario_del"/>
  <testcase name="test_valid_frstinvoice_del" time="16.126" classname="Scenario_state.Scenario_del"/>
  <testcase name="test_valid_mul_del" time="17.989" classname="Scenario_state.Scenario_del"/>
  <testcase name="test_Invalidcriti_blnk" time="15.522" classname="Scenario_zone.Scenario_create"/>
  <testcase name="test_Invalidinvoice" time="17.462" classname="Scenario_zone.Scenario_create"/>
  <testcase name="test_Validcriti" time="20.469" classname="Scenario_zone.Scenario_create"/>
  <testcase name="test_Invalidcriti" time="17.334" classname="Scenario_zone.Scenario_edit"/>
  <testcase name="test_Invalidcriti_blnk" time="15.569" classname="Scenario_zone.Scenario_edit"/>
  <testcase name="test_Validcriti" time="20.774" classname="Scenario_zone.Scenario_edit"/>
  <testcase name="test_Invalid_delzone_blnk" time="15.092" classname="Scenario_zone.Scenario_del"/>
  <testcase name="test_valid_frstzone_del" time="17.945" classname="Scenario_zone.Scenario_del"/>
  <testcase name="test_valid_mul_del" time="18.848" classname="Scenario_zone.Scenario_del"/>
  <testcase name="test_Invalidcriti_blnk" time="16.199" classname="Scenario_country.Scenario_create"/>
  <testcase name="test_Invalidinvoice" time="15.03" classname="Scenario_country.Scenario_create"/>
  <testcase name="test_Validcriti" time="18.774" classname="Scenario_country.Scenario_create"/>
  <testcase name="test_Invalidcriti" time="16.213" classname="Scenario_country.Scenario_edit"/>
  <testcase name="test_Invalidcriti_blnk" time="15.231" classname="Scenario_country.Scenario_edit"/>
  <testcase name="test_Validcriti" time="18.858" classname="Scenario_country.Scenario_edit"/>
  <testcase name="test_Invalid_delcountry_blnk" time="15.227" classname="Scenario_country.Scenario_del"/>
  <testcase name="test_valid_frstcountry_del" time="15.322" classname="Scenario_country.Scenario_del"/>
  <testcase name="test_valid_mul_del" time="16.28" classname="Scenario_country.Scenario_del"/>
  <testcase name="test_Invalidcriti_blnk" time="19.805" classname="Scenario_shift.Scenario_create"/>
  <testcase name="test_Invalidinvoice" time="20.349" classname="Scenario_shift.Scenario_create"/>
  <testcase name="test_Validcriti" time="24.349" classname="Scenario_shift.Scenario_create"/>
  <testcase name="test_Invalidcriti" time="21.867" classname="Scenario_shift.Scenario_edit"/>
  <testcase name="test_Invalidcriti_blnk" time="20.536" classname="Scenario_shift.Scenario_edit"/>
  <testcase name="test_Validcriti" time="25.056" classname="Scenario_shift.Scenario_edit"/>
  <testcase name="test_Invalid_delcountry_blnk" time="14.308" classname="Scenario_shift.Scenario_del"/>
  <testcase name="test_valid_frstcountry_del" time="15.48" classname="Scenario_shift.Scenario_del"/>
  <testcase name="test_valid_mul_del" time="19.819" classname="Scenario_shift.Scenario_del"/>
  <testcase name="test_Invalidcriti_blnk" time="16.512" classname="Scenario_region.Scenario_create"/>
  <testcase name="test_Invalidinvoice" time="16.754" classname="Scenario_region.Scenario_create"/>
  <testcase name="test_Validcriti" time="20.817" classname="Scenario_region.Scenario_create"/>
  <testcase name="test_Invalidcriti" time="18.761" classname="Scenario_region.Scenario_edit"/>
  <testcase name="test_Invalidcriti_blnk" time="17.884" classname="Scenario_region.Scenario_edit"/>
  <testcase name="test_Validcriti" time="21.361" classname="Scenario_region.Scenario_edit"/>
  <testcase name="test_Invalid_delregion_blnk" time="14.466" classname="Scenario_region.Scenario_del"/>
  <testcase name="test_valid_frstregion_del" time="14.469" classname="Scenario_region.Scenario_del"/>
  <testcase name="test_valid_mul_del" time="17.425" classname="Scenario_region.Scenario_del"/>
  <testcase name="test_Invalidcriti_blnk" time="16.628" classname="Scenario_flag.Scenario_create"/>
  <testcase name="test_Invalidinvoice" time="16.264" classname="Scenario_flag.Scenario_create"/>
  <testcase name="test_Validcriti" time="20.445" classname="Scenario_flag.Scenario_create"/>
  <testcase name="test_Invalidcriti" time="16.767" classname="Scenario_flag.Scenario_edit"/>
  <testcase name="test_Invalidcriti_blnk" time="15.982" classname="Scenario_flag.Scenario_edit"/>
  <testcase name="test_Validcriti" time="20.781" classname="Scenario_flag.Scenario_edit"/>
  <testcase name="test_Invalid_delflag_blnk" time="14.434" classname="Scenario_flag.Scenario_del"/>
  <testcase name="test_valid_frstflag_del" time="14.778" classname="Scenario_flag.Scenario_del"/>
  <testcase name="test_valid_mul_del" time="17.379" classname="Scenario_flag.Scenario_del"/>
  <testcase name="test_Invalidcriti_blnk" time="15.44" classname="Scenario_category.Scenario_create"/>
  <testcase name="test_Invalidinvoice" time="15.594" classname="Scenario_category.Scenario_create"/>
  <testcase name="test_Validcriti" time="19.025" classname="Scenario_category.Scenario_create"/>
  <testcase name="test_Invalidcriti" time="15.691" classname="Scenario_category.Scenario_edit"/>
  <testcase name="test_Invalidcriti_blnk" time="15.474" classname="Scenario_category.Scenario_edit"/>
  <testcase name="test_Validcriti" time="19.637" classname="Scenario_category.Scenario_edit"/>
  <testcase name="test_Invalid_delflag_blnk" time="14.255" classname="Scenario_category.Scenario_del"/>
  <testcase name="test_valid_frstflag_del" time="14.365" classname="Scenario_category.Scenario_del"/>
  <testcase name="test_valid_mul_del" time="17.377" classname="Scenario_category.Scenario_del"/>
  <testcase name="test_Invalidcriti_blnk" time="15.624" classname="Scenario_contractor.Scenario_create"/>
  <testcase name="test_Invalidinvoice" time="15.698" classname="Scenario_contractor.Scenario_create"/>
  <testcase name="test_Validcriti" time="29.154" classname="Scenario_contractor.Scenario_create"/>
  <testcase name="test_Invalidcriti" time="16.462" classname="Scenario_contractor.Scenario_edit"/>
  <testcase name="test_Invalidcriti_blnk" time="15.563" classname="Scenario_contractor.Scenario_edit"/>
  <testcase name="test_Validcriti" time="26.001" classname="Scenario_contractor.Scenario_edit"/>
  <testcase name="test_Invalid_delcountry_blnk" time="14.086" classname="Scenario_contractor.Scenario_del"/>
  <testcase name="test_valid_frstcountry_del" time="15.365" classname="Scenario_contractor.Scenario_del"/>
  <testcase name="test_valid_mul_del" time="17.575" classname="Scenario_contractor.Scenario_del"/>
  <testcase name="Invalid_brnchcode_test_blnk" time="21.317" classname="Scenario_branch.Scenario_create"/>
  <testcase name="Invalid_brnchname_test_blnk" time="20.173" classname="Scenario_branch.Scenario_create"/>
  <testcase name="Invalid_frstname_test_blnk" time="20.601" classname="Scenario_branch.Scenario_create"/>
  <testcase name="Invalid_locatncode_test_blnk" time="20.694" classname="Scenario_branch.Scenario_create"/>
  <testcase name="Invalid_password_test_blnk" time="20.596" classname="Scenario_branch.Scenario_create"/>
  <testcase name="Invalid_same_brnchname_test" time="22.135" classname="Scenario_branch.Scenario_create"/>
  <testcase name="Invalid_same_username_test" time="21.068" classname="Scenario_branch.Scenario_create"/>
  <testcase name="Invalid_username_test_blnk" time="21.022" classname="Scenario_branch.Scenario_create"/>
  <testcase name="Valid_brnch_test" time="25.133" classname="Scenario_branch.Scenario_create"/>
  <testcase name="Invalid_brnchcode_test_blnk" time="20.115" classname="Scenario_branch.Scenario_edit"/>
  <testcase name="Invalid_brnchname_test_blnk" time="19.508" classname="Scenario_branch.Scenario_edit"/>
  <testcase name="Invalid_locatncode_test_blnk" time="19.89" classname="Scenario_branch.Scenario_edit"/>
  <testcase name="Invalid_same_brnchname_test" time="19.83" classname="Scenario_branch.Scenario_edit"/>
  <testcase name="Valid_brnch_test" time="22.797" classname="Scenario_branch.Scenario_edit"/>
  <testcase name="test_Invalid_delcountry_blnk" time="14.345" classname="Scenario_branch.Scenario_del"/>
  <testcase name="test_valid_frstcountry_del" time="14.345" classname="Scenario_branch.Scenario_del">
    <failure type="java.lang.NullPointerException">
      <![CDATA[java.lang.NullPointerException
	at Scenario_branch.Scenario_del.test_valid_frstcountry_del(Scenario_del.java:68)
... Removed 24 stack frames]]>
    </failure>
  </testcase> <!-- test_valid_frstcountry_del -->
  <testcase name="test_valid_mul_del" time="18.622" classname="Scenario_branch.Scenario_del">
    <failure type="java.lang.NullPointerException">
      <![CDATA[java.lang.NullPointerException
	at Scenario_branch.Scenario_del.test_valid_mul_del(Scenario_del.java:96)
... Removed 24 stack frames]]>
    </failure>
  </testcase> <!-- test_valid_mul_del -->
  <testcase name="Invalid_empcode_test_blnk" time="18.117" classname="Scenario_employee.Scenario_create"/>
  <testcase name="Invalid_firstname_test_blnk" time="16.903" classname="Scenario_employee.Scenario_create"/>
  <testcase name="Invalid_login_id_test_blnk" time="17.968" classname="Scenario_employee.Scenario_create"/>
  <testcase name="Invalid_same_empcode_test" time="16.514" classname="Scenario_employee.Scenario_create"/>
  <testcase name="Invalid_same_loginid_test" time="21.978" classname="Scenario_employee.Scenario_create">
    <failure type="org.openqa.selenium.NoSuchElementException" message="Unable to locate element: {&amp;quot;method&amp;quot;:&amp;quot;xpath&amp;quot;,&amp;quot;selector&amp;quot;:&amp;quot;//*[@id=&amp;apos;CM_Employee_Create_Form-p-1&amp;apos;]/div[1]/div/label&amp;quot;}
Command duration or timeout: 5.08 seconds
For documentation on this error, please visit: http://seleniumhq.org/exceptions/no_such_element.html
Build info: version: &amp;apos;2.44.0&amp;apos;, revision: &amp;apos;76d78cf323ce037c5f92db6c1bba601c2ac43ad8&amp;apos;, time: &amp;apos;2014-10-23 13:11:40&amp;apos;
System info: host: &amp;apos;DJ-PC&amp;apos;, ip: &amp;apos;192.168.30.1&amp;apos;, os.name: &amp;apos;Windows 7&amp;apos;, os.arch: &amp;apos;amd64&amp;apos;, os.version: &amp;apos;6.1&amp;apos;, java.version: &amp;apos;1.8.0_60&amp;apos;
Driver info: org.openqa.selenium.firefox.FirefoxDriver
Capabilities [{applicationCacheEnabled=true, rotatable=false, handlesAlerts=true, databaseEnabled=true, version=31.0, platform=WINDOWS, nativeEvents=true, acceptSslCerts=true, webStorageEnabled=true, locationContextEnabled=true, browserName=firefox, takesScreenshot=true, javascriptEnabled=true, cssSelectorsEnabled=true}]
Session ID: 8a5a60bc-63c9-4b0f-835b-d742780337e1">
      <![CDATA[org.openqa.selenium.NoSuchElementException: Unable to locate element: {"method":"xpath","selector":"//*[@id='CM_Employee_Create_Form-p-1']/div[1]/div/label"}
Command duration or timeout: 5.08 seconds
For documentation on this error, please visit: http://seleniumhq.org/exceptions/no_such_element.html
Build info: version: '2.44.0', revision: '76d78cf323ce037c5f92db6c1bba601c2ac43ad8', time: '2014-10-23 13:11:40'
System info: host: 'DJ-PC', ip: '192.168.30.1', os.name: 'Windows 7', os.arch: 'amd64', os.version: '6.1', java.version: '1.8.0_60'
Driver info: org.openqa.selenium.firefox.FirefoxDriver
Capabilities [{applicationCacheEnabled=true, rotatable=false, handlesAlerts=true, databaseEnabled=true, version=31.0, platform=WINDOWS, nativeEvents=true, acceptSslCerts=true, webStorageEnabled=true, locationContextEnabled=true, browserName=firefox, takesScreenshot=true, javascriptEnabled=true, cssSelectorsEnabled=true}]
Session ID: 8a5a60bc-63c9-4b0f-835b-d742780337e1
	at org.openqa.selenium.remote.ErrorHandler.createThrowable(ErrorHandler.java:204)
	at org.openqa.selenium.remote.ErrorHandler.throwIfResponseFailed(ErrorHandler.java:156)
	at org.openqa.selenium.remote.RemoteWebDriver.execute(RemoteWebDriver.java:599)
	at org.openqa.selenium.remote.RemoteWebDriver.findElement(RemoteWebDriver.java:352)
	at org.openqa.selenium.remote.RemoteWebDriver.findElementByXPath(RemoteWebDriver.java:449)
	at org.openqa.selenium.By$ByXPath.findElement(By.java:357)
	at org.openqa.selenium.remote.RemoteWebDriver.findElement(RemoteWebDriver.java:344)
	at org.openqa.selenium.support.pagefactory.DefaultElementLocator.findElement(DefaultElementLocator.java:59)
	at org.openqa.selenium.support.pagefactory.internal.LocatingElementHandler.invoke(LocatingElementHandler.java:37)
	at com.sun.proxy.$Proxy5.getText(Unknown Source)
	at PageObject_employee.Pageobject_create.Invalid_same_loginid_test(Pageobject_create.java:483)
	at Scenario_employee.Scenario_create.Invalid_same_loginid_test(Scenario_create.java:162)
Caused by: org.openqa.selenium.NoSuchElementException: Unable to locate element: {"method":"xpath","selector":"//*[@id='CM_Employee_Create_Form-p-1']/div[1]/div/label"}
For documentation on this error, please visit: http://seleniumhq.org/exceptions/no_such_element.html
Build info: version: '2.44.0', revision: '76d78cf323ce037c5f92db6c1bba601c2ac43ad8', time: '2014-10-23 13:11:40'
System info: host: 'DJ-PC', ip: '192.168.30.1', os.name: 'Windows 7', os.arch: 'amd64', os.version: '6.1', java.version: '1.8.0_60'
Driver info: driver.version: unknown
	at <anonymous class>.FirefoxDriver.prototype.findElementInternal_(file:///C:/Users/DJ/AppData/Local/Temp/anonymous1382986671740748713webdriver-profile/extensions/fxdriver@googlecode.com/components/driver-component.js:9641:133)
	at <anonymous class>.fxdriver.Timer.prototype.setTimeout/<.notify(file:///C:/Users/DJ/AppData/Local/Temp/anonymous1382986671740748713webdriver-profile/extensions/fxdriver@googlecode.com/components/driver-component.js:548:5)
... Removed 28 stack frames]]>
    </failure>
  </testcase> <!-- Invalid_same_loginid_test -->
  <testcase name="Valid_brnch_test" time="39.175" classname="Scenario_employee.Scenario_create"/>
  <testcase name="Invalid_empcode_test_blnk" time="18.399" classname="Scenario_employee.Scenario_edit"/>
  <testcase name="Invalid_firstname_test_blnk" time="16.292" classname="Scenario_employee.Scenario_edit"/>
  <testcase name="Invalid_login_id_test_blnk" time="18.137" classname="Scenario_employee.Scenario_edit"/>
  <testcase name="Valid_brnch_test" time="34.378" classname="Scenario_employee.Scenario_edit"/>
  <testcase name="dp_Invaliddel_blnk" time="15.615" classname="Scenario_employee.Scenario_del"/>
  <testcase name="test_valid_frstcountry_del" time="15.137" classname="Scenario_employee.Scenario_del"/>
  <testcase name="test_valid_mul_del" time="17.723" classname="Scenario_employee.Scenario_del"/>
  <testcase name="Invalid_desigcode_test" time="15.671" classname="Scenario_Employ_desig.Scenario_create"/>
  <testcase name="Invalid_desigcode_test_blnk" time="16.019" classname="Scenario_Employ_desig.Scenario_create"/>
  <testcase name="Invalid_designame_test" time="15.91" classname="Scenario_Employ_desig.Scenario_create"/>
  <testcase name="Valid_region_test" time="22.534" classname="Scenario_Employ_desig.Scenario_create"/>
  <testcase name="test_Validcriti" time="16.507" classname="Scenario_Employ_desig.Scenario_create"/>
  <testcase name="Invalid_desigcode_test" time="16.141" classname="Scenario_Employ_desig.Scenario_edit"/>
  <testcase name="Invalid_desigcode_test_blnk" time="15.761" classname="Scenario_Employ_desig.Scenario_edit"/>
  <testcase name="Invalid_designame_test" time="15.368" classname="Scenario_Employ_desig.Scenario_edit"/>
  <testcase name="Valid_region_test" time="20.391" classname="Scenario_Employ_desig.Scenario_edit"/>
  <testcase name="test_Validcriti" time="15.522" classname="Scenario_Employ_desig.Scenario_edit"/>
  <testcase name="test_Invalid_delemploy_desig_blnk" time="14.65" classname="Scenario_Employ_desig.Scenario_del"/>
  <testcase name="test_valid_frstemploy_desig_del" time="15.597" classname="Scenario_Employ_desig.Scenario_del"/>
  <testcase name="test_valid_mul_del" time="18.84" classname="Scenario_Employ_desig.Scenario_del"/>
  <testcase name="Invalid_desigcode_test_blnk" time="16.925" classname="Scenario_Employ_grade.Scenario_create">
    <failure type="java.lang.AssertionError" message="The following asserts failed:
null, Failed as Expected msg was Grade Code can not be emptyActual msg was   Grade Name already exists!">
      <![CDATA[java.lang.AssertionError: The following asserts failed:
null, Failed as Expected msg was Grade Code can not be emptyActual msg was   Grade Name already exists!
	at Scenario_Employ_grade.Scenario_create.Invalid_desigcode_test_blnk(Scenario_create.java:68)
... Removed 25 stack frames]]>
    </failure>
  </testcase> <!-- Invalid_desigcode_test_blnk -->
  <testcase name="Invalid_designame_test" time="16.466" classname="Scenario_Employ_grade.Scenario_create">
    <failure type="java.lang.AssertionError" message="The following asserts failed:
null, Failed as Expected msg was Grade Code can not be emptyActual msg was   Grade Name already exists!">
      <![CDATA[java.lang.AssertionError: The following asserts failed:
null, Failed as Expected msg was Grade Code can not be emptyActual msg was   Grade Name already exists!
	at Scenario_Employ_grade.Scenario_create.Invalid_designame_test(Scenario_create.java:95)
... Removed 25 stack frames]]>
    </failure>
  </testcase> <!-- Invalid_designame_test -->
  <testcase name="Invalid_gradecode_test" time="16.151" classname="Scenario_Employ_grade.Scenario_create">
    <failure type="java.lang.AssertionError" message="The following asserts failed:
null, Failed as Expected msg was Grade Code can not be emptyActual msg was   Grade Name already exists!, null, Failed as Expected msg was Grade Code already exists!Actual msg was   Grade Name already exists!">
      <![CDATA[java.lang.AssertionError: The following asserts failed:
null, Failed as Expected msg was Grade Code can not be emptyActual msg was   Grade Name already exists!, null, Failed as Expected msg was Grade Code already exists!Actual msg was   Grade Name already exists!
	at Scenario_Employ_grade.Scenario_create.Invalid_gradecode_test(Scenario_create.java:122)
... Removed 25 stack frames]]>
    </failure>
  </testcase> <!-- Invalid_gradecode_test -->
  <testcase name="Valid_grade_test" time="29.214" classname="Scenario_Employ_grade.Scenario_create">
    <failure type="org.openqa.selenium.NoSuchElementException" message="Unable to locate element: {&amp;quot;method&amp;quot;:&amp;quot;xpath&amp;quot;,&amp;quot;selector&amp;quot;:&amp;quot;//*[@id=&amp;apos;GradeTableContainer&amp;apos;]/div/table/tbody/tr[1]/td[2]&amp;quot;}
Command duration or timeout: 10.07 seconds
For documentation on this error, please visit: http://seleniumhq.org/exceptions/no_such_element.html
Build info: version: &amp;apos;2.44.0&amp;apos;, revision: &amp;apos;76d78cf323ce037c5f92db6c1bba601c2ac43ad8&amp;apos;, time: &amp;apos;2014-10-23 13:11:40&amp;apos;
System info: host: &amp;apos;DJ-PC&amp;apos;, ip: &amp;apos;192.168.30.1&amp;apos;, os.name: &amp;apos;Windows 7&amp;apos;, os.arch: &amp;apos;amd64&amp;apos;, os.version: &amp;apos;6.1&amp;apos;, java.version: &amp;apos;1.8.0_60&amp;apos;
Driver info: org.openqa.selenium.firefox.FirefoxDriver
Capabilities [{applicationCacheEnabled=true, rotatable=false, handlesAlerts=true, databaseEnabled=true, version=31.0, platform=WINDOWS, nativeEvents=true, acceptSslCerts=true, webStorageEnabled=true, locationContextEnabled=true, browserName=firefox, takesScreenshot=true, javascriptEnabled=true, cssSelectorsEnabled=true}]
Session ID: e802baf4-c41d-4fc2-93ff-f5756fa46d10">
      <![CDATA[org.openqa.selenium.NoSuchElementException: Unable to locate element: {"method":"xpath","selector":"//*[@id='GradeTableContainer']/div/table/tbody/tr[1]/td[2]"}
Command duration or timeout: 10.07 seconds
For documentation on this error, please visit: http://seleniumhq.org/exceptions/no_such_element.html
Build info: version: '2.44.0', revision: '76d78cf323ce037c5f92db6c1bba601c2ac43ad8', time: '2014-10-23 13:11:40'
System info: host: 'DJ-PC', ip: '192.168.30.1', os.name: 'Windows 7', os.arch: 'amd64', os.version: '6.1', java.version: '1.8.0_60'
Driver info: org.openqa.selenium.firefox.FirefoxDriver
Capabilities [{applicationCacheEnabled=true, rotatable=false, handlesAlerts=true, databaseEnabled=true, version=31.0, platform=WINDOWS, nativeEvents=true, acceptSslCerts=true, webStorageEnabled=true, locationContextEnabled=true, browserName=firefox, takesScreenshot=true, javascriptEnabled=true, cssSelectorsEnabled=true}]
Session ID: e802baf4-c41d-4fc2-93ff-f5756fa46d10
	at org.openqa.selenium.remote.ErrorHandler.createThrowable(ErrorHandler.java:204)
	at org.openqa.selenium.remote.ErrorHandler.throwIfResponseFailed(ErrorHandler.java:156)
	at org.openqa.selenium.remote.RemoteWebDriver.execute(RemoteWebDriver.java:599)
	at org.openqa.selenium.remote.RemoteWebDriver.findElement(RemoteWebDriver.java:352)
	at org.openqa.selenium.remote.RemoteWebDriver.findElementByXPath(RemoteWebDriver.java:449)
	at org.openqa.selenium.By$ByXPath.findElement(By.java:357)
	at org.openqa.selenium.remote.RemoteWebDriver.findElement(RemoteWebDriver.java:344)
	at org.openqa.selenium.support.pagefactory.DefaultElementLocator.findElement(DefaultElementLocator.java:59)
	at org.openqa.selenium.support.pagefactory.internal.LocatingElementHandler.invoke(LocatingElementHandler.java:37)
	at com.sun.proxy.$Proxy5.getText(Unknown Source)
	at Pageobject_Employ_grade.Pageobject_create.Valid_grade_test(Pageobject_create.java:169)
	at Scenario_Employ_grade.Scenario_create.Valid_grade_test(Scenario_create.java:136)
Caused by: org.openqa.selenium.NoSuchElementException: Unable to locate element: {"method":"xpath","selector":"//*[@id='GradeTableContainer']/div/table/tbody/tr[1]/td[2]"}
For documentation on this error, please visit: http://seleniumhq.org/exceptions/no_such_element.html
Build info: version: '2.44.0', revision: '76d78cf323ce037c5f92db6c1bba601c2ac43ad8', time: '2014-10-23 13:11:40'
System info: host: 'DJ-PC', ip: '192.168.30.1', os.name: 'Windows 7', os.arch: 'amd64', os.version: '6.1', java.version: '1.8.0_60'
Driver info: driver.version: unknown
	at <anonymous class>.FirefoxDriver.prototype.findElementInternal_(file:///C:/Users/DJ/AppData/Local/Temp/anonymous8238463954561850292webdriver-profile/extensions/fxdriver@googlecode.com/components/driver-component.js:9641:133)
	at <anonymous class>.fxdriver.Timer.prototype.setTimeout/<.notify(file:///C:/Users/DJ/AppData/Local/Temp/anonymous8238463954561850292webdriver-profile/extensions/fxdriver@googlecode.com/components/driver-component.js:548:5)
... Removed 28 stack frames]]>
    </failure>
  </testcase> <!-- Valid_grade_test -->
  <testcase name="test_Validcriti" time="18.479" classname="Scenario_Employ_grade.Scenario_create">
    <failure type="java.lang.AssertionError" message="The following asserts failed:
null, Failed as Expected msg was Grade Code can not be emptyActual msg was   Grade Name already exists!, null, Failed as Expected msg was Grade Code already exists!Actual msg was   Grade Name already exists!">
      <![CDATA[java.lang.AssertionError: The following asserts failed:
null, Failed as Expected msg was Grade Code can not be emptyActual msg was   Grade Name already exists!, null, Failed as Expected msg was Grade Code already exists!Actual msg was   Grade Name already exists!
	at Scenario_Employ_grade.Scenario_create.test_Validcriti(Scenario_create.java:40)
... Removed 25 stack frames]]>
    </failure>
  </testcase> <!-- test_Validcriti -->
  <testcase name="Invalid_desigcode_test" time="17.574" classname="Scenario_Employ_grade.Scenario_edit"/>
  <testcase name="Invalid_desigcode_test_blnk" time="17.135" classname="Scenario_Employ_grade.Scenario_edit"/>
  <testcase name="Invalid_designame_test" time="15.772" classname="Scenario_Employ_grade.Scenario_edit"/>
  <testcase name="Valid_region_test" time="20.303" classname="Scenario_Employ_grade.Scenario_edit"/>
  <testcase name="test_Validcriti" time="16.78" classname="Scenario_Employ_grade.Scenario_edit"/>
  <testcase name="test_Invalid_delemploy_desig_blnk" time="15.677" classname="Scenario_Employ_grade.Scenario_del"/>
  <testcase name="test_valid_frstemploy_desig_del" time="15.813" classname="Scenario_Employ_grade.Scenario_del"/>
  <testcase name="test_valid_mul_del" time="19.216" classname="Scenario_Employ_grade.Scenario_del"/>
  <testcase name="Invalid_departname_test" time="17.134" classname="Scenario_Employ_depart.Scenario_create"/>
  <testcase name="Valid_depart_test" time="24.411" classname="Scenario_Employ_depart.Scenario_create"/>
  <testcase name="test_Validdepart" time="16.925" classname="Scenario_Employ_depart.Scenario_create"/>
  <testcase name="Invalid_departname_test" time="16.815" classname="Scenario_Employ_depart.Scenario_edit"/>
  <testcase name="Invalid_departname_test_blnk" time="17.655" classname="Scenario_Employ_depart.Scenario_edit"/>
  <testcase name="Valid_depart_test" time="24.796" classname="Scenario_Employ_depart.Scenario_edit"/>
  <testcase name="test_Invalid_delemploy_desig_blnk" time="18.643" classname="Scenario_Employ_depart.Scenario_del"/>
  <testcase name="test_valid_frstemploy_desig_del" time="15.379" classname="Scenario_Employ_depart.Scenario_del"/>
  <testcase name="test_valid_mul_del" time="19.818" classname="Scenario_Employ_depart.Scenario_del"/>
  <testcase name="test_Invalidcerti" time="16.721" classname="Scenario_Employ_certi.Scenario_create"/>
  <testcase name="test_Invalidcerti_blnk" time="15.605" classname="Scenario_Employ_certi.Scenario_create"/>
  <testcase name="test_Validcerti" time="20.439" classname="Scenario_Employ_certi.Scenario_create"/>
  <testcase name="test_Invalidcerti" time="18.428" classname="Scenario_Employ_certi.Scenario_edit"/>
  <testcase name="test_Invalidcerti_blnk" time="16.411" classname="Scenario_Employ_certi.Scenario_edit"/>
  <testcase name="test_Validcerti" time="22.531" classname="Scenario_Employ_certi.Scenario_edit"/>
  <testcase name="test_Invalid_delemploy_desig_blnk" time="16.254" classname="Scenario_Employ_certi.Scenario_del"/>
  <testcase name="test_valid_frstemploy_desig_del" time="17.297" classname="Scenario_Employ_certi.Scenario_del"/>
  <testcase name="test_valid_mul_del" time="17.774" classname="Scenario_Employ_certi.Scenario_del"/>
  <testcase name="test_Invalidqual" time="19.976" classname="Scenario_Employ_qual.Scenario_create"/>
  <testcase name="test_Invalidqual_blnk" time="17.857" classname="Scenario_Employ_qual.Scenario_create"/>
  <testcase name="test_Validqual" time="21.437" classname="Scenario_Employ_qual.Scenario_create"/>
  <testcase name="test_Invalidqual" time="17.123" classname="Scenario_Employ_qual.Scenario_edit"/>
  <testcase name="test_Invalidqual_blnk" time="16.854" classname="Scenario_Employ_qual.Scenario_edit"/>
  <testcase name="test_Validqual" time="20.348" classname="Scenario_Employ_qual.Scenario_edit"/>
  <testcase name="test_Invalid_delemploy_qual_blnk" time="15.109" classname="Scenario_Employ_qual.Scenario_del"/>
  <testcase name="test_valid_frstemploy_qual_del" time="17.086" classname="Scenario_Employ_qual.Scenario_del"/>
  <testcase name="test_valid_mul_del" time="20.296" classname="Scenario_Employ_qual.Scenario_del"/>
  <testcase name="test_Invalidskill" time="15.851" classname="Scenario_Employ_skill.Scenario_create"/>
  <testcase name="test_Invalidskill_blnk" time="15.811" classname="Scenario_Employ_skill.Scenario_create"/>
  <testcase name="test_Validskill" time="20.394" classname="Scenario_Employ_skill.Scenario_create"/>
  <testcase name="test_Invalidskill" time="16.912" classname="Scenario_Employ_skill.Scenario_edit"/>
  <testcase name="test_Invalidskill_blnk" time="15.92" classname="Scenario_Employ_skill.Scenario_edit"/>
  <testcase name="test_Validskill" time="21.109" classname="Scenario_Employ_skill.Scenario_edit"/>
  <testcase name="test_Invalid_delskill_desig_blnk" time="15.651" classname="Scenario_Employ_skill.Scenario_del"/>
  <testcase name="test_valid_frstskill_desig_del" time="16.734" classname="Scenario_Employ_skill.Scenario_del"/>
  <testcase name="test_valid_mul_del" time="19.503" classname="Scenario_Employ_skill.Scenario_del"/>
</testsuite> <!-- Test -->
