<!DOCTYPE html PUBLIC "-//W3C//DTD XHTML 1.1//EN" "http://www.w3.org/TR/xhtml11/DTD/xhtml11.dtd">
<html xmlns="http://www.w3.org/1999/xhtml"><head><title>TestNG Report</title><style type="text/css">table {margin-bottom:10px;border-collapse:collapse;empty-cells:show}th,td {border:1px solid #009;padding:.25em .5em}th {vertical-align:bottom}td {vertical-align:top}table a {font-weight:bold}.stripe td {background-color: #E6EBF9}.num {text-align:right}.passedodd td {background-color: #3F3}.passedeven td {background-color: #0A0}.skippedodd td {background-color: #DDD}.skippedeven td {background-color: #CCC}.failedodd td,.attn {background-color: #F33}.failedeven td,.stripe .attn {background-color: #D00}.stacktrace {white-space:pre;font-family:monospace}.totop {font-size:85%;text-align:center;border-bottom:2px solid #000}</style></head><body><table><tr><th>Test</th><th># Passed</th><th># Skipped</th><th># Failed</th><th>Time (ms)</th><th>Included Groups</th><th>Excluded Groups</th></tr><tr><th colspan="7">Suite</th></tr><tr><td><a href="#t0">Test</a></td><td class="num">4</td><td class="num">0</td><td class="num attn">5</td><td class="num">109,025</td><td></td><td></td></tr></table><table><thead><tr><th>Class</th><th>Method</th><th>Start</th><th>Time (ms)</th></tr></thead><tbody><tr><th colspan="4">Suite</th></tr></tbody><tbody id="t0"><tr><th colspan="4">Test &#8212; failed</th></tr><tr class="failedeven"><td rowspan="3">Scenario_invoice.Scenario_del</td><td><a href="#m0">test_Invalid_delinvoice_blnk</a></td><td rowspan="1">1454408703360</td><td rowspan="1">0</td></tr><tr class="failedeven"><td><a href="#m1">test_valid_frstinvoice_del</a></td><td rowspan="1">1454408703610</td><td rowspan="1">0</td></tr><tr class="failedeven"><td><a href="#m2">test_valid_mul_del</a></td><td rowspan="1">1454408703743</td><td rowspan="1">0</td></tr><tr class="failedodd"><td rowspan="2">Scenario_invoice.Scenario_edit</td><td><a href="#m3">test_Invalidcriti</a></td><td rowspan="1">1454408663628</td><td rowspan="1">10418</td></tr><tr class="failedodd"><td><a href="#m4">test_Validcriti</a></td><td rowspan="1">1454408692352</td><td rowspan="1">10846</td></tr><tr><th colspan="4">Test &#8212; passed</th></tr><tr class="passedeven"><td rowspan="3">Scenario_invoice.Scenario_create</td><td><a href="#m5">test_Invalidcriti_blnk</a></td><td rowspan="1">1454408595816</td><td rowspan="1">20584</td></tr><tr class="passedeven"><td><a href="#m6">test_Invalidinvoice</a></td><td rowspan="1">1454408616942</td><td rowspan="1">18992</td></tr><tr class="passedeven"><td><a href="#m7">test_Validcriti</a></td><td rowspan="1">1454408636406</td><td rowspan="1">27062</td></tr><tr class="passedodd"><td rowspan="1">Scenario_invoice.Scenario_edit</td><td><a href="#m8">test_Invalidcriti_blnk</a></td><td rowspan="1">1454408674246</td><td rowspan="1">17894</td></tr></tbody></table><h2>Test</h2><h3 id="m0">Scenario_invoice.Scenario_del#test_Invalid_delinvoice_blnk</h3><table class="result"><tr><th>Exception</th></tr><tr><td><div class="stacktrace">java.lang.RuntimeException: java.lang.NullPointerException
Caused by: java.lang.NullPointerException
	at Generic_component.ExcelReadWrite.Readvalue(Unknown Source)
	at Generic_component.ExcelReadWrite.Readvalue(Unknown Source)
	at Dataprovider_invoice.DataProvider_del.flagRowcount(Unknown Source)
	at Dataprovider_invoice.DataProvider_del.Invalidedit_blnkData(Unknown Source)
	... 19 more
... Removed 26 stack frames</div></td></tr></table><p class="totop"><a href="#summary">back to summary</a></p><h3 id="m1">Scenario_invoice.Scenario_del#test_valid_frstinvoice_del</h3><table class="result"><tr><th>Exception</th></tr><tr><td><div class="stacktrace">java.lang.RuntimeException: java.lang.NullPointerException
Caused by: java.lang.NullPointerException
	at Generic_component.ExcelReadWrite.Readvalue(Unknown Source)
	at Generic_component.ExcelReadWrite.Readvalue(Unknown Source)
	at Dataprovider_invoice.DataProvider_del.flagRowcount(Unknown Source)
	at Dataprovider_invoice.DataProvider_del.Invalideditdata(Unknown Source)
	... 19 more
... Removed 26 stack frames</div></td></tr></table><p class="totop"><a href="#summary">back to summary</a></p><h3 id="m2">Scenario_invoice.Scenario_del#test_valid_mul_del</h3><table class="result"><tr><th>Exception</th></tr><tr><td><div class="stacktrace">java.lang.RuntimeException: java.lang.NullPointerException
Caused by: java.lang.NullPointerException
	at Generic_component.ExcelReadWrite.Readvalue(Unknown Source)
	at Generic_component.ExcelReadWrite.Readvalue(Unknown Source)
	at Dataprovider_invoice.DataProvider_del.flagRowcount(Unknown Source)
	at Dataprovider_invoice.DataProvider_del.ValideditData(Unknown Source)
	... 19 more
... Removed 26 stack frames</div></td></tr></table><p class="totop"><a href="#summary">back to summary</a></p><h3 id="m3">Scenario_invoice.Scenario_edit#test_Invalidcriti</h3><table class="result"><tr class="param"><th>Parameter #1</th><th>Parameter #2</th><th>Parameter #3</th><th>Parameter #4</th><th>Parameter #5</th></tr><tr class="param stripe"><td>RW_23</td><td>1.0</td><td>Full Payment</td><td>Full Payment</td><td>&apos;Full Payment&apos;  Invoice Name already exists!</td></tr><tr><th colspan="5">Exception</th></tr><tr><td colspan="5"><div class="stacktrace">org.openqa.selenium.interactions.MoveTargetOutOfBoundsException: Element cannot be scrolled into view:[object XrayWrapper [object HTMLSpanElement]]
Command duration or timeout: 30 milliseconds
Build info: version: &apos;2.44.0&apos;, revision: &apos;76d78cf323ce037c5f92db6c1bba601c2ac43ad8&apos;, time: &apos;2014-10-23 13:11:40&apos;
System info: host: &apos;DJ-PC&apos;, ip: &apos;192.168.30.1&apos;, os.name: &apos;Windows 7&apos;, os.arch: &apos;amd64&apos;, os.version: &apos;6.1&apos;, java.version: &apos;1.8.0_60&apos;
Driver info: org.openqa.selenium.firefox.FirefoxDriver
Capabilities [{applicationCacheEnabled=true, rotatable=false, handlesAlerts=true, databaseEnabled=true, version=31.0, platform=WINDOWS, nativeEvents=true, acceptSslCerts=true, webStorageEnabled=true, locationContextEnabled=true, browserName=firefox, takesScreenshot=true, javascriptEnabled=true, cssSelectorsEnabled=true}]
Session ID: 2d83967f-cb5f-4529-9c34-4873b91ad40c
	at org.openqa.selenium.remote.ErrorHandler.createThrowable(ErrorHandler.java:204)
	at org.openqa.selenium.remote.ErrorHandler.throwIfResponseFailed(ErrorHandler.java:156)
	at org.openqa.selenium.remote.RemoteWebDriver.execute(RemoteWebDriver.java:599)
	at org.openqa.selenium.remote.RemoteWebElement.execute(RemoteWebElement.java:268)
	at org.openqa.selenium.remote.RemoteWebElement.click(RemoteWebElement.java:79)
	at org.openqa.selenium.support.pagefactory.internal.LocatingElementHandler.invoke(LocatingElementHandler.java:50)
	at com.sun.proxy.$Proxy5.click(Unknown Source)
	at PageObject_invoice.Pageobject_edit.click_invoice(Unknown Source)
	at PageObject_invoice.Pageobject_edit.Commonprocessinvoice(Unknown Source)
	at Scenario_invoice.Scenario_edit.test_Invalidcriti(Unknown Source)
Caused by: org.openqa.selenium.interactions.MoveTargetOutOfBoundsException: Element cannot be scrolled into view:[object XrayWrapper [object HTMLSpanElement]]
Build info: version: &apos;2.44.0&apos;, revision: &apos;76d78cf323ce037c5f92db6c1bba601c2ac43ad8&apos;, time: &apos;2014-10-23 13:11:40&apos;
System info: host: &apos;DJ-PC&apos;, ip: &apos;192.168.30.1&apos;, os.name: &apos;Windows 7&apos;, os.arch: &apos;amd64&apos;, os.version: &apos;6.1&apos;, java.version: &apos;1.8.0_60&apos;
Driver info: driver.version: unknown
	at &lt;anonymous class&gt;.WebElement.clickElement(file:///C:/Users/DJ/AppData/Local/Temp/anonymous2469378168449764249webdriver-profile/extensions/fxdriver@googlecode.com/components/command-processor.js:11036:7)
	at &lt;anonymous class&gt;.DelayedCommand.prototype.executeInternal_/h(file:///C:/Users/DJ/AppData/Local/Temp/anonymous2469378168449764249webdriver-profile/extensions/fxdriver@googlecode.com/components/command-processor.js:11635:16)
	at &lt;anonymous class&gt;.DelayedCommand.prototype.executeInternal_(file:///C:/Users/DJ/AppData/Local/Temp/anonymous2469378168449764249webdriver-profile/extensions/fxdriver@googlecode.com/components/command-processor.js:11640:7)
	at &lt;anonymous class&gt;.DelayedCommand.prototype.execute/&lt;(file:///C:/Users/DJ/AppData/Local/Temp/anonymous2469378168449764249webdriver-profile/extensions/fxdriver@googlecode.com/components/command-processor.js:11582:5)
... Removed 30 stack frames</div></td></tr></table><p class="totop"><a href="#summary">back to summary</a></p><h3 id="m4">Scenario_invoice.Scenario_edit#test_Validcriti</h3><table class="result"><tr class="param"><th>Parameter #1</th><th>Parameter #2</th><th>Parameter #3</th><th>Parameter #4</th><th>Parameter #5</th></tr><tr class="param stripe"><td>RW_24</td><td>1.0</td><td>Advance Payment</td><td>Advance Payment</td><td>Advance Payment</td></tr><tr><th colspan="5">Exception</th></tr><tr><td colspan="5"><div class="stacktrace">org.openqa.selenium.interactions.MoveTargetOutOfBoundsException: Element cannot be scrolled into view:[object XrayWrapper [object HTMLSpanElement]]
Command duration or timeout: 60 milliseconds
Build info: version: &apos;2.44.0&apos;, revision: &apos;76d78cf323ce037c5f92db6c1bba601c2ac43ad8&apos;, time: &apos;2014-10-23 13:11:40&apos;
System info: host: &apos;DJ-PC&apos;, ip: &apos;192.168.30.1&apos;, os.name: &apos;Windows 7&apos;, os.arch: &apos;amd64&apos;, os.version: &apos;6.1&apos;, java.version: &apos;1.8.0_60&apos;
Driver info: org.openqa.selenium.firefox.FirefoxDriver
Capabilities [{applicationCacheEnabled=true, rotatable=false, handlesAlerts=true, databaseEnabled=true, version=31.0, platform=WINDOWS, nativeEvents=true, acceptSslCerts=true, webStorageEnabled=true, locationContextEnabled=true, browserName=firefox, takesScreenshot=true, javascriptEnabled=true, cssSelectorsEnabled=true}]
Session ID: 3741fd0b-96e3-4e17-bb4a-15e93a4811da
	at org.openqa.selenium.remote.ErrorHandler.createThrowable(ErrorHandler.java:204)
	at org.openqa.selenium.remote.ErrorHandler.throwIfResponseFailed(ErrorHandler.java:156)
	at org.openqa.selenium.remote.RemoteWebDriver.execute(RemoteWebDriver.java:599)
	at org.openqa.selenium.remote.RemoteWebElement.execute(RemoteWebElement.java:268)
	at org.openqa.selenium.remote.RemoteWebElement.click(RemoteWebElement.java:79)
	at org.openqa.selenium.support.pagefactory.internal.LocatingElementHandler.invoke(LocatingElementHandler.java:50)
	at com.sun.proxy.$Proxy5.click(Unknown Source)
	at PageObject_invoice.Pageobject_edit.click_invoice(Unknown Source)
	at PageObject_invoice.Pageobject_edit.Commonprocessinvoice(Unknown Source)
	at Scenario_invoice.Scenario_edit.test_Validcriti(Unknown Source)
Caused by: org.openqa.selenium.interactions.MoveTargetOutOfBoundsException: Element cannot be scrolled into view:[object XrayWrapper [object HTMLSpanElement]]
Build info: version: &apos;2.44.0&apos;, revision: &apos;76d78cf323ce037c5f92db6c1bba601c2ac43ad8&apos;, time: &apos;2014-10-23 13:11:40&apos;
System info: host: &apos;DJ-PC&apos;, ip: &apos;192.168.30.1&apos;, os.name: &apos;Windows 7&apos;, os.arch: &apos;amd64&apos;, os.version: &apos;6.1&apos;, java.version: &apos;1.8.0_60&apos;
Driver info: driver.version: unknown
	at &lt;anonymous class&gt;.WebElement.clickElement(file:///C:/Users/DJ/AppData/Local/Temp/anonymous4252179031492529108webdriver-profile/extensions/fxdriver@googlecode.com/components/command-processor.js:11036:7)
	at &lt;anonymous class&gt;.DelayedCommand.prototype.executeInternal_/h(file:///C:/Users/DJ/AppData/Local/Temp/anonymous4252179031492529108webdriver-profile/extensions/fxdriver@googlecode.com/components/command-processor.js:11635:16)
	at &lt;anonymous class&gt;.DelayedCommand.prototype.executeInternal_(file:///C:/Users/DJ/AppData/Local/Temp/anonymous4252179031492529108webdriver-profile/extensions/fxdriver@googlecode.com/components/command-processor.js:11640:7)
	at &lt;anonymous class&gt;.DelayedCommand.prototype.execute/&lt;(file:///C:/Users/DJ/AppData/Local/Temp/anonymous4252179031492529108webdriver-profile/extensions/fxdriver@googlecode.com/components/command-processor.js:11582:5)
... Removed 30 stack frames</div></td></tr></table><p class="totop"><a href="#summary">back to summary</a></p><h3 id="m5">Scenario_invoice.Scenario_create#test_Invalidcriti_blnk</h3><table class="result"><tr class="param"><th>Parameter #1</th><th>Parameter #2</th><th>Parameter #3</th><th>Parameter #4</th><th>Parameter #5</th></tr><tr class="param stripe"><td>RW_19</td><td>1.0</td><td></td><td>Part Payment</td><td>Invoice Type Name can not be empty.</td></tr></table><p class="totop"><a href="#summary">back to summary</a></p><h3 id="m6">Scenario_invoice.Scenario_create#test_Invalidinvoice</h3><table class="result"><tr class="param"><th>Parameter #1</th><th>Parameter #2</th><th>Parameter #3</th><th>Parameter #4</th><th>Parameter #5</th></tr><tr class="param stripe"><td>RW_20</td><td>1.0</td><td>Full Payment</td><td>Full Payment</td><td>&apos;Full Payment&apos;  Invoice Type Name already exists!</td></tr></table><p class="totop"><a href="#summary">back to summary</a></p><h3 id="m7">Scenario_invoice.Scenario_create#test_Validcriti</h3><table class="result"><tr class="param"><th>Parameter #1</th><th>Parameter #2</th><th>Parameter #3</th><th>Parameter #4</th><th>Parameter #5</th></tr><tr class="param stripe"><td>RW_21</td><td>1.0</td><td>Part Payment</td><td>Part Payment</td><td>Part Payment</td></tr></table><p class="totop"><a href="#summary">back to summary</a></p><h3 id="m8">Scenario_invoice.Scenario_edit#test_Invalidcriti_blnk</h3><table class="result"><tr class="param"><th>Parameter #1</th><th>Parameter #2</th><th>Parameter #3</th><th>Parameter #4</th><th>Parameter #5</th></tr><tr class="param stripe"><td>RW_22</td><td>1.0</td><td></td><td>Advance Payment</td><td>Invoice Type Name can not be empty.</td></tr></table><p class="totop"><a href="#summary">back to summary</a></p></body></html>